============================= test session starts ==============================
platform linux -- Python 3.12.3, pytest-9.0.2, pluggy-1.6.0 -- /mnt/c/CustomScripts/KirbyMax/workshop/exhal-master/spritepal/.venv/bin/python3
cachedir: .pytest_cache
PySide6 6.10.1 -- Qt runtime 6.10.1 -- Qt compiled 6.10.1
rootdir: /mnt/c/CustomScripts/KirbyMax/workshop/exhal-master/spritepal
configfile: pyproject.toml
testpaths: tests
plugins: mock-3.15.1, qt-4.5.0, timeout-2.4.0, xdist-3.8.0
timeout: 30.0s
timeout method: thread
timeout func_only: False
created: 8/8 workers
8 workers [3862 items]

scheduling tests via LoadScheduling

tests/ui/components/test_thumbnail_cache.py::TestThumbnailCache::test_cache_clear 
tests/ui/frame_mapping/test_workspace_logic_helper.py::TestSelectionHelpers::test_update_map_button_state_enables_when_both_selected 
tests/integration/test_dialog_real_integration.py::TestDialogInitialization::test_settings_dialog_real 
tests/integration/test_memory_leak_detection.py::TestQImageQPixmapMemoryManagement::test_qimage_copy_cleanup 
tests/integration/test_sprite_gallery_integration.py::TestDetachedGalleryWindow::test_detached_window_signals 
tests/ui/components/test_paged_tile_view_dialog.py::TestPagedTileViewDialog::test_set_palette 
tests/infrastructure/test_thread_safe_test_image.py::TestThreadSafeTestImageBasic::test_create_default_image 
tests/ui/components/test_file_selector.py::TestFileSelectorInit::test_init_default 
[gw0] [  0%] PASSED tests/infrastructure/test_thread_safe_test_image.py::TestThreadSafeTestImageBasic::test_create_default_image 
[gw6] [  0%] PASSED tests/ui/components/test_thumbnail_cache.py::TestThumbnailCache::test_cache_clear 
[gw7] [  0%] PASSED tests/ui/frame_mapping/test_workspace_logic_helper.py::TestSelectionHelpers::test_update_map_button_state_enables_when_both_selected 
tests/infrastructure/test_thread_safe_test_image.py::TestThreadSafeTestImageBasic::test_create_custom_size_image 
[gw0] [  0%] PASSED tests/infrastructure/test_thread_safe_test_image.py::TestThreadSafeTestImageBasic::test_create_custom_size_image 
tests/ui/components/test_thumbnail_cache.py::TestThumbnailCache::test_cache_stats 
tests/ui/frame_mapping/test_workspace_logic_helper.py::TestSelectionHelpers::test_update_map_button_state_disables_when_ai_not_selected 
[gw6] [  0%] PASSED tests/ui/components/test_thumbnail_cache.py::TestThumbnailCache::test_cache_stats 
tests/infrastructure/test_thread_safe_test_image.py::TestThreadSafeTestImageBasic::test_invalid_dimensions_raises_error 
[gw0] [  0%] PASSED tests/infrastructure/test_thread_safe_test_image.py::TestThreadSafeTestImageBasic::test_invalid_dimensions_raises_error 
[gw7] [  0%] PASSED tests/ui/frame_mapping/test_workspace_logic_helper.py::TestSelectionHelpers::test_update_map_button_state_disables_when_ai_not_selected 
tests/ui/components/test_thumbnail_cache.py::TestThumbnailCache::test_image_size_calculation 
tests/infrastructure/test_thread_safe_test_image.py::TestThreadSafeTestImageBasic::test_fill_with_color 
tests/ui/frame_mapping/test_workspace_logic_helper.py::TestSelectionHelpers::test_update_map_button_state_disables_when_ai_frame_filtered 
[gw0] [  0%] PASSED tests/infrastructure/test_thread_safe_test_image.py::TestThreadSafeTestImageBasic::test_fill_with_color 
[gw6] [  0%] PASSED tests/ui/components/test_thumbnail_cache.py::TestThumbnailCache::test_image_size_calculation 
[gw7] [  0%] PASSED tests/ui/frame_mapping/test_workspace_logic_helper.py::TestSelectionHelpers::test_update_map_button_state_disables_when_ai_frame_filtered 
tests/infrastructure/test_thread_safe_test_image.py::TestThreadSafeTestImageBasic::test_fill_with_none_uses_white 
[gw0] [  0%] PASSED tests/infrastructure/test_thread_safe_test_image.py::TestThreadSafeTestImageBasic::test_fill_with_none_uses_white 
tests/ui/frame_mapping/test_workspace_logic_helper.py::TestSelectionHelpers::test_update_map_button_state_enables_when_ai_frame_visible 
tests/ui/frame_mapping/controllers/test_color_mapping_report.py::TestColorMappingReport::test_controller_has_color_mapping_report_signal 
[gw7] [  0%] PASSED tests/ui/frame_mapping/test_workspace_logic_helper.py::TestSelectionHelpers::test_update_map_button_state_enables_when_ai_frame_visible 
tests/infrastructure/test_thread_safe_test_image.py::TestThreadSafeTestImageBasic::test_to_image_returns_qimage 
[gw0] [  0%] PASSED tests/infrastructure/test_thread_safe_test_image.py::TestThreadSafeTestImageBasic::test_to_image_returns_qimage 
tests/ui/frame_mapping/test_workspace_logic_helper.py::TestRefreshHelpers::test_refresh_mapping_status_updates_pane 
tests/infrastructure/test_thread_safe_test_image.py::TestThreadSafeTestImageBasic::test_string_representations 
[gw7] [  0%] PASSED tests/ui/frame_mapping/test_workspace_logic_helper.py::TestRefreshHelpers::test_refresh_mapping_status_updates_pane 
[gw0] [  0%] PASSED tests/infrastructure/test_thread_safe_test_image.py::TestThreadSafeTestImageBasic::test_string_representations 
tests/infrastructure/test_thread_safe_test_image.py::TestThreadSafeTestImageThreadSafety::test_create_in_multiple_threads 
tests/ui/frame_mapping/test_workspace_logic_helper.py::TestRefreshHelpers::test_refresh_mapping_status_clears_when_no_project 
[gw0] [  0%] PASSED tests/infrastructure/test_thread_safe_test_image.py::TestThreadSafeTestImageThreadSafety::test_create_in_multiple_threads 
[gw7] [  0%] PASSED tests/ui/frame_mapping/test_workspace_logic_helper.py::TestRefreshHelpers::test_refresh_mapping_status_clears_when_no_project 
tests/infrastructure/test_thread_safe_test_image.py::TestThreadSafeTestImageThreadSafety::test_concurrent_image_operations 
tests/ui/frame_mapping/test_workspace_logic_helper.py::TestRefreshHelpers::test_refresh_game_frame_link_status_updates_pane 
[gw7] [  0%] PASSED tests/ui/frame_mapping/test_workspace_logic_helper.py::TestRefreshHelpers::test_refresh_game_frame_link_status_updates_pane 
[gw0] [  0%] PASSED tests/infrastructure/test_thread_safe_test_image.py::TestThreadSafeTestImageThreadSafety::test_concurrent_image_operations 
tests/ui/frame_mapping/test_workspace_logic_helper.py::TestSelectionHandlers::test_handle_ai_frame_selected_clears_on_empty 
tests/infrastructure/test_thread_safe_test_image.py::TestThreadSafeTestImageThreadSafety::test_thread_id_tracking 
[gw0] [  0%] PASSED tests/infrastructure/test_thread_safe_test_image.py::TestThreadSafeTestImageThreadSafety::test_thread_id_tracking 
[gw7] [  0%] PASSED tests/ui/frame_mapping/test_workspace_logic_helper.py::TestSelectionHandlers::test_handle_ai_frame_selected_clears_on_empty 
tests/ui/frame_mapping/test_workspace_logic_helper.py::TestSelectionHandlers::test_handle_ai_frame_selected_updates_state 
tests/infrastructure/test_thread_safe_test_image.py::TestQtCompatibility::test_qpixmap_interface_compatibility 
[gw0] [  0%] PASSED tests/infrastructure/test_thread_safe_test_image.py::TestQtCompatibility::test_qpixmap_interface_compatibility 
[gw7] [  0%] PASSED tests/ui/frame_mapping/test_workspace_logic_helper.py::TestSelectionHandlers::test_handle_ai_frame_selected_updates_state 
tests/infrastructure/test_thread_safe_test_image.py::TestQtCompatibility::test_qimage_format_consistency 
[gw0] [  0%] PASSED tests/infrastructure/test_thread_safe_test_image.py::TestQtCompatibility::test_qimage_format_consistency 
tests/ui/frame_mapping/test_workspace_logic_helper.py::TestSelectionHandlers::test_handle_game_frame_selected_updates_state 
tests/infrastructure/test_thread_safe_test_image.py::TestQtCompatibility::test_qimage_creation_parameters 
[gw7] [  0%] PASSED tests/ui/frame_mapping/test_workspace_logic_helper.py::TestSelectionHandlers::test_handle_game_frame_selected_updates_state 
[gw0] [  0%] PASSED tests/infrastructure/test_thread_safe_test_image.py::TestQtCompatibility::test_qimage_creation_parameters 
tests/infrastructure/test_thread_safe_test_image.py::TestErrorHandling::test_zero_dimensions_error 
tests/ui/frame_mapping/test_workspace_logic_helper.py::TestSelectionHandlers::test_handle_game_frame_selected_clears_on_empty 
[gw0] [  0%] PASSED tests/infrastructure/test_thread_safe_test_image.py::TestErrorHandling::test_zero_dimensions_error 
[gw7] [  0%] PASSED tests/ui/frame_mapping/test_workspace_logic_helper.py::TestSelectionHandlers::test_handle_game_frame_selected_clears_on_empty 
tests/infrastructure/test_thread_safe_test_image.py::TestErrorHandling::test_negative_dimensions_error 
[gw0] [  0%] PASSED tests/infrastructure/test_thread_safe_test_image.py::TestErrorHandling::test_negative_dimensions_error 
tests/ui/frame_mapping/test_workspace_logic_helper.py::TestLinkingLogic::test_attempt_link_creates_mapping 
tests/infrastructure/test_thread_safe_test_image.py::TestErrorHandling::test_large_dimensions_handling 
[gw7] [  0%] PASSED tests/ui/frame_mapping/test_workspace_logic_helper.py::TestLinkingLogic::test_attempt_link_creates_mapping 
[gw0] [  0%] PASSED tests/infrastructure/test_thread_safe_test_image.py::TestErrorHandling::test_large_dimensions_handling 
tests/infrastructure/test_thread_safe_test_image.py::TestErrorHandling::test_concurrent_exception_safety 
tests/ui/frame_mapping/test_workspace_logic_helper.py::TestLinkingLogic::test_attempt_link_same_pair_shows_message 
[gw0] [  0%] PASSED tests/infrastructure/test_thread_safe_test_image.py::TestErrorHandling::test_concurrent_exception_safety 
[gw7] [  0%] PASSED tests/ui/frame_mapping/test_workspace_logic_helper.py::TestLinkingLogic::test_attempt_link_same_pair_shows_message 
tests/infrastructure/test_thread_safe_test_image.py::TestPerformance::test_memory_usage_reasonable 
tests/ui/frame_mapping/test_workspace_logic_helper.py::TestLinkingLogic::test_find_next_unmapped_ai_frame_returns_next 
[gw0] [  0%] PASSED tests/infrastructure/test_thread_safe_test_image.py::TestPerformance::test_memory_usage_reasonable 
[gw4] [  0%] PASSED tests/ui/components/test_file_selector.py::TestFileSelectorInit::test_init_default 
[gw7] [  0%] PASSED tests/ui/frame_mapping/test_workspace_logic_helper.py::TestLinkingLogic::test_find_next_unmapped_ai_frame_returns_next 
tests/integration/test_base_manager.py::TestBaseManager::test_abstract_class_cannot_be_instantiated 
tests/ui/frame_mapping/test_workspace_logic_helper.py::TestLinkingLogic::test_find_next_unmapped_ai_frame_returns_none_when_all_mapped 
[gw0] [  0%] PASSED tests/integration/test_base_manager.py::TestBaseManager::test_abstract_class_cannot_be_instantiated 
[gw7] [  0%] PASSED tests/ui/frame_mapping/test_workspace_logic_helper.py::TestLinkingLogic::test_find_next_unmapped_ai_frame_returns_none_when_all_mapped 
tests/integration/test_base_manager.py::TestBaseManager::test_concrete_manager_creation 
[gw0] [  1%] PASSED tests/integration/test_base_manager.py::TestBaseManager::test_concrete_manager_creation 
tests/ui/frame_mapping/test_workspace_logic_helper.py::TestAlignmentCoordination::test_handle_alignment_changed_updates_controller 
[gw7] [  1%] PASSED tests/ui/frame_mapping/test_workspace_logic_helper.py::TestAlignmentCoordination::test_handle_alignment_changed_updates_controller 
tests/integration/test_base_manager.py::TestBaseManager::test_default_name 
[gw0] [  1%] PASSED tests/integration/test_base_manager.py::TestBaseManager::test_default_name 
tests/ui/frame_mapping/test_workspace_logic_helper.py::TestAlignmentCoordination::test_handle_alignment_changed_blocked_when_canvas_differs 
tests/integration/test_base_manager.py::TestBaseManager::test_operation_tracking 
[gw7] [  1%] PASSED tests/ui/frame_mapping/test_workspace_logic_helper.py::TestAlignmentCoordination::test_handle_alignment_changed_blocked_when_canvas_differs 
[gw0] [  1%] PASSED tests/integration/test_base_manager.py::TestBaseManager::test_operation_tracking 
tests/integration/test_base_manager.py::TestBaseManager::test_signal_emission 
tests/ui/frame_mapping/test_workspace_logic_helper.py::TestAlignmentCoordination::test_sync_canvas_alignment_from_model_updates_canvas 
[gw7] [  1%] PASSED tests/ui/frame_mapping/test_workspace_logic_helper.py::TestAlignmentCoordination::test_sync_canvas_alignment_from_model_updates_canvas 
tests/ui/frame_mapping/test_workspace_logic_helper.py::TestAlignmentCoordination::test_sync_canvas_alignment_from_model_clears_when_no_mapping 
[gw6] [  1%] PASSED tests/ui/frame_mapping/controllers/test_color_mapping_report.py::TestColorMappingReport::test_controller_has_color_mapping_report_signal 
[gw7] [  1%] PASSED tests/ui/frame_mapping/test_workspace_logic_helper.py::TestAlignmentCoordination::test_sync_canvas_alignment_from_model_clears_when_no_mapping 
tests/ui/frame_mapping/test_workspace_pane_query.py::TestStateManagerAsSourceOfTruth::test_get_selected_ai_frame_id_returns_state_manager_value 
[gw5] [  1%] PASSED tests/ui/components/test_paged_tile_view_dialog.py::TestPagedTileViewDialog::test_set_palette 
tests/ui/components/test_file_selector.py::TestFileSelectorInit::test_init_with_label 
[gw4] [  1%] PASSED tests/ui/components/test_file_selector.py::TestFileSelectorInit::test_init_with_label 
[gw0] [  1%] PASSED tests/integration/test_base_manager.py::TestBaseManager::test_signal_emission 
tests/ui/frame_mapping/controllers/test_color_mapping_report.py::TestColorMappingReport::test_signal_emitted_on_image_load 
[gw2] [  1%] PASSED tests/integration/test_memory_leak_detection.py::TestQImageQPixmapMemoryManagement::test_qimage_copy_cleanup 
tests/ui/components/test_paged_tile_view_dialog.py::TestPagedTileViewDialog::test_go_to_offset 
tests/ui/components/test_file_selector.py::TestFileSelectorInit::test_init_with_placeholder 
[gw4] [  1%] PASSED tests/ui/components/test_file_selector.py::TestFileSelectorInit::test_init_with_placeholder 
[gw5] [  1%] PASSED tests/ui/components/test_paged_tile_view_dialog.py::TestPagedTileViewDialog::test_go_to_offset 
tests/integration/test_base_manager.py::TestBaseManager::test_operation_lock 
[gw0] [  1%] PASSED tests/integration/test_base_manager.py::TestBaseManager::test_operation_lock 
tests/integration/test_base_manager.py::TestBaseManager::test_error_handling_with_operation 
[gw0] [  1%] PASSED tests/integration/test_base_manager.py::TestBaseManager::test_error_handling_with_operation 
tests/integration/test_memory_leak_detection.py::TestLargeDataProcessingMemoryLeaks::test_processing_many_sprites_no_leak 
tests/ui/components/test_file_selector.py::TestFileSelectorInit::test_init_with_browse_text 
[gw4] [  1%] PASSED tests/ui/components/test_file_selector.py::TestFileSelectorInit::test_init_with_browse_text 
tests/ui/components/test_paged_tile_view_dialog.py::TestPagedTileViewDialog::test_get_current_offset 
tests/integration/test_base_manager.py::TestCircularReferenceStability::test_weak_reference_patterns 
[gw6] [  1%] PASSED tests/ui/frame_mapping/controllers/test_color_mapping_report.py::TestColorMappingReport::test_signal_emitted_on_image_load 
[gw5] [  1%] PASSED tests/ui/components/test_paged_tile_view_dialog.py::TestPagedTileViewDialog::test_get_current_offset 
tests/ui/components/test_file_selector.py::TestFileSelectorInit::test_init_with_initial_path 
[gw4] [  1%] PASSED tests/ui/components/test_file_selector.py::TestFileSelectorInit::test_init_with_initial_path 
tests/ui/components/test_paged_tile_view_dialog.py::TestPagedTileViewDialog::test_offset_selected_signal 
tests/ui/frame_mapping/controllers/test_color_mapping_report.py::TestColorMappingReport::test_report_shows_fallback_count 
[gw6] [  1%] PASSED tests/ui/frame_mapping/controllers/test_color_mapping_report.py::TestColorMappingReport::test_report_shows_fallback_count 
[gw5] [  1%] PASSED tests/ui/components/test_paged_tile_view_dialog.py::TestPagedTileViewDialog::test_offset_selected_signal 
[gw2] [  1%] PASSED tests/integration/test_memory_leak_detection.py::TestLargeDataProcessingMemoryLeaks::test_processing_many_sprites_no_leak 
[gw1] [  1%] PASSED tests/integration/test_dialog_real_integration.py::TestDialogInitialization::test_settings_dialog_real 
tests/integration/test_memory_leak_detection.py::TestLargeDataProcessingMemoryLeaks::test_rom_mmap_fallback_memory_management 
tests/ui/components/test_file_selector.py::TestFileSelectorInit::test_init_read_only 
[gw4] [  1%] PASSED tests/ui/components/test_file_selector.py::TestFileSelectorInit::test_init_read_only 
tests/ui/frame_mapping/controllers/test_color_mapping_report.py::TestColorMappingReport::test_report_shows_exact_count 
[gw6] [  1%] PASSED tests/ui/frame_mapping/controllers/test_color_mapping_report.py::TestColorMappingReport::test_report_shows_exact_count 
tests/ui/components/test_paged_tile_view_dialog.py::TestPagedTileViewDialog::test_tile_click_updates_button 
[gw5] [  1%] PASSED tests/ui/components/test_paged_tile_view_dialog.py::TestPagedTileViewDialog::test_tile_click_updates_button 
[gw3] [  1%] PASSED tests/integration/test_sprite_gallery_integration.py::TestDetachedGalleryWindow::test_detached_window_signals 
tests/ui/components/test_file_selector.py::TestFileSelectorInit::test_init_editable_by_default 
[gw4] [  1%] PASSED tests/ui/components/test_file_selector.py::TestFileSelectorInit::test_init_editable_by_default 
tests/integration/test_dialog_real_integration.py::TestDialogInitialization::test_user_error_dialog_real 
tests/ui/frame_mapping/dialogs/test_alignment_dialog.py::TestOverlayCanvas::test_canvas_creates_with_default_values 
tests/ui/components/test_paged_tile_view_dialog.py::TestPagedTileViewDialog::test_dialog_non_modal 
[gw6] [  1%] PASSED tests/ui/frame_mapping/dialogs/test_alignment_dialog.py::TestOverlayCanvas::test_canvas_creates_with_default_values 
[gw1] [  1%] PASSED tests/integration/test_dialog_real_integration.py::TestDialogInitialization::test_user_error_dialog_real 
tests/ui/components/test_file_selector.py::TestFileSelectorPathOperations::test_get_path 
[gw4] [  1%] PASSED tests/ui/components/test_file_selector.py::TestFileSelectorPathOperations::test_get_path 
[gw5] [  1%] PASSED tests/ui/components/test_paged_tile_view_dialog.py::TestPagedTileViewDialog::test_dialog_non_modal 
[gw7] [  1%] PASSED tests/ui/frame_mapping/test_workspace_pane_query.py::TestStateManagerAsSourceOfTruth::test_get_selected_ai_frame_id_returns_state_manager_value 
[gw2] [  1%] PASSED tests/integration/test_memory_leak_detection.py::TestLargeDataProcessingMemoryLeaks::test_rom_mmap_fallback_memory_management 
tests/integration/test_memory_leak_detection.py::TestMemoryLeakIntegration::test_full_workflow_no_memory_leak 
tests/integration/test_dialog_real_integration.py::TestDialogInitialization::test_resume_scan_dialog_real 
tests/ui/frame_mapping/dialogs/test_alignment_dialog.py::TestOverlayCanvas::test_canvas_set_offset_updates_values 
[gw6] [  1%] PASSED tests/ui/frame_mapping/dialogs/test_alignment_dialog.py::TestOverlayCanvas::test_canvas_set_offset_updates_values 
[gw1] [  1%] PASSED tests/integration/test_dialog_real_integration.py::TestDialogInitialization::test_resume_scan_dialog_real 
tests/integration/test_sprite_gallery_integration.py::TestDetachedGalleryWindow::test_detached_window_close_cleanup 
tests/ui/components/test_paged_tile_view_dialog.py::TestPagedTileViewDialog::test_dialog_close_cleanup 
tests/ui/components/test_file_selector.py::TestFileSelectorPathOperations::test_set_path_string 
[gw4] [  1%] PASSED tests/ui/components/test_file_selector.py::TestFileSelectorPathOperations::test_set_path_string 
[gw5] [  1%] PASSED tests/ui/components/test_paged_tile_view_dialog.py::TestPagedTileViewDialog::test_dialog_close_cleanup 
tests/ui/frame_mapping/test_workspace_pane_query.py::TestStateManagerAsSourceOfTruth::test_get_selected_ai_frame_id_returns_none_when_no_state 
[gw3] [  2%] PASSED tests/integration/test_sprite_gallery_integration.py::TestDetachedGalleryWindow::test_detached_window_close_cleanup 
tests/integration/test_dialog_real_integration.py::TestDialogInitialization::test_range_scan_dialog_real 
tests/ui/frame_mapping/dialogs/test_alignment_dialog.py::TestOverlayCanvas::test_canvas_set_flip_updates_values 
[gw6] [  2%] PASSED tests/ui/frame_mapping/dialogs/test_alignment_dialog.py::TestOverlayCanvas::test_canvas_set_flip_updates_values 
[gw1] [  2%] PASSED tests/integration/test_dialog_real_integration.py::TestDialogInitialization::test_range_scan_dialog_real 
tests/ui/components/test_file_selector.py::TestFileSelectorPathOperations::test_set_path_none 
[gw4] [  2%] PASSED tests/ui/components/test_file_selector.py::TestFileSelectorPathOperations::test_set_path_none 
tests/ui/components/test_paged_tile_view_widget.py::TestTileGridGraphicsView::test_set_image 
[gw5] [  2%] PASSED tests/ui/components/test_paged_tile_view_widget.py::TestTileGridGraphicsView::test_set_image 
tests/integration/test_dialog_real_integration.py::TestDialogInitialization::test_advanced_search_dialog_real 
tests/ui/components/test_file_selector.py::TestFileSelectorPathOperations::test_clear_path 
tests/ui/frame_mapping/dialogs/test_alignment_dialog.py::TestOverlayCanvas::test_canvas_set_opacity_clamps_values 
[gw6] [  2%] PASSED tests/ui/frame_mapping/dialogs/test_alignment_dialog.py::TestOverlayCanvas::test_canvas_set_opacity_clamps_values 
[gw4] [  2%] PASSED tests/ui/components/test_file_selector.py::TestFileSelectorPathOperations::test_clear_path 
[gw7] [  2%] PASSED tests/ui/frame_mapping/test_workspace_pane_query.py::TestStateManagerAsSourceOfTruth::test_get_selected_ai_frame_id_returns_none_when_no_state 
tests/integration/test_sprite_gallery_integration.py::TestGalleryCaching::test_cache_save 
tests/ui/components/test_paged_tile_view_widget.py::TestTileGridGraphicsView::test_clear_image 
[gw5] [  2%] PASSED tests/ui/components/test_paged_tile_view_widget.py::TestTileGridGraphicsView::test_clear_image 
[gw1] [  2%] PASSED tests/integration/test_dialog_real_integration.py::TestDialogInitialization::test_advanced_search_dialog_real 
tests/ui/components/test_file_selector.py::TestFileSelectorSignals::test_path_changed_emits_on_text_change 
tests/ui/frame_mapping/dialogs/test_alignment_dialog.py::TestOverlayCanvas::test_canvas_set_game_frame 
[gw4] [  2%] PASSED tests/ui/components/test_file_selector.py::TestFileSelectorSignals::test_path_changed_emits_on_text_change 
[gw6] [  2%] PASSED tests/ui/frame_mapping/dialogs/test_alignment_dialog.py::TestOverlayCanvas::test_canvas_set_game_frame 
tests/ui/frame_mapping/test_workspace_pane_query.py::TestStateManagerAsSourceOfTruth::test_get_selected_game_id_returns_state_manager_value 
[gw3] [  2%] PASSED tests/integration/test_sprite_gallery_integration.py::TestGalleryCaching::test_cache_save 
tests/ui/components/test_paged_tile_view_widget.py::TestPagedTileViewWidget::test_set_rom_data 
tests/integration/test_dialog_real_integration.py::TestDialogInitialization::test_manual_offset_dialog_real 
[gw5] [  2%] PASSED tests/ui/components/test_paged_tile_view_widget.py::TestPagedTileViewWidget::test_set_rom_data 
tests/ui/components/test_file_selector.py::TestFileSelectorSignals::test_file_selected_emits_on_browse 
tests/ui/frame_mapping/dialogs/test_alignment_dialog.py::TestOverlayCanvas::test_canvas_set_ai_frame 
[gw6] [  2%] PASSED tests/ui/frame_mapping/dialogs/test_alignment_dialog.py::TestOverlayCanvas::test_canvas_set_ai_frame 
[gw4] [  2%] PASSED tests/ui/components/test_file_selector.py::TestFileSelectorSignals::test_file_selected_emits_on_browse 
[gw7] [  2%] PASSED tests/ui/frame_mapping/test_workspace_pane_query.py::TestStateManagerAsSourceOfTruth::test_get_selected_game_id_returns_state_manager_value 
[gw1] [  2%] PASSED tests/integration/test_dialog_real_integration.py::TestDialogInitialization::test_manual_offset_dialog_real 
tests/ui/components/test_file_selector.py::TestFileSelectorValidation::test_is_valid_empty_path 
tests/integration/test_sprite_gallery_integration.py::TestGalleryCaching::test_cache_load 
tests/ui/frame_mapping/dialogs/test_alignment_dialog.py::TestAlignmentDialogInitialization::test_dialog_creates_with_default_values 
[gw4] [  2%] PASSED tests/ui/components/test_file_selector.py::TestFileSelectorValidation::test_is_valid_empty_path 
[gw6] [  2%] PASSED tests/ui/frame_mapping/dialogs/test_alignment_dialog.py::TestAlignmentDialogInitialization::test_dialog_creates_with_default_values 
tests/ui/frame_mapping/test_workspace_pane_query.py::TestStateManagerAsSourceOfTruth::test_get_selected_game_id_returns_none_when_no_state 
tests/integration/test_dialog_real_integration.py::TestDialogInitialization::test_similarity_results_dialog_real 
[gw3] [  2%] PASSED tests/integration/test_sprite_gallery_integration.py::TestGalleryCaching::test_cache_load 
[gw1] [  2%] PASSED tests/integration/test_dialog_real_integration.py::TestDialogInitialization::test_similarity_results_dialog_real 
tests/ui/components/test_file_selector.py::TestFileSelectorValidation::test_is_valid_existing_file_open_mode 
[gw4] [  2%] PASSED tests/ui/components/test_file_selector.py::TestFileSelectorValidation::test_is_valid_existing_file_open_mode 
tests/ui/frame_mapping/dialogs/test_alignment_dialog.py::TestAlignmentDialogInitialization::test_dialog_creates_with_initial_values 
[gw7] [  2%] PASSED tests/ui/frame_mapping/test_workspace_pane_query.py::TestStateManagerAsSourceOfTruth::test_get_selected_game_id_returns_none_when_no_state 
[gw6] [  2%] PASSED tests/ui/frame_mapping/dialogs/test_alignment_dialog.py::TestAlignmentDialogInitialization::test_dialog_creates_with_initial_values 
[gw2] [  2%] PASSED tests/integration/test_memory_leak_detection.py::TestMemoryLeakIntegration::test_full_workflow_no_memory_leak 
tests/integration/test_memory_management_integration.py::TestMemoryManagementIntegration::test_weak_references_prevent_leaks 
tests/integration/test_dialog_real_integration.py::TestDialogInitialization::test_grid_arrangement_dialog_real 
tests/ui/components/test_paged_tile_view_widget.py::TestPagedTileViewWidget::test_set_palette 
[gw5] [  2%] PASSED tests/ui/components/test_paged_tile_view_widget.py::TestPagedTileViewWidget::test_set_palette 
tests/ui/components/test_file_selector.py::TestFileSelectorValidation::test_is_valid_nonexistent_file_open_mode 
[gw4] [  2%] PASSED tests/ui/components/test_file_selector.py::TestFileSelectorValidation::test_is_valid_nonexistent_file_open_mode 
tests/ui/frame_mapping/test_workspace_pane_query.py::TestStateManagerAsSourceOfTruth::test_signal_handler_updates_state_manager 
tests/ui/frame_mapping/dialogs/test_alignment_dialog.py::TestAlignmentDialogInitialization::test_dialog_has_correct_title 
[gw6] [  2%] PASSED tests/ui/frame_mapping/dialogs/test_alignment_dialog.py::TestAlignmentDialogInitialization::test_dialog_has_correct_title 
tests/integration/test_sprite_gallery_integration.py::TestGalleryIntegration::test_complete_workflow 
[gw7] [  2%] PASSED tests/ui/frame_mapping/test_workspace_pane_query.py::TestStateManagerAsSourceOfTruth::test_signal_handler_updates_state_manager 
tests/ui/components/test_file_selector.py::TestFileSelectorValidation::test_is_valid_directory_open_mode 
[gw4] [  2%] PASSED tests/ui/components/test_file_selector.py::TestFileSelectorValidation::test_is_valid_directory_open_mode 
[gw3] [  2%] PASSED tests/integration/test_sprite_gallery_integration.py::TestGalleryIntegration::test_complete_workflow 
tests/ui/frame_mapping/dialogs/test_alignment_dialog.py::TestAlignmentDialogControls::test_offset_x_spinbox_updates_property 
[gw6] [  2%] PASSED tests/ui/frame_mapping/dialogs/test_alignment_dialog.py::TestAlignmentDialogControls::test_offset_x_spinbox_updates_property 
[gw1] [  2%] PASSED tests/integration/test_dialog_real_integration.py::TestDialogInitialization::test_grid_arrangement_dialog_real 
tests/ui/frame_mapping/test_workspace_pane_query.py::TestStateManagerAsSourceOfTruth::test_selection_preserved_when_filter_hides_item 
tests/ui/components/test_file_selector.py::TestFileSelectorValidation::test_is_valid_existing_parent_save_mode 
tests/ui/components/test_paged_tile_view_widget.py::TestPagedTileViewWidget::test_set_grid_dimensions 
[gw4] [  2%] PASSED tests/ui/components/test_file_selector.py::TestFileSelectorValidation::test_is_valid_existing_parent_save_mode 
[gw5] [  2%] PASSED tests/ui/components/test_paged_tile_view_widget.py::TestPagedTileViewWidget::test_set_grid_dimensions 
tests/ui/frame_mapping/dialogs/test_alignment_dialog.py::TestAlignmentDialogControls::test_offset_y_spinbox_updates_property 
[gw6] [  2%] PASSED tests/ui/frame_mapping/dialogs/test_alignment_dialog.py::TestAlignmentDialogControls::test_offset_y_spinbox_updates_property 
[gw7] [  2%] PASSED tests/ui/frame_mapping/test_workspace_pane_query.py::TestStateManagerAsSourceOfTruth::test_selection_preserved_when_filter_hides_item 
tests/integration/test_dialog_real_integration.py::TestDialogInitialization::test_injection_dialog_real 
tests/integration/test_sprite_preview_widget.py::TestSpritePreviewWidget::test_widget_creation 
tests/ui/components/test_file_selector.py::TestFileSelectorValidation::test_is_valid_nonexistent_parent_save_mode 
[gw4] [  3%] PASSED tests/ui/components/test_file_selector.py::TestFileSelectorValidation::test_is_valid_nonexistent_parent_save_mode 
[gw3] [  3%] PASSED tests/integration/test_sprite_preview_widget.py::TestSpritePreviewWidget::test_widget_creation 
[gw0] [  3%] PASSED tests/integration/test_base_manager.py::TestCircularReferenceStability::test_weak_reference_patterns 
tests/integration/test_sprite_preview_widget.py::TestSpritePreviewWidget::test_load_grayscale_sprite 
[gw1] [  3%] PASSED tests/integration/test_dialog_real_integration.py::TestDialogInitialization::test_injection_dialog_real 
tests/ui/frame_mapping/dialogs/test_alignment_dialog.py::TestAlignmentDialogControls::test_flip_h_checkbox_updates_property 
tests/integration/test_base_manager.py::TestCircularReferenceStability::test_repeated_object_creation_no_leaks 
[gw6] [  3%] PASSED tests/ui/frame_mapping/dialogs/test_alignment_dialog.py::TestAlignmentDialogControls::test_flip_h_checkbox_updates_property 
tests/ui/components/test_paged_tile_view_widget.py::TestPagedTileViewWidget::test_go_to_page 
tests/ui/frame_mapping/test_workspace_selection.py::TestUnmappedRowClearsGameSelection::test_unmapped_row_clears_game_selection 
[gw5] [  3%] PASSED tests/ui/components/test_paged_tile_view_widget.py::TestPagedTileViewWidget::test_go_to_page 
tests/ui/components/test_file_selector.py::TestFileSelectorBrowse::test_browse_open_mode_calls_helper 
[gw4] [  3%] PASSED tests/ui/components/test_file_selector.py::TestFileSelectorBrowse::test_browse_open_mode_calls_helper 
[gw7] [  3%] PASSED tests/ui/frame_mapping/test_workspace_selection.py::TestUnmappedRowClearsGameSelection::test_unmapped_row_clears_game_selection 
tests/integration/test_dialog_real_integration.py::TestDialogLifecycle::test_dialog_show_close_cycle 
tests/ui/frame_mapping/dialogs/test_alignment_dialog.py::TestAlignmentDialogControls::test_flip_v_checkbox_updates_property 
[gw6] [  3%] PASSED tests/ui/frame_mapping/dialogs/test_alignment_dialog.py::TestAlignmentDialogControls::test_flip_v_checkbox_updates_property 
[gw1] [  3%] PASSED tests/integration/test_dialog_real_integration.py::TestDialogLifecycle::test_dialog_show_close_cycle 
[gw3] [  3%] PASSED tests/integration/test_sprite_preview_widget.py::TestSpritePreviewWidget::test_load_grayscale_sprite 
tests/integration/test_sprite_preview_widget.py::TestSpritePreviewWidget::test_load_indexed_sprite 
[gw3] [  3%] PASSED tests/integration/test_sprite_preview_widget.py::TestSpritePreviewWidget::test_load_indexed_sprite 
tests/ui/components/test_file_selector.py::TestFileSelectorBrowse::test_browse_save_mode_calls_helper 
tests/integration/test_sprite_preview_widget.py::TestSpritePreviewWidget::test_clear_preview 
[gw4] [  3%] PASSED tests/ui/components/test_file_selector.py::TestFileSelectorBrowse::test_browse_save_mode_calls_helper 
[gw3] [  3%] PASSED tests/integration/test_sprite_preview_widget.py::TestSpritePreviewWidget::test_clear_preview 
tests/ui/frame_mapping/test_workspace_selection.py::TestUnmappedRowClearsGameSelection::test_map_selected_requires_explicit_capture_after_unmapped_row 
tests/integration/test_sprite_preview_widget.py::TestSpritePreviewWidget::test_load_4bpp_sprite 
[gw3] [  3%] PASSED tests/integration/test_sprite_preview_widget.py::TestSpritePreviewWidget::test_load_4bpp_sprite 
tests/ui/frame_mapping/dialogs/test_alignment_dialog.py::TestAlignmentDialogControls::test_get_alignment_returns_all_values 
tests/integration/test_startup_state.py::TestStartupState::test_mode_toggle_matches_stack_at_startup 
[gw6] [  3%] PASSED tests/ui/frame_mapping/dialogs/test_alignment_dialog.py::TestAlignmentDialogControls::test_get_alignment_returns_all_values 
tests/integration/test_dialog_real_integration.py::TestDialogLifecycle::test_dialog_accept_reject 
[gw1] [  3%] PASSED tests/integration/test_dialog_real_integration.py::TestDialogLifecycle::test_dialog_accept_reject 
[gw3] [  3%] PASSED tests/integration/test_startup_state.py::TestStartupState::test_mode_toggle_matches_stack_at_startup 
tests/ui/components/test_paged_tile_view_widget.py::TestPagedTileViewWidget::test_go_to_offset 
[gw5] [  3%] PASSED tests/ui/components/test_paged_tile_view_widget.py::TestPagedTileViewWidget::test_go_to_offset 
[gw7] [  3%] PASSED tests/ui/frame_mapping/test_workspace_selection.py::TestUnmappedRowClearsGameSelection::test_map_selected_requires_explicit_capture_after_unmapped_row 
[gw2] [  3%] PASSED tests/integration/test_memory_management_integration.py::TestMemoryManagementIntegration::test_weak_references_prevent_leaks 
tests/ui/components/test_file_selector.py::TestFileSelectorBrowse::test_browse_updates_path 
[gw4] [  3%] PASSED tests/ui/components/test_file_selector.py::TestFileSelectorBrowse::test_browse_updates_path 
tests/ui/frame_mapping/dialogs/test_alignment_dialog.py::TestAlignmentDialogSignals::test_offset_change_emits_alignment_changed 
[gw6] [  3%] PASSED tests/ui/frame_mapping/dialogs/test_alignment_dialog.py::TestAlignmentDialogSignals::test_offset_change_emits_alignment_changed 
tests/integration/test_dialog_real_integration.py::TestRealDialogIntegration::test_real_grid_arrangement_dialog_vs_mocked_tile_extraction 
tests/integration/test_startup_state.py::TestStartupState::test_mode_switch_updates_stack 
[gw3] [  3%] PASSED tests/integration/test_startup_state.py::TestStartupState::test_mode_switch_updates_stack 
tests/ui/frame_mapping/test_workspace_stale_load.py::TestWorkspaceStaleLoad::test_workspace_handler_exists 
tests/integration/test_memory_management_integration.py::TestMemoryManagementIntegration::test_circular_reference_prevention 
[gw1] [  3%] PASSED tests/integration/test_dialog_real_integration.py::TestRealDialogIntegration::test_real_grid_arrangement_dialog_vs_mocked_tile_extraction 
tests/ui/components/test_file_selector.py::TestFileSelectorBrowse::test_browse_no_selection_keeps_path 
[gw4] [  3%] PASSED tests/ui/components/test_file_selector.py::TestFileSelectorBrowse::test_browse_no_selection_keeps_path 
tests/ui/frame_mapping/dialogs/test_alignment_dialog.py::TestAlignmentDialogSignals::test_flip_change_emits_alignment_changed 
[gw7] [  3%] PASSED tests/ui/frame_mapping/test_workspace_stale_load.py::TestWorkspaceStaleLoad::test_workspace_handler_exists 
[gw6] [  3%] PASSED tests/ui/frame_mapping/dialogs/test_alignment_dialog.py::TestAlignmentDialogSignals::test_flip_change_emits_alignment_changed 
tests/integration/test_startup_state.py::TestStartupState::test_set_mode_programmatic_updates_toggle_and_stack 
[gw3] [  3%] PASSED tests/integration/test_startup_state.py::TestStartupState::test_set_mode_programmatic_updates_toggle_and_stack 
tests/ui/components/test_paged_tile_view_widget.py::TestPagedTileViewWidget::test_get_current_offset 
tests/ui/components/test_file_selector.py::TestFileSelectorBrowse::test_browse_calls_selection_callback 
[gw4] [  3%] PASSED tests/ui/components/test_file_selector.py::TestFileSelectorBrowse::test_browse_calls_selection_callback 
[gw5] [  3%] PASSED tests/ui/components/test_paged_tile_view_widget.py::TestPagedTileViewWidget::test_get_current_offset 
tests/ui/frame_mapping/test_workspace_stale_load.py::TestWorkspaceStaleLoad::test_workspace_handler_shows_message 
tests/ui/frame_mapping/dialogs/test_alignment_dialog.py::TestAlignmentDialogOpacity::test_opacity_slider_updates_canvas 
[gw6] [  3%] PASSED tests/ui/frame_mapping/dialogs/test_alignment_dialog.py::TestAlignmentDialogOpacity::test_opacity_slider_updates_canvas 
[gw2] [  3%] PASSED tests/integration/test_memory_management_integration.py::TestMemoryManagementIntegration::test_circular_reference_prevention 
tests/integration/test_dialog_real_integration.py::TestRealDialogManagerIntegration::test_real_dialog_manager_coordination_vs_mocked_coordination 
tests/integration/test_startup_state.py::TestStartupState::test_controllers_receive_mode_at_startup 
tests/ui/components/test_file_selector.py::TestFileSelectorBrowse::test_browse_callback_exception_handled 
[gw3] [  3%] PASSED tests/integration/test_startup_state.py::TestStartupState::test_controllers_receive_mode_at_startup 
[gw7] [  3%] PASSED tests/ui/frame_mapping/test_workspace_stale_load.py::TestWorkspaceStaleLoad::test_workspace_handler_shows_message 
[gw4] [  3%] PASSED tests/ui/components/test_file_selector.py::TestFileSelectorBrowse::test_browse_callback_exception_handled 
[gw1] [  3%] PASSED tests/integration/test_dialog_real_integration.py::TestRealDialogManagerIntegration::test_real_dialog_manager_coordination_vs_mocked_coordination 
tests/ui/frame_mapping/dialogs/test_alignment_dialog.py::TestAlignmentDialogOpacity::test_opacity_slider_updates_label 
tests/integration/test_path_resilience.py::test_save_load_path_with_spaces 
[gw6] [  3%] PASSED tests/ui/frame_mapping/dialogs/test_alignment_dialog.py::TestAlignmentDialogOpacity::test_opacity_slider_updates_label 
[gw2] [  3%] PASSED tests/integration/test_path_resilience.py::test_save_load_path_with_spaces 
tests/integration/test_path_resilience.py::test_save_load_unicode_path 
[gw2] [  4%] PASSED tests/integration/test_path_resilience.py::test_save_load_unicode_path 
tests/integration/test_path_resilience.py::test_save_to_readonly_directory 
[gw2] [  4%] PASSED tests/integration/test_path_resilience.py::test_save_to_readonly_directory 
tests/integration/test_startup_state.py::TestStartupState::test_mode_switch_propagates_to_controllers 
tests/integration/test_png_round_trip.py::TestPNGRoundTrip::test_grayscale_round_trip 
tests/ui/components/test_file_selector.py::TestFileSelectorUI::test_set_placeholder 
tests/ui/frame_mapping/test_workspace_stale_load.py::TestWorkspaceStaleLoad::test_workspace_handler_handles_empty_list 
[gw4] [  4%] PASSED tests/ui/components/test_file_selector.py::TestFileSelectorUI::test_set_placeholder 
[gw3] [  4%] PASSED tests/integration/test_startup_state.py::TestStartupState::test_mode_switch_propagates_to_controllers 
tests/ui/components/test_paged_tile_view_widget.py::TestPagedTileViewWidget::test_navigation_buttons_state 
tests/ui/frame_mapping/dialogs/test_alignment_dialog.py::TestOverlayCanvasDrag::test_canvas_has_open_hand_cursor 
[gw6] [  4%] PASSED tests/ui/frame_mapping/dialogs/test_alignment_dialog.py::TestOverlayCanvasDrag::test_canvas_has_open_hand_cursor 
[gw5] [  4%] PASSED tests/ui/components/test_paged_tile_view_widget.py::TestPagedTileViewWidget::test_navigation_buttons_state 
[gw7] [  4%] PASSED tests/ui/frame_mapping/test_workspace_stale_load.py::TestWorkspaceStaleLoad::test_workspace_handler_handles_empty_list 
[gw0] [  4%] PASSED tests/integration/test_base_manager.py::TestCircularReferenceStability::test_repeated_object_creation_no_leaks 
tests/integration/test_base_manager.py::TestCircularReferenceStability::test_manager_circular_reference_prevention 
tests/ui/components/test_file_selector.py::TestFileSelectorUI::test_set_read_only_true 
[gw4] [  4%] PASSED tests/ui/components/test_file_selector.py::TestFileSelectorUI::test_set_read_only_true 
tests/integration/test_startup_state.py::TestModeToggleDataConsistency::test_toggle_count_matches_stack_count 
tests/integration/test_dialog_real_integration.py::TestBugDiscoveryRealVsMockedDialogs::test_discovered_bug_dialog_widget_initialization_order 
tests/ui/frame_mapping/dialogs/test_alignment_dialog.py::TestOverlayCanvasDrag::test_canvas_emits_offset_changed_signal 
[gw6] [  4%] PASSED tests/ui/frame_mapping/dialogs/test_alignment_dialog.py::TestOverlayCanvasDrag::test_canvas_emits_offset_changed_signal 
tests/ui/frame_mapping/test_workspace_stale_load.py::TestWorkspaceStaleLoad::test_workspace_handler_no_message_service 
[gw1] [  4%] PASSED tests/integration/test_dialog_real_integration.py::TestBugDiscoveryRealVsMockedDialogs::test_discovered_bug_dialog_widget_initialization_order 
tests/ui/components/test_file_selector.py::TestFileSelectorUI::test_set_read_only_false 
[gw4] [  4%] PASSED tests/ui/components/test_file_selector.py::TestFileSelectorUI::test_set_read_only_false 
[gw0] [  4%] PASSED tests/integration/test_base_manager.py::TestCircularReferenceStability::test_manager_circular_reference_prevention 
tests/integration/test_base_manager.py::TestBaseManagerStability::test_base_manager_thread_safety 
[gw3] [  4%] PASSED tests/integration/test_startup_state.py::TestModeToggleDataConsistency::test_toggle_count_matches_stack_count 
[gw7] [  4%] PASSED tests/ui/frame_mapping/test_workspace_stale_load.py::TestWorkspaceStaleLoad::test_workspace_handler_no_message_service 
[gw2] [  4%] PASSED tests/integration/test_png_round_trip.py::TestPNGRoundTrip::test_grayscale_round_trip 
tests/ui/frame_mapping/dialogs/test_alignment_dialog.py::TestOverlayCanvasDrag::test_canvas_drag_without_ai_frame_does_nothing 
[gw6] [  4%] PASSED tests/ui/frame_mapping/dialogs/test_alignment_dialog.py::TestOverlayCanvasDrag::test_canvas_drag_without_ai_frame_does_nothing 
tests/ui/components/test_paged_tile_view_widget.py::TestPagedTileViewWidget::test_tile_clicked_signal 
[gw0] [  4%] PASSED tests/integration/test_base_manager.py::TestBaseManagerStability::test_base_manager_thread_safety 
tests/integration/test_png_round_trip.py::TestPNGRoundTrip::test_indexed_round_trip 
tests/integration/test_base_manager.py::TestBaseManagerStability::test_base_manager_operation_tracking 
[gw5] [  4%] PASSED tests/ui/components/test_paged_tile_view_widget.py::TestPagedTileViewWidget::test_tile_clicked_signal 
[gw2] [  4%] PASSED tests/integration/test_png_round_trip.py::TestPNGRoundTrip::test_indexed_round_trip 
tests/integration/test_png_round_trip.py::TestPNGRoundTrip::test_edge_cases 
tests/ui/components/test_file_selector.py::TestFileSelectorUI::test_set_browse_enabled_false 
[gw2] [  4%] PASSED tests/integration/test_png_round_trip.py::TestPNGRoundTrip::test_edge_cases 
[gw4] [  4%] PASSED tests/ui/components/test_file_selector.py::TestFileSelectorUI::test_set_browse_enabled_false 
tests/integration/test_png_round_trip.py::TestPNGRoundTrip::test_multi_tile_round_trip 
[gw2] [  4%] PASSED tests/integration/test_png_round_trip.py::TestPNGRoundTrip::test_multi_tile_round_trip 
[gw0] [  4%] PASSED tests/integration/test_base_manager.py::TestBaseManagerStability::test_base_manager_operation_tracking 
tests/integration/test_png_round_trip.py::TestPNGRoundTrip::test_validate_sprite_modes 
tests/integration/test_startup_state.py::TestModeToggleDataConsistency::test_data_mapping_is_consistent 
tests/integration/test_base_manager.py::TestMemoryStabilityPatterns::test_object_lifecycle_management 
tests/ui/frame_mapping/views/test_ai_frames_pane_drag_drop.py::TestDragEnterAcceptance::test_accepts_folder_drag 
[gw2] [  4%] PASSED tests/integration/test_png_round_trip.py::TestPNGRoundTrip::test_validate_sprite_modes 
tests/integration/test_project_portability.py::test_project_portability_repro 
tests/ui/frame_mapping/dialogs/test_alignment_dialog.py::TestOverlayCanvasDrag::test_dialog_canvas_drag_updates_spinboxes 
[gw2] [  4%] PASSED tests/integration/test_project_portability.py::test_project_portability_repro 
[gw3] [  4%] PASSED tests/integration/test_startup_state.py::TestModeToggleDataConsistency::test_data_mapping_is_consistent 
[gw6] [  4%] PASSED tests/ui/frame_mapping/dialogs/test_alignment_dialog.py::TestOverlayCanvasDrag::test_dialog_canvas_drag_updates_spinboxes 
tests/integration/test_project_portability.py::test_arrangement_config_portability 
tests/integration/test_dialog_real_integration.py::TestBugDiscoveryRealVsMockedDialogs::test_discovered_bug_dialog_manager_dependency_timing 
[gw2] [  4%] PASSED tests/integration/test_project_portability.py::test_arrangement_config_portability 
tests/integration/test_qt_signal_slot_patterns.py::TestThreadSafetyAndTiming::test_signal_thread_affinity 
tests/ui/components/test_file_selector.py::TestFileSelectorUI::test_set_browse_enabled_true 
[gw4] [  4%] PASSED tests/ui/components/test_file_selector.py::TestFileSelectorUI::test_set_browse_enabled_true 
[gw1] [  4%] PASSED tests/integration/test_dialog_real_integration.py::TestBugDiscoveryRealVsMockedDialogs::test_discovered_bug_dialog_manager_dependency_timing 
tests/ui/frame_mapping/dialogs/test_alignment_dialog.py::TestOverlayCanvasDrag::test_drag_offset_clamped_to_range 
[gw6] [  4%] PASSED tests/ui/frame_mapping/dialogs/test_alignment_dialog.py::TestOverlayCanvasDrag::test_drag_offset_clamped_to_range 
tests/integration/test_thread_safety_comprehensive.py::TestThumbnailCacheThreadSafety::test_concurrent_get_operations 
[gw2] [  4%] PASSED tests/integration/test_qt_signal_slot_patterns.py::TestThreadSafetyAndTiming::test_signal_thread_affinity 
[gw3] [  4%] PASSED tests/integration/test_thread_safety_comprehensive.py::TestThumbnailCacheThreadSafety::test_concurrent_get_operations 
tests/integration/test_thread_safety_comprehensive.py::TestThumbnailCacheThreadSafety::test_concurrent_put_operations 
tests/ui/components/test_file_selector.py::TestFileSelectorUI::test_setFocus_without_reason 
[gw3] [  4%] PASSED tests/integration/test_thread_safety_comprehensive.py::TestThumbnailCacheThreadSafety::test_concurrent_put_operations 
[gw4] [  4%] PASSED tests/ui/components/test_file_selector.py::TestFileSelectorUI::test_setFocus_without_reason 
tests/integration/test_thread_safety_comprehensive.py::TestThumbnailCacheThreadSafety::test_concurrent_mixed_operations 
tests/ui/components/test_paged_tile_view_widget.py::TestPagedTileViewWidget::test_grid_preset_change 
[gw3] [  4%] PASSED tests/integration/test_thread_safety_comprehensive.py::TestThumbnailCacheThreadSafety::test_concurrent_mixed_operations 
tests/integration/test_thread_safety_comprehensive.py::TestThumbnailCacheThreadSafety::test_lru_eviction_under_concurrent_load 
tests/ui/frame_mapping/dialogs/test_sprite_selection_dialog.py::TestSpriteSelectionDialogBasics::test_dialog_shows_correct_entry_count 
[gw5] [  4%] PASSED tests/ui/components/test_paged_tile_view_widget.py::TestPagedTileViewWidget::test_grid_preset_change 
tests/integration/test_qt_signal_slot_patterns.py::TestThreadSafetyAndTiming::test_worker_thread_signal_emission 
[gw6] [  4%] PASSED tests/ui/frame_mapping/dialogs/test_sprite_selection_dialog.py::TestSpriteSelectionDialogBasics::test_dialog_shows_correct_entry_count 
[gw3] [  5%] PASSED tests/integration/test_thread_safety_comprehensive.py::TestThumbnailCacheThreadSafety::test_lru_eviction_under_concurrent_load 
tests/integration/test_thread_safety_comprehensive.py::TestBatchThumbnailWorkerThreadSafety::test_concurrent_queue_operations 
tests/ui/components/test_file_selector.py::TestFileSelectorUI::test_setFocus_with_reason 
[gw4] [  5%] PASSED tests/ui/components/test_file_selector.py::TestFileSelectorUI::test_setFocus_with_reason 
[gw3] [  5%] PASSED tests/integration/test_thread_safety_comprehensive.py::TestBatchThumbnailWorkerThreadSafety::test_concurrent_queue_operations 
tests/integration/test_dialog_real_integration.py::TestBugDiscoveryRealVsMockedDialogs::test_discovered_bug_dialog_file_validation_integration 
tests/integration/test_thread_safety_comprehensive.py::TestBatchThumbnailWorkerThreadSafety::test_concurrent_cache_access 
[gw3] [  5%] PASSED tests/integration/test_thread_safety_comprehensive.py::TestBatchThumbnailWorkerThreadSafety::test_concurrent_cache_access 
[gw2] [  5%] PASSED tests/integration/test_qt_signal_slot_patterns.py::TestThreadSafetyAndTiming::test_worker_thread_signal_emission 
tests/integration/test_thread_safety_comprehensive.py::TestBatchThumbnailWorkerThreadSafety::test_stop_request_thread_safety 
[gw3] [  5%] PASSED tests/integration/test_thread_safety_comprehensive.py::TestBatchThumbnailWorkerThreadSafety::test_stop_request_thread_safety 
tests/integration/test_thread_safety_comprehensive.py::TestBatchThumbnailWorkerThreadSafety::test_signal_emission_thread_boundary 
[gw3] [  5%] PASSED tests/integration/test_thread_safety_comprehensive.py::TestBatchThumbnailWorkerThreadSafety::test_signal_emission_thread_boundary 
tests/integration/test_thread_safety_comprehensive.py::TestWorkerControllerThreadSafety::test_controller_lifecycle_thread_safety 
tests/ui/frame_mapping/dialogs/test_sprite_selection_dialog.py::TestSpriteSelectionDialogBasics::test_dialog_shows_correct_palettes 
[gw3] [  5%] PASSED tests/integration/test_thread_safety_comprehensive.py::TestWorkerControllerThreadSafety::test_controller_lifecycle_thread_safety 
[gw6] [  5%] PASSED tests/ui/frame_mapping/dialogs/test_sprite_selection_dialog.py::TestSpriteSelectionDialogBasics::test_dialog_shows_correct_palettes 
tests/integration/test_thread_safety_comprehensive.py::TestWorkerControllerThreadSafety::test_concurrent_queue_through_controller 
[gw3] [  5%] PASSED tests/integration/test_thread_safety_comprehensive.py::TestWorkerControllerThreadSafety::test_concurrent_queue_through_controller 
[gw1] [  5%] PASSED tests/integration/test_dialog_real_integration.py::TestBugDiscoveryRealVsMockedDialogs::test_discovered_bug_dialog_file_validation_integration 
tests/integration/test_thread_safety_comprehensive.py::TestRaceConditionPrevention::test_cache_clear_during_access_race 
tests/ui/components/test_paged_tile_view_widget.py::TestPagedTileViewWidget::test_goto_offset_hex_with_prefix 
tests/ui/components/test_has_capture_offset_types.py::TestHasCaptureFileOffset::test_has_capture_finds_file_offset 
[gw4] [  5%] PASSED tests/ui/components/test_has_capture_offset_types.py::TestHasCaptureFileOffset::test_has_capture_finds_file_offset 
[gw5] [  5%] PASSED tests/ui/components/test_paged_tile_view_widget.py::TestPagedTileViewWidget::test_goto_offset_hex_with_prefix 
tests/integration/test_qt_signal_slot_patterns.py::TestThreadSafetyAndTiming::test_signal_emission_timing 
tests/ui/frame_mapping/dialogs/test_sprite_selection_dialog.py::TestSpriteSelectionDialogBasics::test_dialog_shows_correct_frame_number 
[gw3] [  5%] PASSED tests/integration/test_thread_safety_comprehensive.py::TestRaceConditionPrevention::test_cache_clear_during_access_race 
[gw2] [  5%] PASSED tests/integration/test_qt_signal_slot_patterns.py::TestThreadSafetyAndTiming::test_signal_emission_timing 
tests/integration/test_thread_safety_comprehensive.py::TestRaceConditionPrevention::test_worker_cleanup_during_processing_race 
[gw6] [  5%] PASSED tests/ui/frame_mapping/dialogs/test_sprite_selection_dialog.py::TestSpriteSelectionDialogBasics::test_dialog_shows_correct_frame_number 
[gw3] [  5%] PASSED tests/integration/test_thread_safety_comprehensive.py::TestRaceConditionPrevention::test_worker_cleanup_during_processing_race 
tests/integration/test_thread_safety_comprehensive.py::TestDeadlockPrevention::test_no_deadlock_in_nested_mutex_operations 
[gw3] [  5%] PASSED tests/integration/test_thread_safety_comprehensive.py::TestDeadlockPrevention::test_no_deadlock_in_nested_mutex_operations 
[gw0] [  5%] PASSED tests/integration/test_base_manager.py::TestMemoryStabilityPatterns::test_object_lifecycle_management 
tests/integration/test_thread_safety_comprehensive.py::TestDeadlockPrevention::test_no_circular_wait_in_worker 
tests/ui/components/test_has_capture_offset_types.py::TestHasCaptureFileOffset::test_has_capture_file_offset_persists_after_rom_update 
[gw3] [  5%] PASSED tests/integration/test_thread_safety_comprehensive.py::TestDeadlockPrevention::test_no_circular_wait_in_worker 
tests/integration/test_base_manager.py::TestMemoryStabilityPatterns::test_stress_memory_usage 
tests/integration/test_thread_safety_comprehensive.py::TestCoreOperationsSignalThreadSafety::test_thread_safety_signal_emission 
[gw4] [  5%] PASSED tests/ui/components/test_has_capture_offset_types.py::TestHasCaptureFileOffset::test_has_capture_file_offset_persists_after_rom_update 
[gw3] [  5%] PASSED tests/integration/test_thread_safety_comprehensive.py::TestCoreOperationsSignalThreadSafety::test_thread_safety_signal_emission 
tests/integration/test_ui_qt_safety.py::TestQtBooleanEvaluationFixes::test_qt_empty_containers_are_falsy 
[gw3] [  5%] PASSED tests/integration/test_ui_qt_safety.py::TestQtBooleanEvaluationFixes::test_qt_empty_containers_are_falsy 
tests/integration/test_drag_drop_integration.py::TestDropZoneIntegration::test_drop_zone_initialization 
tests/integration/test_qt_signal_slot_patterns.py::TestThreadSafetyAndTiming::test_high_frequency_emissions 
tests/ui/frame_mapping/dialogs/test_sprite_selection_dialog.py::TestSpriteSelectionDialogBasics::test_sprite_tree_has_correct_item_count 
[gw1] [  5%] PASSED tests/integration/test_drag_drop_integration.py::TestDropZoneIntegration::test_drop_zone_initialization 
[gw6] [  5%] PASSED tests/ui/frame_mapping/dialogs/test_sprite_selection_dialog.py::TestSpriteSelectionDialogBasics::test_sprite_tree_has_correct_item_count 
tests/ui/components/test_has_capture_offset_types.py::TestHasCaptureRomOffset::test_has_capture_finds_rom_offset_after_update 
[gw4] [  5%] PASSED tests/ui/components/test_has_capture_offset_types.py::TestHasCaptureRomOffset::test_has_capture_finds_rom_offset_after_update 
[gw2] [  5%] PASSED tests/integration/test_qt_signal_slot_patterns.py::TestThreadSafetyAndTiming::test_high_frequency_emissions 
[gw0] [  5%] PASSED tests/integration/test_base_manager.py::TestMemoryStabilityPatterns::test_stress_memory_usage 
tests/integration/test_bookmark_manager.py::TestBookmarkManager::test_initial_state 
tests/integration/test_ui_qt_safety.py::TestQtBooleanEvaluationFixes::test_qt_containers_with_items_are_truthy 
[gw3] [  5%] PASSED tests/integration/test_ui_qt_safety.py::TestQtBooleanEvaluationFixes::test_qt_containers_with_items_are_truthy 
[gw0] [  5%] PASSED tests/integration/test_bookmark_manager.py::TestBookmarkManager::test_initial_state 
tests/ui/components/test_paged_tile_view_widget.py::TestPagedTileViewWidget::test_goto_offset_hex_without_prefix 
tests/integration/test_bookmark_manager.py::TestBookmarkManager::test_create_menu_returns_menu 
[gw0] [  5%] PASSED tests/integration/test_bookmark_manager.py::TestBookmarkManager::test_create_menu_returns_menu 
tests/integration/test_bookmark_manager.py::TestBookmarkManager::test_add_bookmark_emits_status 
tests/integration/test_drag_drop_integration.py::TestDropZoneIntegration::test_set_file_emits_signal 
[gw0] [  5%] PASSED tests/integration/test_bookmark_manager.py::TestBookmarkManager::test_add_bookmark_emits_status 
tests/integration/test_bookmark_manager.py::TestBookmarkManager::test_add_bookmark_cancelled 
[gw5] [  5%] PASSED tests/ui/components/test_paged_tile_view_widget.py::TestPagedTileViewWidget::test_goto_offset_hex_without_prefix 
tests/ui/frame_mapping/dialogs/test_sprite_selection_dialog.py::TestSpriteSelectionDialogBasics::test_all_sprites_selected_by_default 
[gw0] [  5%] PASSED tests/integration/test_bookmark_manager.py::TestBookmarkManager::test_add_bookmark_cancelled 
[gw6] [  5%] PASSED tests/ui/frame_mapping/dialogs/test_sprite_selection_dialog.py::TestSpriteSelectionDialogBasics::test_all_sprites_selected_by_default 
tests/integration/test_bookmark_manager.py::TestBookmarkManager::test_duplicate_bookmark_rejected 
[gw1] [  5%] PASSED tests/integration/test_drag_drop_integration.py::TestDropZoneIntegration::test_set_file_emits_signal 
[gw0] [  5%] PASSED tests/integration/test_bookmark_manager.py::TestBookmarkManager::test_duplicate_bookmark_rejected 
tests/integration/test_bookmark_manager.py::TestBookmarkManager::test_go_to_bookmark_emits_signal 
[gw0] [  5%] PASSED tests/integration/test_bookmark_manager.py::TestBookmarkManager::test_go_to_bookmark_emits_signal 
tests/ui/components/test_has_capture_offset_types.py::TestHasCaptureByExplicitType::test_has_capture_by_file_offset_explicit 
tests/integration/test_bookmark_manager.py::TestBookmarkManager::test_clear_bookmarks 
tests/integration/test_qt_signal_slot_patterns.py::TestSignalBlockingAndError::test_blocked_signals 
[gw0] [  6%] PASSED tests/integration/test_bookmark_manager.py::TestBookmarkManager::test_clear_bookmarks 
[gw4] [  6%] PASSED tests/ui/components/test_has_capture_offset_types.py::TestHasCaptureByExplicitType::test_has_capture_by_file_offset_explicit 
tests/integration/test_bookmark_manager.py::TestBookmarkManager::test_menu_updates_on_add 
[gw0] [  6%] PASSED tests/integration/test_bookmark_manager.py::TestBookmarkManager::test_menu_updates_on_add 
tests/integration/test_bookmark_manager.py::TestBookmarkManager::test_cleanup 
[gw0] [  6%] PASSED tests/integration/test_bookmark_manager.py::TestBookmarkManager::test_cleanup 
tests/integration/test_ui_qt_safety.py::TestQtBooleanEvaluationFixes::test_layout_containers_special_case 
[gw3] [  6%] PASSED tests/integration/test_ui_qt_safety.py::TestQtBooleanEvaluationFixes::test_layout_containers_special_case 
tests/integration/test_bookmark_manager.py::TestBookmarkManager::test_multiple_bookmarks 
[gw0] [  6%] PASSED tests/integration/test_bookmark_manager.py::TestBookmarkManager::test_multiple_bookmarks 
tests/integration/test_comprehensive_dialog_migrations.py::TestComprehensiveDialogMigrations::test_all_dialogs_inherit_from_correct_base_classes 
[gw2] [  6%] PASSED tests/integration/test_qt_signal_slot_patterns.py::TestSignalBlockingAndError::test_blocked_signals 
tests/ui/frame_mapping/dialogs/test_sprite_selection_dialog.py::TestSpriteSelectionButtons::test_select_none_deselects_all 
tests/integration/test_drag_drop_integration.py::TestDropZoneIntegration::test_clear_drop_zone 
[gw6] [  6%] PASSED tests/ui/frame_mapping/dialogs/test_sprite_selection_dialog.py::TestSpriteSelectionButtons::test_select_none_deselects_all 
[gw1] [  6%] PASSED tests/integration/test_drag_drop_integration.py::TestDropZoneIntegration::test_clear_drop_zone 
tests/ui/components/test_has_capture_offset_types.py::TestHasCaptureByExplicitType::test_has_capture_by_rom_offset_explicit 
[gw4] [  6%] PASSED tests/ui/components/test_has_capture_offset_types.py::TestHasCaptureByExplicitType::test_has_capture_by_rom_offset_explicit 
tests/integration/test_ui_qt_safety.py::TestQtSafetyPatterns::test_safe_none_check_pattern 
[gw3] [  6%] PASSED tests/integration/test_ui_qt_safety.py::TestQtSafetyPatterns::test_safe_none_check_pattern 
tests/integration/test_ui_qt_safety.py::TestSpecificFixedLocations::test_layout_widget_addition_pattern 
[gw3] [  6%] PASSED tests/integration/test_ui_qt_safety.py::TestSpecificFixedLocations::test_layout_widget_addition_pattern 
tests/integration/test_ui_qt_safety.py::TestSpecificFixedLocations::test_container_item_addition_pattern 
tests/integration/test_qt_signal_slot_patterns.py::TestSignalBlockingAndError::test_exception_in_slot 
[gw3] [  6%] PASSED tests/integration/test_ui_qt_safety.py::TestSpecificFixedLocations::test_container_item_addition_pattern 
tests/integration/test_ui_qt_safety.py::TestSpecificFixedLocations::test_tab_widget_operations_pattern 
[gw3] [  6%] PASSED tests/integration/test_ui_qt_safety.py::TestSpecificFixedLocations::test_tab_widget_operations_pattern 
tests/integration/test_ui_qt_safety.py::TestSpecificFixedLocations::test_splitter_operations_pattern 
[gw3] [  6%] PASSED tests/integration/test_ui_qt_safety.py::TestSpecificFixedLocations::test_splitter_operations_pattern 
tests/integration/test_ui_qt_safety.py::TestQtBooleanEvaluationRegressionPrevention::test_common_qt_container_patterns 
[gw3] [  6%] PASSED tests/integration/test_ui_qt_safety.py::TestQtBooleanEvaluationRegressionPrevention::test_common_qt_container_patterns 
tests/integration/test_ui_qt_safety.py::TestQtBooleanEvaluationRegressionPrevention::test_anti_patterns_demonstration 
tests/ui/frame_mapping/dialogs/test_sprite_selection_dialog.py::TestSpriteSelectionButtons::test_select_all_selects_all 
[gw3] [  6%] PASSED tests/integration/test_ui_qt_safety.py::TestQtBooleanEvaluationRegressionPrevention::test_anti_patterns_demonstration 
tests/integration/test_ui_qt_safety.py::TestQtBooleanEvaluationIntegration::test_widget_hierarchy_operations 
[gw3] [  6%] PASSED tests/integration/test_ui_qt_safety.py::TestQtBooleanEvaluationIntegration::test_widget_hierarchy_operations 
[gw6] [  6%] PASSED tests/ui/frame_mapping/dialogs/test_sprite_selection_dialog.py::TestSpriteSelectionButtons::test_select_all_selects_all 
tests/integration/test_drag_drop_integration.py::TestDropZoneIntegration::test_overwrite_file 
tests/integration/test_ui_qt_safety.py::TestQtBooleanEvaluationIntegration::test_dynamic_ui_modification 
[gw3] [  6%] PASSED tests/integration/test_ui_qt_safety.py::TestQtBooleanEvaluationIntegration::test_dynamic_ui_modification 
tests/ui/components/test_paged_tile_view_widget.py::TestPagedTileViewWidget::test_goto_offset_clears_input 
tests/integration/test_ui_qt_safety.py::TestQtBooleanEvaluationIntegration::test_conditional_ui_updates 
tests/ui/components/test_has_capture_offset_types.py::TestDisplayUpdateWithSMCHeader::test_display_updates_file_offset_when_smc_header_present 
[gw3] [  6%] PASSED tests/integration/test_ui_qt_safety.py::TestQtBooleanEvaluationIntegration::test_conditional_ui_updates 
[gw4] [  6%] PASSED tests/ui/components/test_has_capture_offset_types.py::TestDisplayUpdateWithSMCHeader::test_display_updates_file_offset_when_smc_header_present 
tests/integration/test_worker_extraction.py::TestROMExtractionWorker::test_rom_worker_initialization_real 
[gw2] [  6%] PASSED tests/integration/test_qt_signal_slot_patterns.py::TestSignalBlockingAndError::test_exception_in_slot 
[gw3] [  6%] PASSED tests/integration/test_worker_extraction.py::TestROMExtractionWorker::test_rom_worker_initialization_real 
[gw1] [  6%] PASSED tests/integration/test_drag_drop_integration.py::TestDropZoneIntegration::test_overwrite_file 
[gw5] [  6%] PASSED tests/ui/components/test_paged_tile_view_widget.py::TestPagedTileViewWidget::test_goto_offset_clears_input 
tests/integration/test_worker_extraction.py::TestROMExtractionWorker::test_rom_manager_signal_connections_real 
[gw3] [  6%] PASSED tests/integration/test_worker_extraction.py::TestROMExtractionWorker::test_rom_manager_signal_connections_real 
tests/integration/test_worker_extraction.py::TestROMExtractionWorker::test_rom_successful_operation_real 
tests/ui/frame_mapping/dialogs/test_sprite_selection_dialog.py::TestPaletteFilter::test_palette_filter_has_all_palettes 
[gw6] [  6%] PASSED tests/ui/frame_mapping/dialogs/test_sprite_selection_dialog.py::TestPaletteFilter::test_palette_filter_has_all_palettes 
tests/ui/components/test_has_capture_offset_types.py::TestDisplayUpdateWithSMCHeader::test_tooltip_shows_both_offsets_after_update 
[gw3] [  6%] PASSED tests/integration/test_worker_extraction.py::TestROMExtractionWorker::test_rom_successful_operation_real 
[gw4] [  6%] PASSED tests/ui/components/test_has_capture_offset_types.py::TestDisplayUpdateWithSMCHeader::test_tooltip_shows_both_offsets_after_update 
tests/integration/test_qt_signal_slot_patterns.py::TestSignalBlockingAndError::test_deleted_receiver 
tests/integration/test_worker_extraction.py::TestROMExtractionWorker::test_rom_operation_error_handling_real 
tests/integration/test_drag_drop_integration.py::TestDropZoneIntegration::test_set_nonexistent_file 
[gw1] [  6%] PASSED tests/integration/test_drag_drop_integration.py::TestDropZoneIntegration::test_set_nonexistent_file 
[gw3] [  6%] PASSED tests/integration/test_worker_extraction.py::TestROMExtractionWorker::test_rom_operation_error_handling_real 
tests/integration/test_worker_extraction.py::TestROMExtractionWorker::test_rom_operation_cancellation_real 
[gw3] [  6%] PASSED tests/integration/test_worker_extraction.py::TestROMExtractionWorker::test_rom_operation_cancellation_real 
tests/integration/test_worker_headless_integration.py::TestVRAMExtractionWorkerHeadless::test_worker_logic_without_qt 
[gw3] [  6%] PASSED tests/integration/test_worker_headless_integration.py::TestVRAMExtractionWorkerHeadless::test_worker_logic_without_qt 
tests/integration/test_worker_headless_integration.py::TestWorkerBusinessLogic::test_extraction_workflow_logic 
tests/ui/frame_mapping/dialogs/test_sprite_selection_dialog.py::TestPaletteFilter::test_palette_filter_shows_only_matching_entries 
[gw6] [  6%] PASSED tests/ui/frame_mapping/dialogs/test_sprite_selection_dialog.py::TestPaletteFilter::test_palette_filter_shows_only_matching_entries 
[gw0] [  6%] PASSED tests/integration/test_comprehensive_dialog_migrations.py::TestComprehensiveDialogMigrations::test_all_dialogs_inherit_from_correct_base_classes 
tests/ui/components/test_hex_offset_input.py::TestHexOffsetInputInit::test_init_default 
[gw4] [  6%] PASSED tests/ui/components/test_hex_offset_input.py::TestHexOffsetInputInit::test_init_default 
tests/integration/test_drag_drop_integration.py::TestDropZoneIntegration::test_multiple_drop_zones_independent 
[gw3] [  6%] PASSED tests/integration/test_worker_headless_integration.py::TestWorkerBusinessLogic::test_extraction_workflow_logic 
tests/integration/test_worker_headless_integration.py::TestWorkerBusinessLogic::test_pixmap_creation_mocked 
[gw3] [  6%] PASSED tests/integration/test_worker_headless_integration.py::TestWorkerBusinessLogic::test_pixmap_creation_mocked 
tests/integration/test_worker_manager.py::TestWorkerManagerReal::test_cleanup_none_worker_real 
[gw1] [  7%] PASSED tests/integration/test_drag_drop_integration.py::TestDropZoneIntegration::test_multiple_drop_zones_independent 
tests/ui/components/test_paged_tile_view_widget.py::TestPagedTileViewWidget::test_goto_offset_invalid_format 
[gw3] [  7%] PASSED tests/integration/test_worker_manager.py::TestWorkerManagerReal::test_cleanup_none_worker_real 
tests/integration/test_worker_manager.py::TestWorkerManagerReal::test_cleanup_stopped_worker_real 
[gw3] [  7%] PASSED tests/integration/test_worker_manager.py::TestWorkerManagerReal::test_cleanup_stopped_worker_real 
tests/integration/test_worker_manager.py::TestWorkerManagerReal::test_cleanup_running_worker_real 
[gw2] [  7%] PASSED tests/integration/test_qt_signal_slot_patterns.py::TestSignalBlockingAndError::test_deleted_receiver 
[gw5] [  7%] PASSED tests/ui/components/test_paged_tile_view_widget.py::TestPagedTileViewWidget::test_goto_offset_invalid_format 
[gw3] [  7%] PASSED tests/integration/test_worker_manager.py::TestWorkerManagerReal::test_cleanup_running_worker_real 
tests/ui/frame_mapping/dialogs/test_sprite_selection_dialog.py::TestPaletteFilter::test_palette_filter_all_shows_all 
tests/integration/test_comprehensive_dialog_migrations.py::TestComprehensiveDialogMigrations::test_dialog_button_integration_consistency 
[gw6] [  7%] PASSED tests/ui/frame_mapping/dialogs/test_sprite_selection_dialog.py::TestPaletteFilter::test_palette_filter_all_shows_all 
tests/ui/components/test_hex_offset_input.py::TestHexOffsetInputInit::test_init_with_custom_placeholder 
[gw4] [  7%] PASSED tests/ui/components/test_hex_offset_input.py::TestHexOffsetInputInit::test_init_with_custom_placeholder 
tests/integration/test_drag_drop_integration.py::TestDropZoneFileTypeValidation::test_vram_drop_zone_file_type 
[gw1] [  7%] PASSED tests/integration/test_drag_drop_integration.py::TestDropZoneFileTypeValidation::test_vram_drop_zone_file_type 
tests/integration/test_qt_threading_patterns.py::TestQThreadPatterns::test_movetothread_pattern 
[gw0] [  7%] PASSED tests/integration/test_comprehensive_dialog_migrations.py::TestComprehensiveDialogMigrations::test_dialog_button_integration_consistency 
tests/integration/test_worker_manager.py::TestWorkerManagerReal::test_cleanup_with_timeout_real 
tests/ui/frame_mapping/dialogs/test_sprite_selection_dialog.py::TestSelectedEntries::test_selected_entries_returns_all_when_all_checked 
[gw6] [  7%] PASSED tests/ui/frame_mapping/dialogs/test_sprite_selection_dialog.py::TestSelectedEntries::test_selected_entries_returns_all_when_all_checked 
tests/ui/components/test_hex_offset_input.py::TestHexOffsetInputInit::test_init_without_decimal_display 
[gw4] [  7%] PASSED tests/ui/components/test_hex_offset_input.py::TestHexOffsetInputInit::test_init_without_decimal_display 
tests/integration/test_drag_drop_integration.py::TestDropZoneFileTypeValidation::test_cgram_drop_zone_file_type 
[gw1] [  7%] PASSED tests/integration/test_drag_drop_integration.py::TestDropZoneFileTypeValidation::test_cgram_drop_zone_file_type 
tests/integration/test_comprehensive_dialog_migrations.py::TestComprehensiveDialogMigrations::test_dialog_status_bar_integration_consistency 
tests/ui/components/test_paged_tile_view_widget.py::TestPagedTileViewWidget::test_goto_offset_exceeds_rom 
[gw2] [  7%] PASSED tests/integration/test_qt_threading_patterns.py::TestQThreadPatterns::test_movetothread_pattern 
tests/integration/test_qt_threading_patterns.py::TestQThreadPatterns::test_subclassing_pattern 
[gw5] [  7%] PASSED tests/ui/components/test_paged_tile_view_widget.py::TestPagedTileViewWidget::test_goto_offset_exceeds_rom 
tests/ui/frame_mapping/dialogs/test_sprite_selection_dialog.py::TestSelectedEntries::test_selected_entries_returns_none_when_all_unchecked 
tests/ui/components/test_hex_offset_input.py::TestHexOffsetInputInit::test_init_with_decimal_display_shows_initial_value 
[gw4] [  7%] PASSED tests/ui/components/test_hex_offset_input.py::TestHexOffsetInputInit::test_init_with_decimal_display_shows_initial_value 
[gw0] [  7%] PASSED tests/integration/test_comprehensive_dialog_migrations.py::TestComprehensiveDialogMigrations::test_dialog_status_bar_integration_consistency 
[gw6] [  7%] PASSED tests/ui/frame_mapping/dialogs/test_sprite_selection_dialog.py::TestSelectedEntries::test_selected_entries_returns_none_when_all_unchecked 
tests/integration/test_drag_drop_integration.py::TestDropZoneFileTypeValidation::test_oam_drop_zone_file_type 
[gw2] [  7%] PASSED tests/integration/test_qt_threading_patterns.py::TestQThreadPatterns::test_subclassing_pattern 
[gw3] [  7%] PASSED tests/integration/test_worker_manager.py::TestWorkerManagerReal::test_cleanup_with_timeout_real 
tests/integration/test_qt_threading_patterns.py::TestQThreadPatterns::test_thread_affinity 
[gw2] [  7%] PASSED tests/integration/test_qt_threading_patterns.py::TestQThreadPatterns::test_thread_affinity 
[gw1] [  7%] PASSED tests/integration/test_drag_drop_integration.py::TestDropZoneFileTypeValidation::test_oam_drop_zone_file_type 
tests/integration/test_qt_threading_patterns.py::TestSignalSlotAcrossThreads::test_connection_types 
tests/ui/components/test_paged_tile_view_widget.py::TestPagedTileViewWidget::test_palette_checkbox_default_state 
[gw5] [  7%] PASSED tests/ui/components/test_paged_tile_view_widget.py::TestPagedTileViewWidget::test_palette_checkbox_default_state 
tests/integration/test_comprehensive_dialog_migrations.py::TestComprehensiveDialogMigrations::test_dialog_component_api_consistency 
tests/ui/components/test_hex_offset_input.py::TestHexOffsetInputInit::test_init_with_label_prefix 
tests/ui/frame_mapping/dialogs/test_sprite_selection_dialog.py::TestSelectedEntries::test_selected_entries_returns_only_checked 
[gw4] [  7%] PASSED tests/ui/components/test_hex_offset_input.py::TestHexOffsetInputInit::test_init_with_label_prefix 
[gw6] [  7%] PASSED tests/ui/frame_mapping/dialogs/test_sprite_selection_dialog.py::TestSelectedEntries::test_selected_entries_returns_only_checked 
[gw0] [  7%] PASSED tests/integration/test_comprehensive_dialog_migrations.py::TestComprehensiveDialogMigrations::test_dialog_component_api_consistency 
tests/integration/test_worker_manager.py::TestWorkerManagerReal::test_start_worker_real 
tests/integration/test_drag_drop_integration.py::TestDropZoneStateManagement::test_sequential_set_clear_cycles 
tests/ui/components/test_paged_tile_view_widget.py::TestPagedTileViewWidget::test_palette_toggle_disables_palette 
[gw1] [  7%] PASSED tests/integration/test_drag_drop_integration.py::TestDropZoneStateManagement::test_sequential_set_clear_cycles 
tests/ui/components/test_hex_offset_input.py::TestHexOffsetInputInit::test_init_custom_widths 
[gw4] [  7%] PASSED tests/ui/components/test_hex_offset_input.py::TestHexOffsetInputInit::test_init_custom_widths 
tests/ui/frame_mapping/dialogs/test_sprite_selection_dialog.py::TestPreviewUpdate::test_preview_updates_on_selection_change 
[gw3] [  7%] PASSED tests/integration/test_worker_manager.py::TestWorkerManagerReal::test_start_worker_real 
[gw6] [  7%] PASSED tests/ui/frame_mapping/dialogs/test_sprite_selection_dialog.py::TestPreviewUpdate::test_preview_updates_on_selection_change 
[gw5] [  7%] PASSED tests/ui/components/test_paged_tile_view_widget.py::TestPagedTileViewWidget::test_palette_toggle_disables_palette 
tests/integration/test_comprehensive_dialog_migrations.py::TestComprehensiveDialogMigrations::test_dialog_layout_architecture_consistency 
[gw2] [  7%] PASSED tests/integration/test_qt_threading_patterns.py::TestSignalSlotAcrossThreads::test_connection_types 
tests/integration/test_qt_threading_patterns.py::TestSignalSlotAcrossThreads::test_signal_parameter_safety 
[gw2] [  7%] PASSED tests/integration/test_qt_threading_patterns.py::TestSignalSlotAcrossThreads::test_signal_parameter_safety 
tests/integration/test_qt_threading_patterns.py::TestEventLoopManagement::test_worker_thread_event_loop 
tests/integration/test_drag_drop_integration.py::TestDropZoneStateManagement::test_clear_empty_drop_zone 
[gw0] [  7%] PASSED tests/integration/test_comprehensive_dialog_migrations.py::TestComprehensiveDialogMigrations::test_dialog_layout_architecture_consistency 
tests/ui/components/test_hex_offset_input.py::TestHexOffsetInputParsing::test_parse_prefixed_hex_lowercase 
[gw4] [  7%] PASSED tests/ui/components/test_hex_offset_input.py::TestHexOffsetInputParsing::test_parse_prefixed_hex_lowercase 
tests/integration/test_worker_manager.py::TestWorkerManagerReal::test_start_with_cleanup_real 
[gw1] [  7%] PASSED tests/integration/test_drag_drop_integration.py::TestDropZoneStateManagement::test_clear_empty_drop_zone 
tests/ui/frame_mapping/dialogs/test_sprite_selection_dialog.py::TestPreviewUpdate::test_preview_updates_on_filter_change 
[gw6] [  7%] PASSED tests/ui/frame_mapping/dialogs/test_sprite_selection_dialog.py::TestPreviewUpdate::test_preview_updates_on_filter_change 
[gw3] [  7%] PASSED tests/integration/test_worker_manager.py::TestWorkerManagerReal::test_start_with_cleanup_real 
tests/integration/test_comprehensive_dialog_migrations.py::TestComprehensiveDialogMigrations::test_dialog_signal_integration_preservation 
tests/ui/components/test_hex_offset_input.py::TestHexOffsetInputParsing::test_parse_prefixed_hex_uppercase 
[gw4] [  8%] PASSED tests/ui/components/test_hex_offset_input.py::TestHexOffsetInputParsing::test_parse_prefixed_hex_uppercase 
tests/integration/test_drag_drop_integration.py::TestMultiDropZoneWorkflow::test_complete_file_set_workflow 
tests/ui/components/test_paged_tile_view_widget.py::TestPagedTileViewWidget::test_palette_toggle_enables_palette 
tests/ui/frame_mapping/dialogs/test_sprite_selection_dialog.py::TestTreeItemFormat::test_item_shows_sprite_dimensions 
[gw6] [  8%] PASSED tests/ui/frame_mapping/dialogs/test_sprite_selection_dialog.py::TestTreeItemFormat::test_item_shows_sprite_dimensions 
[gw0] [  8%] PASSED tests/integration/test_comprehensive_dialog_migrations.py::TestComprehensiveDialogMigrations::test_dialog_signal_integration_preservation 
[gw1] [  8%] PASSED tests/integration/test_drag_drop_integration.py::TestMultiDropZoneWorkflow::test_complete_file_set_workflow 
[gw5] [  8%] PASSED tests/ui/components/test_paged_tile_view_widget.py::TestPagedTileViewWidget::test_palette_toggle_enables_palette 
tests/integration/test_worker_manager.py::TestWorkerManagerReal::test_worker_interruption_handling_real 
[gw3] [  8%] PASSED tests/integration/test_worker_manager.py::TestWorkerManagerReal::test_worker_interruption_handling_real 
tests/ui/components/test_hex_offset_input.py::TestHexOffsetInputParsing::test_parse_unprefixed_hex 
[gw4] [  8%] PASSED tests/ui/components/test_hex_offset_input.py::TestHexOffsetInputParsing::test_parse_unprefixed_hex 
tests/ui/frame_mapping/dialogs/test_sprite_selection_dialog.py::TestTreeItemFormat::test_item_shows_position 
tests/integration/test_comprehensive_dialog_migrations.py::TestComprehensiveDialogMigrations::test_dialog_error_handling_consistency 
[gw6] [  8%] PASSED tests/ui/frame_mapping/dialogs/test_sprite_selection_dialog.py::TestTreeItemFormat::test_item_shows_position 
tests/integration/test_drag_drop_integration.py::TestMultiDropZoneWorkflow::test_partial_file_workflow 
[gw1] [  8%] PASSED tests/integration/test_drag_drop_integration.py::TestMultiDropZoneWorkflow::test_partial_file_workflow 
tests/integration/test_worker_manager.py::TestWorkerManagerReal::test_worker_error_handling_real 
[gw0] [  8%] PASSED tests/integration/test_comprehensive_dialog_migrations.py::TestComprehensiveDialogMigrations::test_dialog_error_handling_consistency 
[gw3] [  8%] PASSED tests/integration/test_worker_manager.py::TestWorkerManagerReal::test_worker_error_handling_real 
tests/ui/components/test_hex_offset_input.py::TestHexOffsetInputParsing::test_parse_mixed_case 
[gw4] [  8%] PASSED tests/ui/components/test_hex_offset_input.py::TestHexOffsetInputParsing::test_parse_mixed_case 
tests/ui/frame_mapping/dialogs/test_sprite_selection_dialog.py::TestTreeItemFormat::test_item_shows_palette 
[gw6] [  8%] PASSED tests/ui/frame_mapping/dialogs/test_sprite_selection_dialog.py::TestTreeItemFormat::test_item_shows_palette 
tests/ui/components/test_paged_tile_view_widget.py::TestPagedTileViewWidget::test_palette_checkbox_disabled_when_no_palette 
tests/integration/test_drag_drop_integration.py::TestMultiDropZoneWorkflow::test_clear_all_drop_zones 
[gw5] [  8%] PASSED tests/ui/components/test_paged_tile_view_widget.py::TestPagedTileViewWidget::test_palette_checkbox_disabled_when_no_palette 
tests/integration/test_comprehensive_dialog_migrations.py::TestComprehensiveDialogMigrations::test_dialog_memory_management_consistency 
tests/integration/test_worker_manager.py::TestWorkerManagerReal::test_multiple_worker_management_real 
[gw1] [  8%] PASSED tests/integration/test_drag_drop_integration.py::TestMultiDropZoneWorkflow::test_clear_all_drop_zones 
[gw0] [  8%] PASSED tests/integration/test_comprehensive_dialog_migrations.py::TestComprehensiveDialogMigrations::test_dialog_memory_management_consistency 
tests/ui/components/test_hex_offset_input.py::TestHexOffsetInputParsing::test_parse_large_offset 
[gw4] [  8%] PASSED tests/ui/components/test_hex_offset_input.py::TestHexOffsetInputParsing::test_parse_large_offset 
[gw3] [  8%] PASSED tests/integration/test_worker_manager.py::TestWorkerManagerReal::test_multiple_worker_management_real 
[gw2] [  8%] PASSED tests/integration/test_qt_threading_patterns.py::TestEventLoopManagement::test_worker_thread_event_loop 
tests/ui/frame_mapping/dialogs/test_sprite_selection_dialog.py::TestTreeItemFormat::test_item_shows_priority 
tests/integration/test_qt_threading_patterns.py::TestEventLoopManagement::test_blocking_operations_with_event_loop 
[gw6] [  8%] PASSED tests/ui/frame_mapping/dialogs/test_sprite_selection_dialog.py::TestTreeItemFormat::test_item_shows_priority 
[...]
[gw2] [ 98%] PASSED tests/unit/core/services/test_palette_offset_calculator.py::TestPaletteOffsetCalculator::test_character_specific_offset_via_hint 
tests/unit/core/services/test_palette_offset_calculator.py::TestPaletteOffsetCalculator::test_returns_none_on_exception 
tests/unit/core/services/test_palette_offset_calculator.py::TestPaletteOffsetCalculator::test_returns_none_when_no_palette_config 
[gw1] [ 98%] PASSED tests/unit/core/services/test_palette_offset_calculator.py::TestPaletteOffsetCalculator::test_returns_none_on_exception 
[gw2] [ 98%] PASSED tests/unit/core/services/test_palette_offset_calculator.py::TestPaletteOffsetCalculator::test_returns_none_when_no_palette_config 
tests/unit/core/services/test_palette_offset_calculator.py::TestPaletteOffsetCalculator::test_handles_int_hints 
tests/unit/core/services/test_quantization_strategies.py::TestIndexPassthroughStrategy::test_creates_indexed_image_from_index_map 
[gw2] [ 98%] PASSED tests/unit/core/services/test_quantization_strategies.py::TestIndexPassthroughStrategy::test_creates_indexed_image_from_index_map 
[gw1] [ 98%] PASSED tests/unit/core/services/test_palette_offset_calculator.py::TestPaletteOffsetCalculator::test_handles_int_hints 
[gw5] [ 98%] PASSED tests/unit/ui/workspaces/test_frame_mapping_workspace_di.py::TestFrameMappingWorkspaceDI::test_signal_connections_with_injected_controller 
tests/unit/core/services/test_quantization_strategies.py::TestIndexPassthroughStrategy::test_raises_without_index_map 
tests/unit/core/services/test_quantization_strategies.py::TestIndexPassthroughStrategy::test_raises_without_sheet_palette 
[gw2] [ 99%] PASSED tests/unit/core/services/test_quantization_strategies.py::TestIndexPassthroughStrategy::test_raises_without_index_map 
[gw1] [ 99%] PASSED tests/unit/core/services/test_quantization_strategies.py::TestIndexPassthroughStrategy::test_raises_without_sheet_palette 
tests/unit/core/services/test_quantization_strategies.py::TestPaletteMappingStrategy::test_uses_color_mappings 
tests/unit/core/services/test_quantization_strategies.py::TestPaletteMappingStrategy::test_raises_without_color_mappings 
[gw1] [ 99%] PASSED tests/unit/core/services/test_quantization_strategies.py::TestPaletteMappingStrategy::test_raises_without_color_mappings 
[gw2] [ 99%] PASSED tests/unit/core/services/test_quantization_strategies.py::TestPaletteMappingStrategy::test_uses_color_mappings 
tests/unit/core/services/test_quantization_strategies.py::TestStandardQuantizationStrategy::test_raises_without_sheet_palette 
tests/unit/core/services/test_quantization_strategies.py::TestStandardQuantizationStrategy::test_quantizes_to_palette 
[gw1] [ 99%] PASSED tests/unit/core/services/test_quantization_strategies.py::TestStandardQuantizationStrategy::test_raises_without_sheet_palette 
[gw2] [ 99%] PASSED tests/unit/core/services/test_quantization_strategies.py::TestStandardQuantizationStrategy::test_quantizes_to_palette 
tests/unit/core/services/test_quantization_strategies.py::TestCapturePaletteFallbackStrategy::test_uses_capture_palette 
tests/unit/core/services/test_quantization_strategies.py::TestCapturePaletteFallbackStrategy::test_returns_original_without_capture_palette 
[gw1] [ 99%] PASSED tests/unit/core/services/test_quantization_strategies.py::TestCapturePaletteFallbackStrategy::test_uses_capture_palette 
[gw2] [ 99%] PASSED tests/unit/core/services/test_quantization_strategies.py::TestCapturePaletteFallbackStrategy::test_returns_original_without_capture_palette 
[gw7] [ 99%] PASSED tests/unit/ui/workspaces/test_frame_mapping_workspace_di.py::TestFrameMappingWorkspaceDI::test_multiple_workspaces_with_separate_controllers 
tests/unit/core/services/test_quantization_strategies.py::TestSelectQuantizationStrategy::test_selects_index_passthrough_when_valid 
tests/unit/core/services/test_quantization_strategies.py::TestSelectQuantizationStrategy::test_skips_passthrough_when_index_map_has_255 
[gw1] [ 99%] PASSED tests/unit/core/services/test_quantization_strategies.py::TestSelectQuantizationStrategy::test_selects_index_passthrough_when_valid 
[gw2] [ 99%] PASSED tests/unit/core/services/test_quantization_strategies.py::TestSelectQuantizationStrategy::test_skips_passthrough_when_index_map_has_255 
tests/unit/core/services/test_quantization_strategies.py::TestSelectQuantizationStrategy::test_selects_palette_mapping_when_has_mappings 
tests/unit/core/services/test_quantization_strategies.py::TestSelectQuantizationStrategy::test_selects_standard_when_sheet_palette_only 
[gw1] [ 99%] PASSED tests/unit/core/services/test_quantization_strategies.py::TestSelectQuantizationStrategy::test_selects_palette_mapping_when_has_mappings 
[gw2] [ 99%] PASSED tests/unit/core/services/test_quantization_strategies.py::TestSelectQuantizationStrategy::test_selects_standard_when_sheet_palette_only 
[gw4] [ 99%] PASSED tests/unit/ui/workspaces/test_frame_mapping_workspace_di.py::TestFrameMappingWorkspaceDI::test_controller_survives_workspace_deletion_when_injected 
tests/unit/core/services/test_quantization_strategies.py::TestSelectQuantizationStrategy::test_selects_capture_fallback_when_no_sheet_palette 
tests/unit/core/services/test_quantization_strategies.py::TestSelectQuantizationStrategy::test_priority_passthrough_over_mapping 
[gw1] [ 99%] PASSED tests/unit/core/services/test_quantization_strategies.py::TestSelectQuantizationStrategy::test_selects_capture_fallback_when_no_sheet_palette 
[gw2] [ 99%] PASSED tests/unit/core/services/test_quantization_strategies.py::TestSelectQuantizationStrategy::test_priority_passthrough_over_mapping 
tests/unit/core/services/test_rom_staging_manager.py::TestStagingSession::test_valid_staging_path 
tests/unit/core/services/test_rom_staging_manager.py::TestStagingSession::test_invalid_staging_path_raises 
[gw1] [ 99%] PASSED tests/unit/core/services/test_rom_staging_manager.py::TestStagingSession::test_valid_staging_path 
[gw2] [ 99%] PASSED tests/unit/core/services/test_rom_staging_manager.py::TestStagingSession::test_invalid_staging_path_raises 
tests/unit/core/services/test_rom_staging_manager.py::TestROMStagingManagerCreateInjectionCopy::test_creates_numbered_copy 
tests/unit/core/services/test_rom_staging_manager.py::TestROMStagingManagerCreateInjectionCopy::test_increments_counter_for_existing 
[gw1] [ 99%] PASSED tests/unit/core/services/test_rom_staging_manager.py::TestROMStagingManagerCreateInjectionCopy::test_creates_numbered_copy 
[gw2] [ 99%] PASSED tests/unit/core/services/test_rom_staging_manager.py::TestROMStagingManagerCreateInjectionCopy::test_increments_counter_for_existing 
tests/unit/core/services/test_rom_staging_manager.py::TestROMStagingManagerCreateInjectionCopy::test_strips_modified_suffix 
tests/unit/core/services/test_rom_staging_manager.py::TestROMStagingManagerCreateInjectionCopy::test_strips_existing_injected_suffix 
tests/unit/core/services/test_palette_offset_calculator.py::TestPaletteOffsetCalculator::test_generic_palette_calculation 
[gw1] [ 99%] PASSED tests/unit/core/services/test_rom_staging_manager.py::TestROMStagingManagerCreateInjectionCopy::test_strips_modified_suffix 
[gw2] [ 99%] PASSED tests/unit/core/services/test_rom_staging_manager.py::TestROMStagingManagerCreateInjectionCopy::test_strips_existing_injected_suffix 
tests/unit/core/services/test_rom_staging_manager.py::TestROMStagingManagerCreateInjectionCopy::test_returns_none_on_copy_failure 
tests/unit/core/services/test_rom_staging_manager.py::TestROMStagingManagerCreateInjectionCopy::test_uses_output_path_directory 
[gw1] [ 99%] PASSED tests/unit/core/services/test_rom_staging_manager.py::TestROMStagingManagerCreateInjectionCopy::test_uses_output_path_directory 
[gw2] [ 99%] PASSED tests/unit/core/services/test_rom_staging_manager.py::TestROMStagingManagerCreateInjectionCopy::test_returns_none_on_copy_failure 
tests/unit/core/services/test_rom_staging_manager.py::TestROMStagingManagerCommit::test_commit_replaces_target 
tests/unit/core/services/test_rom_staging_manager.py::TestROMStagingManagerCreateStaging::test_returns_none_on_failure 
[gw1] [ 99%] PASSED tests/unit/core/services/test_rom_staging_manager.py::TestROMStagingManagerCommit::test_commit_replaces_target 
[gw2] [ 99%] PASSED tests/unit/core/services/test_rom_staging_manager.py::TestROMStagingManagerCreateStaging::test_returns_none_on_failure 
tests/unit/core/services/test_rom_staging_manager.py::TestROMStagingManagerCommit::test_commit_idempotent 
[gw1] [ 99%] PASSED tests/unit/core/services/test_rom_staging_manager.py::TestROMStagingManagerCommit::test_commit_idempotent 
tests/unit/core/services/test_rom_staging_manager.py::TestROMStagingManagerRollback::test_rollback_deletes_staging 
[gw2] [ 99%] PASSED tests/unit/core/services/test_rom_staging_manager.py::TestROMStagingManagerRollback::test_rollback_deletes_staging 
tests/unit/ui/workspaces/test_frame_mapping_workspace_di.py::TestFrameMappingWorkspaceDI::test_multiple_workspaces_with_shared_controller 
[gw5] [ 99%] PASSED tests/unit/core/services/test_palette_offset_calculator.py::TestPaletteOffsetCalculator::test_generic_palette_calculation 
tests/unit/ui/workspaces/test_frame_mapping_workspace_di.py::TestEditorPaletteSyncOnPaletteChange::test_palette_editors_synced_when_palette_color_changes 
tests/unit/core/services/test_rom_staging_manager.py::TestROMStagingManagerCreateStaging::test_creates_staging_copy 
[gw5] [ 99%] PASSED tests/unit/core/services/test_rom_staging_manager.py::TestROMStagingManagerCreateStaging::test_creates_staging_copy 
[gw4] [ 99%] PASSED tests/unit/ui/workspaces/test_frame_mapping_workspace_di.py::TestEditorPaletteSyncOnPaletteChange::test_palette_editors_synced_when_palette_color_changes 
[gw7] [ 99%] PASSED tests/unit/ui/workspaces/test_frame_mapping_workspace_di.py::TestFrameMappingWorkspaceDI::test_multiple_workspaces_with_shared_controller 
tests/unit/ui/workspaces/test_frame_mapping_workspace_di.py::TestEditorPaletteSyncOnPaletteChange::test_no_crash_when_no_editors_open 
[gw4] [ 99%] PASSED tests/unit/ui/workspaces/test_frame_mapping_workspace_di.py::TestEditorPaletteSyncOnPaletteChange::test_no_crash_when_no_editors_open 
tests/unit/ui/workspaces/test_frame_mapping_workspace_di.py::TestEditorPaletteSyncOnPaletteChange::test_editor_receives_new_palette_reference 
[gw4] [ 99%] PASSED tests/unit/ui/workspaces/test_frame_mapping_workspace_di.py::TestEditorPaletteSyncOnPaletteChange::test_editor_receives_new_palette_reference DEBUG - spritepal.core.services.worker_lifecycle - cleanup_all: Starting cleanup (registry size: 0)
DEBUG - spritepal.core.services.worker_lifecycle - cleanup_all: Found 0 registered workers
DEBUG - spritepal.core.services.worker_lifecycle - cleanup_all: Processed Qt events for cleanup completion
DEBUG - spritepal.core.services.worker_lifecycle - cleanup_all: Skipping explicit gc.collect() to avoid Qt finalization race
DEBUG - spritepal.core.services.worker_lifecycle - cleanup_all: Waited for OS thread cleanup
DEBUG - spritepal.core.services.worker_lifecycle - cleanup_all: No workers needed cleanup
DEBUG - spritepal.core.services.worker_lifecycle - cleanup_all: Starting cleanup (registry size: 0)
DEBUG - spritepal.core.services.worker_lifecycle - cleanup_all: Found 0 registered workers
DEBUG - spritepal.core.services.worker_lifecycle - cleanup_all: Processed Qt events for cleanup completion
DEBUG - spritepal.core.services.worker_lifecycle - cleanup_all: Skipping explicit gc.collect() to avoid Qt finalization race
DEBUG - spritepal.core.services.worker_lifecycle - cleanup_all: Waited for OS thread cleanup
DEBUG - spritepal.core.services.worker_lifecycle - cleanup_all: No workers needed cleanup

[gw0] [ 99%] PASSED tests/unit/ui/workspaces/test_frame_mapping_workspace_di.py::TestAutoSaveDebouncing::test_save_debounced_on_rapid_changes DEBUG - spritepal.core.services.worker_lifecycle - cleanup_all: Starting cleanup (registry size: 0)
DEBUG - spritepal.core.services.worker_lifecycle - cleanup_all: Found 0 registered workers
DEBUG - spritepal.core.services.worker_lifecycle - cleanup_all: Processed Qt events for cleanup completion
DEBUG - spritepal.core.services.worker_lifecycle - cleanup_all: Skipping explicit gc.collect() to avoid Qt finalization race
DEBUG - spritepal.core.services.worker_lifecycle - cleanup_all: Waited for OS thread cleanup
DEBUG - spritepal.core.services.worker_lifecycle - cleanup_all: No workers needed cleanup

tests/unit/ui/workspaces/test_frame_mapping_workspace_di.py::TestAutoSaveDebouncing::test_timer_restarts_on_new_request DEBUG - spritepal.core.services.worker_lifecycle - cleanup_all: Starting cleanup (registry size: 0)
DEBUG - spritepal.core.services.worker_lifecycle - cleanup_all: Found 0 registered workers
DEBUG - spritepal.core.services.worker_lifecycle - cleanup_all: Processed Qt events for cleanup completion
DEBUG - spritepal.core.services.worker_lifecycle - cleanup_all: Skipping explicit gc.collect() to avoid Qt finalization race
DEBUG - spritepal.core.services.worker_lifecycle - cleanup_all: Waited for OS thread cleanup
DEBUG - spritepal.core.services.worker_lifecycle - cleanup_all: No workers needed cleanup

[gw6] [ 99%] PASSED tests/unit/core/services/test_lru_cache.py::TestBaseLRUCacheThreadSafety::test_high_contention_stress 
tests/unit/core/services/test_palette_offset_calculator.py::TestPaletteOffsetCalculator::test_falls_back_to_generic_when_multiple_characters_no_match 
[gw6] [ 99%] PASSED tests/unit/core/services/test_palette_offset_calculator.py::TestPaletteOffsetCalculator::test_falls_back_to_generic_when_multiple_characters_no_match DEBUG - spritepal.core.services.worker_lifecycle - cleanup_all: Starting cleanup (registry size: 0)
DEBUG - spritepal.core.services.worker_lifecycle - cleanup_all: Found 0 registered workers
DEBUG - spritepal.core.services.worker_lifecycle - cleanup_all: Processed Qt events for cleanup completion
DEBUG - spritepal.core.services.worker_lifecycle - cleanup_all: Skipping explicit gc.collect() to avoid Qt finalization race
DEBUG - spritepal.core.services.worker_lifecycle - cleanup_all: Waited for OS thread cleanup
DEBUG - spritepal.core.services.worker_lifecycle - cleanup_all: No workers needed cleanup

[gw0] [ 99%] PASSED tests/unit/ui/workspaces/test_frame_mapping_workspace_di.py::TestAutoSaveDebouncing::test_timer_restarts_on_new_request 
tests/unit/core/services/test_injection_orchestrator.py::TestInjectionOrchestratorValidation::test_validates_ai_frame_exists 
[gw0] [100%] PASSED tests/unit/core/services/test_injection_orchestrator.py::TestInjectionOrchestratorValidation::test_validates_ai_frame_exists DEBUG - spritepal.core.services.worker_lifecycle - cleanup_all: Starting cleanup (registry size: 0)
DEBUG - spritepal.core.services.worker_lifecycle - cleanup_all: Found 0 registered workers
DEBUG - spritepal.core.services.worker_lifecycle - cleanup_all: Processed Qt events for cleanup completion
DEBUG - spritepal.core.services.worker_lifecycle - cleanup_all: Skipping explicit gc.collect() to avoid Qt finalization race
DEBUG - spritepal.core.services.worker_lifecycle - cleanup_all: Waited for OS thread cleanup
DEBUG - spritepal.core.services.worker_lifecycle - cleanup_all: No workers needed cleanup
DEBUG - spritepal.core.services.worker_lifecycle - cleanup_all: Starting cleanup (registry size: 0)
DEBUG - spritepal.core.services.worker_lifecycle - cleanup_all: Found 0 registered workers
DEBUG - spritepal.core.services.worker_lifecycle - cleanup_all: Skipping explicit gc.collect() to avoid Qt finalization race
DEBUG - spritepal.core.services.worker_lifecycle - cleanup_all: Waited for OS thread cleanup
DEBUG - spritepal.core.services.worker_lifecycle - cleanup_all: No workers needed cleanup
DEBUG - spritepal.core.services.worker_lifecycle - cleanup_all: Starting cleanup (registry size: 0)
DEBUG - spritepal.core.services.worker_lifecycle - cleanup_all: Found 0 registered workers
DEBUG - spritepal.core.services.worker_lifecycle - cleanup_all: Skipping explicit gc.collect() to avoid Qt finalization race
DEBUG - spritepal.core.services.worker_lifecycle - cleanup_all: Waited for OS thread cleanup
DEBUG - spritepal.core.services.worker_lifecycle - cleanup_all: No workers needed cleanup


=================================== FAILURES ===================================
___________ tests/unit/core/services/test_injection_orchestrator.py ____________
[gw3] linux -- Python 3.12.3 /mnt/c/CustomScripts/KirbyMax/workshop/exhal-master/spritepal/.venv/bin/python3
worker 'gw3' crashed while running 'tests/unit/core/services/test_injection_orchestrator.py::TestInjectionOrchestratorValidation::test_validates_mapping_exists'
=============================== warnings summary ===============================
tests/ui/components/test_rom_extraction_panel.py::test_ready_for_inject_hidden_in_rom_mode
tests/ui/row_arrangement/test_grid_arrangement_dialog.py::TestGridArrangementUXFixes::test_export_button_presence
tests/ui/row_arrangement/test_grid_arrangement_dialog.py::TestGridArrangementUXFixes::test_enter_key_adds_selection
tests/ui/row_arrangement/test_grid_arrangement_dialog.py::TestGridArrangementUXFixes::test_target_width_affects_auto_placement
tests/ui/row_arrangement/test_grid_arrangement_dialog.py::TestGridArrangementUXFixes::test_c_key_toggles_palette
tests/ui/row_arrangement/test_grid_arrangement_dialog.py::TestGridArrangementUXFixes::test_legend_shows_mouse_shortcuts
tests/ui/row_arrangement/test_grid_arrangement_dialog.py::TestGridArrangementUXFixes::test_legend_collapsible
tests/ui/row_arrangement/test_grid_arrangement_dialog.py::TestGridArrangementUXFixes::test_palette_toggle_button
tests/ui/test_import_mesen_capture.py::TestImportMesenCapture::test_import_button_exists
  /mnt/c/CustomScripts/KirbyMax/workshop/exhal-master/spritepal/.venv/lib/python3.12/site-packages/pytestqt/qtbot.py:304: DeprecationWarning: waitForWindowShown is deprecated, as the underlying Qt method was obsoleted in Qt 5.0 and removed in Qt 6.0. Its name is imprecise and the pytest-qt wrapper does not raise qtbot.TimeoutError if the window wasn't shown. Please use the qtbot.waitExposed context manager instead.
    warnings.warn(

-- Docs: https://docs.pytest.org/en/stable/how-to/capture-warnings.html
=========================== short test summary info ============================
SKIPPED [1] tests/ui/components/test_image_utils.py:73: GUI tests skipped in headless environment
SKIPPED [1] tests/ui/components/test_image_utils.py:85: GUI tests skipped in headless environment
SKIPPED [1] tests/ui/components/test_image_utils.py:96: GUI tests skipped in headless environment
SKIPPED [1] tests/ui/components/test_image_utils.py:106: GUI tests skipped in headless environment
SKIPPED [1] tests/ui/components/test_image_utils.py:116: GUI tests skipped in headless environment
SKIPPED [1] tests/tools/mesen2/test_debug_dma.py: Mesen2 tests require --run-mesen2 flag
SKIPPED [1] tests/tools/mesen2/test_documented_offsets.py: Mesen2 tests require --run-mesen2 flag
SKIPPED [1] tests/tools/mesen2/test_enhanced_dma.py: Mesen2 tests require --run-mesen2 flag
SKIPPED [1] tests/tools/mesen2/test_exhal_simple.py: Mesen2 tests require --run-mesen2 flag
SKIPPED [1] tests/tools/mesen2/test_mesen_basic.py: Mesen2 tests require --run-mesen2 flag
SKIPPED [1] tests/ui/integration/test_overlay_workflow.py:684: Requires GUI
SKIPPED [1] tests/unit/test_hal_golden.py:139: No golden data recorded - run with --regenerate-golden first
SKIPPED [1] tests/unit/test_hal_golden.py:178: Use --regenerate-golden to regenerate golden data
SKIPPED [1] tests/unit/ui/frame_mapping/controllers/test_file_io_errors.py:177: Permission tests unreliable on Windows/WSL
FAILED tests/unit/core/services/test_injection_orchestrator.py::TestInjectionOrchestratorValidation::test_validates_mapping_exists
====== 1 failed, 3847 passed, 14 skipped, 9 warnings in 80.35s (0:01:20) =======
