============================= test session starts ==============================
platform linux -- Python 3.13.3, pytest-9.0.2, pluggy-1.6.0 -- /mnt/c/CustomScripts/KirbyMax/workshop/exhal-master/spritepal/.venv/bin/python3
cachedir: .pytest_cache
PySide6 6.10.1 -- Qt runtime 6.10.1 -- Qt compiled 6.10.1
rootdir: /mnt/c/CustomScripts/KirbyMax/workshop/exhal-master/spritepal
configfile: pyproject.toml
testpaths: tests
plugins: cov-7.0.0, mock-3.15.1, qt-4.5.0, timeout-2.4.0
timeout: 30.0s
timeout method: thread
timeout func_only: False
collecting ... collected 2074 items / 847 deselected / 4 skipped / 1227 selected

tests/controllers/test_extraction_controller_canonical.py::TestControllerImports::test_controller_imports PASSED [  0%]
tests/controllers/test_extraction_controller_canonical.py::TestControllerImports::test_pil_to_qpixmap_import PASSED [  0%]
tests/controllers/test_extraction_controller_canonical.py::TestExtractionControllerUnit::test_init_connects_signals PASSED [  0%]
tests/controllers/test_extraction_controller_canonical.py::TestExtractionControllerUnit::test_parameter_validation_missing_vram PASSED [  0%]
tests/controllers/test_extraction_controller_canonical.py::TestExtractionControllerUnit::test_parameter_validation_missing_cgram PASSED [  0%]
tests/controllers/test_extraction_controller_canonical.py::TestExtractionControllerUnit::test_parameter_validation_missing_both PASSED [  0%]
tests/controllers/test_extraction_controller_canonical.py::TestExtractionControllerUnit::test_start_extraction_valid_params PASSED [  0%]
tests/controllers/test_extraction_controller_canonical.py::TestExtractionControllerUnit::test_on_progress_handler PASSED [  0%]
tests/controllers/test_extraction_controller_canonical.py::TestExtractionControllerUnit::test_on_preview_ready_handler PASSED [  0%]
tests/controllers/test_extraction_controller_canonical.py::TestExtractionControllerUnit::test_on_preview_image_ready_handler PASSED [  0%]
tests/controllers/test_extraction_controller_canonical.py::TestExtractionControllerUnit::test_on_palettes_ready_handler PASSED [  0%]
tests/controllers/test_extraction_controller_canonical.py::TestExtractionControllerUnit::test_on_active_palettes_ready_handler PASSED [  0%]
tests/controllers/test_extraction_controller_canonical.py::TestExtractionControllerUnit::test_on_extraction_finished_handler PASSED [  1%]
tests/controllers/test_extraction_controller_canonical.py::TestExtractionControllerUnit::test_on_extraction_error_handler PASSED [  1%]
tests/controllers/test_extraction_controller_canonical.py::TestExtractionControllerUnit::test_open_in_editor_launcher_found PASSED [  1%]
tests/controllers/test_extraction_controller_canonical.py::TestExtractionControllerUnit::test_open_in_editor_launcher_not_found PASSED [  1%]
tests/controllers/test_extraction_controller_canonical.py::TestExtractionControllerUnit::test_open_in_editor_subprocess_error PASSED [  1%]
tests/controllers/test_extraction_controller_canonical.py::TestControllerManagerContextIntegration::test_controller_manager_access PASSED [  1%]
tests/controllers/test_extraction_controller_canonical.py::TestControllerManagerContextIntegration::test_controller_manager_state_persistence PASSED [  1%]
tests/controllers/test_extraction_controller_canonical.py::TestPrivateAttributeAccessFix::test_get_output_path_returns_value PASSED [  1%]
tests/controllers/test_extraction_controller_canonical.py::TestPrivateAttributeAccessFix::test_get_output_path_returns_empty_string PASSED [  1%]
tests/controllers/test_extraction_controller_canonical.py::TestPrivateAttributeAccessFix::test_get_output_path_returns_none PASSED [  1%]
tests/controllers/test_extraction_controller_canonical.py::TestPrivateAttributeAccessFix::test_controller_uses_public_method PASSED [  1%]
tests/controllers/test_extraction_controller_canonical.py::TestPrivateAttributeAccessFix::test_controller_handles_empty_output_path PASSED [  1%]
tests/controllers/test_extraction_controller_canonical.py::TestPrivateAttributeAccessFix::test_controller_handles_none_output_path PASSED [  2%]
tests/controllers/test_extraction_controller_canonical.py::TestPrivateAttributeAccessFix::test_private_attribute_not_accessed_directly PASSED [  2%]
tests/integration/test_batch_thumbnail_worker_integration.py::TestBatchThumbnailWorkerHeadlessIntegration::test_headless_idle_detection_logic PASSED [  2%]
tests/integration/test_batch_thumbnail_worker_integration.py::TestBatchThumbnailWorkerHeadlessIntegration::test_headless_cache_management_logic PASSED [  2%]
tests/integration/test_batch_thumbnail_worker_integration.py::TestBatchThumbnailWorkerHeadlessIntegration::test_headless_memory_cleanup_logic PASSED [  2%]
tests/integration/test_batch_thumbnail_worker_integration.py::TestBatchThumbnailWorkerHeadlessIntegration::test_headless_queue_operations_logic PASSED [  2%]
tests/integration/test_complete_ui_workflows_comprehensive.py::TestUIWorkflowsHeadlessIntegration::test_headless_workflow_state_machine PASSED [  2%]
tests/integration/test_complete_ui_workflows_comprehensive.py::TestUIWorkflowsHeadlessIntegration::test_headless_resource_lifecycle_logic PASSED [  2%]
tests/integration/test_complete_ui_workflows_comprehensive.py::TestUIWorkflowsHeadlessIntegration::test_headless_concurrent_operation_logic PASSED [  2%]
tests/integration/test_core_operations_manager_integration.py::TestCoreOperationsManagerVRAMExtraction::test_extract_from_vram_returns_success PASSED [  2%]
tests/integration/test_core_operations_manager_integration.py::TestCoreOperationsManagerVRAMExtraction::test_extract_from_vram_creates_output_file PASSED [  2%]
tests/integration/test_core_operations_manager_integration.py::TestCoreOperationsManagerVRAMExtraction::test_extract_from_vram_with_offset PASSED [  2%]
tests/integration/test_core_operations_manager_integration.py::TestCoreOperationsManagerVRAMExtraction::test_extract_from_vram_optional_params_stored PASSED [  3%]
tests/integration/test_core_operations_manager_integration.py::TestSpriteExtractorExtractSprite::test_extract_sprite_method_exists PASSED [  3%]
tests/integration/test_core_operations_manager_integration.py::TestSpriteExtractorExtractSprite::test_extract_sprite_returns_dict PASSED [  3%]
tests/integration/test_core_operations_manager_integration.py::TestSpriteExtractorExtractSprite::test_extract_sprite_signature_matches_caller PASSED [  3%]
tests/integration/test_edge_cases_integration.py::TestRealComponentFactoryEdgeCases::test_create_rom_cache_with_none_path PASSED [  3%]
tests/integration/test_edge_cases_integration.py::TestRealComponentFactoryEdgeCases::test_create_extraction_manager_without_data PASSED [  3%]
tests/integration/test_edge_cases_integration.py::TestRealComponentFactoryEdgeCases::test_create_injection_manager_without_data PASSED [  3%]
tests/integration/test_edge_cases_integration.py::TestRealComponentFactoryEdgeCases::test_create_rom_extractor_with_mock_hal PASSED [  3%]
tests/integration/test_edge_cases_integration.py::TestRealComponentFactoryEdgeCases::test_create_tile_renderer_default PASSED [  3%]
tests/integration/test_edge_cases_integration.py::TestExtractionManagerEdgeCases::test_validate_missing_path_types PASSED [  3%]
tests/integration/test_edge_cases_integration.py::TestExtractionManagerEdgeCases::test_validate_with_empty_vram_path PASSED [  3%]
tests/integration/test_edge_cases_integration.py::TestExtractionManagerEdgeCases::test_validate_with_missing_output_base PASSED [  3%]
tests/integration/test_edge_cases_integration.py::TestExtractionManagerEdgeCases::test_validate_with_empty_output_base PASSED [  3%]
tests/integration/test_edge_cases_integration.py::TestExtractionManagerEdgeCases::test_validate_rom_with_negative_offset PASSED [  4%]
tests/integration/test_edge_cases_integration.py::TestInjectionManagerEdgeCases::test_manager_initialization PASSED [  4%]
tests/integration/test_edge_cases_integration.py::TestInjectionManagerEdgeCases::test_load_metadata_nonexistent_file PASSED [  4%]
tests/integration/test_edge_cases_integration.py::TestInjectionManagerEdgeCases::test_load_metadata_no_companion_json PASSED [  4%]
tests/integration/test_edge_cases_integration.py::TestInjectionManagerEdgeCases::test_find_vram_suggestion_nonexistent_path PASSED [  4%]
tests/integration/test_edge_cases_integration.py::TestInjectionManagerEdgeCases::test_suggest_output_path_with_valid_path PASSED [  4%]
tests/integration/test_edge_cases_integration.py::TestROMDataEdgeCases::test_extraction_manager_read_header_valid_rom PASSED [  4%]
tests/integration/test_edge_cases_integration.py::TestROMDataEdgeCases::test_extraction_manager_read_header_nonexistent_file PASSED [  4%]
tests/integration/test_edge_cases_integration.py::TestThreadSafetyEdgeCases::test_thread_safe_test_image_standard_size PASSED [  4%]
tests/integration/test_edge_cases_integration.py::TestThreadSafetyEdgeCases::test_thread_safe_test_image_small_size PASSED [  4%]
tests/integration/test_edge_cases_integration.py::TestThreadSafetyEdgeCases::test_thread_safe_test_image_fill_color PASSED [  4%]
tests/integration/test_edge_cases_integration.py::TestCacheEdgeCases::test_rom_cache_with_settings PASSED [  4%]
tests/integration/test_edge_cases_integration.py::TestCacheEdgeCases::test_injection_manager_cache_stats PASSED [  5%]
tests/integration/test_edge_cases_integration.py::TestCacheEdgeCases::test_extraction_manager_reset_state PASSED [  5%]
tests/integration/test_edge_cases_integration.py::TestCacheEdgeCases::test_injection_manager_reset_state PASSED [  5%]
tests/integration/test_edge_cases_integration.py::TestWorkflowEdgeCases::test_manager_double_reset PASSED [  5%]
tests/integration/test_edge_cases_integration.py::TestWorkflowEdgeCases::test_extraction_manager_validates_rom_path_type PASSED [  5%]
tests/integration/test_edge_cases_integration.py::TestWorkflowEdgeCases::test_factory_cleanup_on_exit PASSED [  5%]
tests/integration/test_edge_cases_integration.py::TestFileValidationEdgeCases::test_validate_vram_grayscale_mode_no_cgram PASSED [  5%]
tests/integration/test_edge_cases_integration.py::TestFileValidationEdgeCases::test_validate_vram_full_color_requires_cgram PASSED [  5%]
tests/integration/test_fullscreen_sprite_viewer_integration.py::TestFullscreenViewerMockIntegration::test_headless_functionality_with_mocks PASSED [  5%]
tests/integration/test_gallery_window_integration.py::TestGalleryWindowHeadlessIntegration::test_headless_worker_lifecycle_logic PASSED [  5%]
tests/integration/test_gallery_window_integration.py::TestGalleryWindowHeadlessIntegration::test_headless_signal_disconnection_logic PASSED [  5%]
tests/integration/test_gallery_window_integration.py::TestGalleryWindowHeadlessIntegration::test_headless_infinite_loop_prevention_logic PASSED [  5%]
tests/integration/test_injection_workflow_integration.py::TestInjectionManagerInitialization::test_manager_initialization PASSED [  6%]
tests/integration/test_injection_workflow_integration.py::TestInjectionManagerInitialization::test_manager_initial_state PASSED [  6%]
tests/integration/test_injection_workflow_integration.py::TestROMValidation::test_validate_valid_rom PASSED [  6%]
tests/integration/test_injection_workflow_integration.py::TestROMValidation::test_validate_nonexistent_rom PASSED [  6%]
tests/integration/test_injection_workflow_integration.py::TestROMValidation::test_validate_empty_rom PASSED [  6%]
tests/integration/test_injection_workflow_integration.py::TestROMValidation::test_load_rom_info PASSED [  6%]
tests/integration/test_injection_workflow_integration.py::TestVRAMSuggestion::test_suggest_vram_from_sprite_png PASSED [  6%]
tests/integration/test_injection_workflow_integration.py::TestVRAMSuggestion::test_suggest_output_vram_path PASSED [  6%]
tests/integration/test_injection_workflow_integration.py::TestVRAMSuggestion::test_suggest_output_rom_path PASSED [  6%]
tests/integration/test_injection_workflow_integration.py::TestMetadataHandling::test_load_valid_metadata PASSED [  6%]
tests/integration/test_injection_workflow_integration.py::TestMetadataHandling::test_load_metadata_no_file PASSED [  6%]
tests/integration/test_injection_workflow_integration.py::TestInjectionParameters::test_validate_complete_params PASSED [  6%]
tests/integration/test_injection_workflow_integration.py::TestInjectionParameters::test_validate_missing_params PASSED [  7%]
tests/integration/test_injection_workflow_integration.py::TestInjectionParameters::test_validate_invalid_paths PASSED [  7%]
tests/integration/test_injection_workflow_integration.py::TestInjectionSignals::test_injection_progress_signal PASSED [  7%]
tests/integration/test_injection_workflow_integration.py::TestInjectionSignals::test_progress_percent_signal PASSED [  7%]
tests/integration/test_injection_workflow_integration.py::TestVRAMConversion::test_convert_vram_to_rom_offset PASSED [  7%]
tests/integration/test_injection_workflow_integration.py::TestROMInjectionSettings::test_save_and_load_settings PASSED [  7%]
tests/integration/test_injection_workflow_integration.py::TestCacheOperations::test_get_cache_stats PASSED [  7%]
tests/integration/test_injection_workflow_integration.py::TestCacheOperations::test_clear_rom_cache PASSED [  7%]
tests/integration/test_injection_workflow_integration.py::TestCacheOperations::test_scan_progress_operations PASSED [  7%]
tests/integration/test_injection_workflow_integration.py::TestInjectionWorkflowEndToEnd::test_reset_state PASSED [  7%]
tests/integration/test_integration_sprite_finder.py::TestSpriteFinder::test_find_sprites_in_test_rom PASSED [  7%]
tests/integration/test_integration_sprite_finder.py::TestSpriteFinder::test_sprite_finder_with_rom_extractor PASSED [  7%]
tests/integration/test_integration_sprite_finder.py::TestSpriteFinder::test_find_sprites_in_real_rom PASSED [  7%]
tests/integration/test_integration_sprite_finder.py::TestHALCompression::test_compress_decompress_cycle PASSED [  8%]
tests/integration/test_integration_sprite_finder.py::TestHALCompression::test_decompress_from_rom_offset PASSED [  8%]
tests/integration/test_integration_sprite_finder.py::TestHALCompression::test_parallel_decompression PASSED [  8%]
tests/integration/test_integration_sprite_finder.py::TestROMExtractor::test_extract_sprite_from_rom PASSED [  8%]
tests/integration/test_integration_sprite_finder.py::TestROMExtractor::test_extract_with_decompression PASSED [  8%]
tests/integration/test_memory_management_integration.py::TestMemoryManagementHeadlessIntegration::test_headless_memory_pool_logic PASSED [  8%]
tests/integration/test_memory_management_integration.py::TestMemoryManagementHeadlessIntegration::test_headless_reference_counting_logic PASSED [  8%]
tests/integration/test_memory_management_integration.py::TestMemoryManagementHeadlessIntegration::test_headless_cache_coherency_logic PASSED [  8%]
tests/integration/test_signal_basics.py::TestBasicSignalSlot::test_signal_emission_and_reception PASSED [  8%]
tests/integration/test_signal_basics.py::TestBasicSignalSlot::test_multiple_connections PASSED [  8%]
tests/integration/test_signal_basics.py::TestBasicSignalSlot::test_disconnection PASSED [  8%]
tests/integration/test_signal_basics.py::TestBasicSignalSlot::test_unique_connection PASSED [  8%]
tests/integration/test_signal_basics.py::TestBasicSignalSlot::test_signal_parameter_types PASSED [  9%]
tests/integration/test_signal_basics.py::TestDialogSignalPatterns::test_dialog_signal_simulation PASSED [  9%]
tests/integration/test_signal_basics.py::TestDialogSignalPatterns::test_singleton_pattern_simulation PASSED [  9%]
tests/integration/test_signal_basics.py::TestDialogSignalPatterns::test_deferred_connection_pattern PASSED [  9%]
tests/integration/test_signal_basics.py::TestSignalThreadSafety::test_cross_thread_signal_safety PASSED [  9%]
tests/integration/test_signal_basics.py::TestSignalThreadSafety::test_signal_emission_order PASSED [  9%]
tests/integration/test_worker_lifecycle_management_integration.py::TestWorkerLifecycleHeadlessIntegration::test_headless_cleanup_logic PASSED [  9%]
tests/integration/test_worker_lifecycle_management_integration.py::TestWorkerLifecycleHeadlessIntegration::test_headless_signal_leak_prevention_logic PASSED [  9%]
tests/integration/test_worker_lifecycle_management_integration.py::TestWorkerLifecycleHeadlessIntegration::test_headless_concurrent_cleanup_safety_logic PASSED [  9%]
tests/test_collapsible_group_box.py::TestCollapsibleGroupBox::test_basic_initialization PASSED [  9%]
tests/test_collapsible_group_box.py::TestCollapsibleGroupBox::test_collapse_expand_functionality PASSED [  9%]
tests/test_comprehensive_dialog_migrations.py::TestComprehensiveDialogMigrations::test_all_dialogs_inherit_from_correct_base_classes PASSED [  9%]
tests/test_comprehensive_dialog_migrations.py::TestComprehensiveDialogMigrations::test_all_dialogs_have_consistent_component_features PASSED [ 10%]
tests/test_comprehensive_dialog_migrations.py::TestComprehensiveDialogMigrations::test_dialog_button_integration_consistency PASSED [ 10%]
tests/test_comprehensive_dialog_migrations.py::TestComprehensiveDialogMigrations::test_dialog_status_bar_integration_consistency PASSED [ 10%]
tests/test_comprehensive_dialog_migrations.py::TestComprehensiveDialogMigrations::test_dialog_component_api_consistency PASSED [ 10%]
tests/test_comprehensive_dialog_migrations.py::TestComprehensiveDialogMigrations::test_dialog_layout_architecture_consistency PASSED [ 10%]
tests/test_comprehensive_dialog_migrations.py::TestComprehensiveDialogMigrations::test_dialog_signal_integration_preservation PASSED [ 10%]
tests/test_comprehensive_dialog_migrations.py::TestComprehensiveDialogMigrations::test_dialog_error_handling_consistency PASSED [ 10%]
tests/test_comprehensive_dialog_migrations.py::TestComprehensiveDialogMigrations::test_dialog_memory_management_consistency PASSED [ 10%]
tests/test_comprehensive_dialog_migrations.py::TestComprehensiveDialogMigrations::test_cross_dialog_workflow_integration PASSED [ 10%]
tests/test_comprehensive_dialog_migrations.py::TestComprehensiveDialogMigrations::test_dialog_component_isolation PASSED [ 10%]
tests/test_comprehensive_dialog_migrations.py::TestManagerContextIntegration::test_injection_dialog_manager_access PASSED [ 10%]
tests/test_comprehensive_dialog_migrations.py::TestManagerContextIntegration::test_dialog_context_isolation PASSED [ 10%]
tests/test_comprehensive_dialog_migrations.py::TestManagerContextIntegration::test_dialog_manager_state_persistence PASSED [ 11%]
tests/test_comprehensive_typing_example.py::TestComprehensiveTypingExample::test_parametrized_with_types[small-4bpp] PASSED [ 11%]
tests/test_comprehensive_typing_example.py::TestComprehensiveTypingExample::test_parametrized_with_types[medium-4bpp] PASSED [ 11%]
tests/test_comprehensive_typing_example.py::TestComprehensiveTypingExample::test_parametrized_with_types[large-8bpp] PASSED [ 11%]
tests/test_comprehensive_typing_example.py::TestComprehensiveTypingExample::test_dict_parameters_with_types[valid-small] PASSED [ 11%]
tests/test_comprehensive_typing_example.py::TestComprehensiveTypingExample::test_dict_parameters_with_types[valid-large] PASSED [ 11%]
tests/test_comprehensive_typing_example.py::TestComprehensiveTypingExample::test_dict_parameters_with_types[invalid-overflow] PASSED [ 11%]
tests/test_comprehensive_typing_example.py::TestComprehensiveTypingExample::test_mock_objects_with_protocols PASSED [ 11%]
tests/test_comprehensive_typing_example.py::TestComprehensiveTypingExample::test_real_qt_components_with_types PASSED [ 11%]
tests/test_comprehensive_typing_example.py::TestComprehensiveTypingExample::test_file_operations_with_types PASSED [ 11%]
tests/test_comprehensive_typing_example.py::TestComprehensiveTypingExample::test_context_managers_with_types PASSED [ 11%]
tests/test_comprehensive_typing_example.py::TestComprehensiveTypingExample::test_exception_handling_with_types[file-not-found] PASSED [ 11%]
tests/test_comprehensive_typing_example.py::TestComprehensiveTypingExample::test_exception_handling_with_types[invalid-format] PASSED [ 11%]
tests/test_comprehensive_typing_example.py::TestComprehensiveTypingExample::test_exception_handling_with_types[extraction-error] PASSED [ 12%]
tests/test_comprehensive_typing_example.py::TestComprehensiveTypingExample::test_collections_with_types PASSED [ 12%]
tests/test_comprehensive_typing_example.py::TestComprehensiveTypingExample::test_fixture_dependencies_with_types PASSED [ 12%]
tests/test_comprehensive_typing_example.py::test_standalone_function_with_types PASSED [ 12%]
tests/test_comprehensive_typing_example.py::test_standalone_parametrized_with_types[zeros] PASSED [ 12%]
tests/test_comprehensive_typing_example.py::test_standalone_parametrized_with_types[ones] PASSED [ 12%]
tests/test_comprehensive_typing_example.py::test_standalone_parametrized_with_types[sequence] PASSED [ 12%]
tests/test_comprehensive_typing_example.py::test_protocol_usage_with_types PASSED [ 12%]
tests/test_console_error_handler.py::TestConsoleErrorHandler::test_error_count_tracking PASSED [ 12%]
tests/test_console_error_handler.py::TestConsoleErrorHandler::test_handle_critical_error_logs_prominently PASSED [ 12%]
tests/test_console_error_handler.py::TestConsoleErrorHandler::test_handle_exception_logs_to_stderr PASSED [ 12%]
tests/test_console_error_handler.py::TestConsoleErrorHandler::test_handle_info_logs_to_stdout PASSED [ 12%]
tests/test_console_error_handler.py::TestConsoleErrorHandler::test_handle_validation_error_includes_context PASSED [ 13%]
tests/test_console_error_handler.py::TestConsoleErrorHandler::test_handle_warning_logs_to_stderr PASSED [ 13%]
tests/test_console_error_handler.py::TestConsoleErrorHandler::test_no_silent_failures PASSED [ 13%]
tests/test_console_error_handler.py::TestConsoleErrorHandler::test_repr_shows_counts PASSED [ 13%]
tests/test_console_error_handler.py::TestConsoleErrorHandler::test_set_show_dialogs_is_noop PASSED [ 13%]
tests/test_console_error_handler.py::TestControllerErrorHandlerFallback::test_console_handler_is_proper_replacement PASSED [ 13%]
tests/test_constants.py::TestConstants::test_memory_offsets PASSED       [ 13%]
tests/test_constants.py::TestConstants::test_sprite_format_constants PASSED [ 13%]
tests/test_constants.py::TestConstants::test_palette_constants PASSED    [ 13%]
tests/test_constants.py::TestConstants::test_file_extensions PASSED      [ 13%]
tests/test_constants.py::TestConstants::test_palette_info PASSED         [ 13%]
tests/test_constants.py::TestConstants::test_file_patterns PASSED        [ 13%]
tests/test_constants_validation.py::TestConstantsValidation::test_memory_offset_constants_validity PASSED [ 14%]
tests/test_constants_validation.py::TestConstantsValidation::test_sprite_format_constants_consistency PASSED [ 14%]
tests/test_constants_validation.py::TestConstantsValidation::test_buffer_size_constants_powers_of_two PASSED [ 14%]
tests/test_constants_validation.py::TestConstantsValidation::test_palette_info_completeness PASSED [ 14%]
tests/test_constants_validation.py::TestConstantsValidation::test_file_pattern_constants_validity PASSED [ 14%]
tests/test_constants_validation.py::TestConstantsValidation::test_sprite_analysis_constants_ranges PASSED [ 14%]
tests/test_constants_validation.py::TestConstantsValidation::test_progress_reporting_constants_reasonable PASSED [ 14%]
tests/test_constants_validation.py::TestConstantsValidation::test_hal_compression_limits PASSED [ 14%]
tests/test_constants_validation.py::TestConstantsValidation::test_settings_namespace_constants PASSED [ 14%]
tests/test_constants_validation.py::TestConstantsValidation::test_magic_number_replacement_effectiveness PASSED [ 14%]
tests/test_constants_validation.py::TestSpacingConstantsValidation::test_base_unit_grid_system PASSED [ 14%]
tests/test_constants_validation.py::TestSpacingConstantsValidation::test_widget_size_consistency PASSED [ 14%]
tests/test_constants_validation.py::TestSpacingConstantsValidation::test_color_constants_valid_hex PASSED [ 14%]
tests/test_constants_validation.py::TestSpacingConstantsValidation::test_font_size_constants_valid_css PASSED [ 15%]
tests/test_constants_validation.py::TestSpacingConstantsValidation::test_animation_constants_reasonable_values PASSED [ 15%]
tests/test_constants_validation.py::TestSpacingConstantsValidation::test_preview_widget_constants PASSED [ 15%]
tests/test_constants_validation.py::TestConstantUsageValidation::test_vram_offset_constant_usage PASSED [ 15%]
tests/test_constants_validation.py::TestConstantUsageValidation::test_palette_constants_usage PASSED [ 15%]
tests/test_constants_validation.py::TestConstantUsageValidation::test_buffer_size_constants_usage PASSED [ 15%]
tests/test_constants_validation.py::TestConstantUsageValidation::test_file_extension_constants_usage PASSED [ 15%]
tests/test_constants_validation.py::TestConstantUsageValidation::test_settings_key_constants_usage PASSED [ 15%]
tests/test_constants_validation.py::TestConstantUsageValidation::test_constant_modification_impact PASSED [ 15%]
tests/test_controller_dependency_injection.py::TestControllerDependencyInjection::test_dependency_injection_with_custom_managers PASSED [ 15%]
tests/test_controller_dependency_injection.py::TestControllerDependencyInjection::test_controller_signals_connected_with_injected_managers PASSED [ 15%]
tests/test_controller_real_managers.py::TestControllerWithRealManagers::test_extraction_with_real_validation PASSED [ 15%]
tests/test_controller_real_managers.py::TestControllerWithRealManagers::test_injection_with_real_path_logic PASSED [ 16%]
tests/test_controller_real_managers.py::TestControllerWithRealManagers::test_session_persistence_with_real_manager PASSED [ 16%]
tests/test_controller_real_managers.py::TestRealManagerBenefits::test_catches_real_validation_bugs PASSED [ 16%]
tests/test_controller_real_managers.py::TestRealManagerBenefits::test_real_business_logic_coverage PASSED [ 16%]
tests/test_controller_real_managers.py::TestRealManagerBenefits::test_real_state_management PASSED [ 16%]
tests/test_cross_dialog_integration_real.py::TestRealTestingInfrastructureValidation::test_real_infrastructure_components PASSED [ 16%]
tests/test_cross_dialog_integration_real.py::TestRealTestingInfrastructureValidation::test_real_vs_mock_comparison PASSED [ 16%]
tests/test_dark_theme_accessibility.py::TestWCAGContrast::test_primary_text_on_background_meets_wcag_aa PASSED [ 16%]
tests/test_dark_theme_accessibility.py::TestWCAGContrast::test_secondary_text_on_background_meets_wcag_aa PASSED [ 16%]
tests/test_dark_theme_accessibility.py::TestWCAGContrast::test_muted_text_visibility PASSED [ 16%]
tests/test_dark_theme_accessibility.py::TestWCAGContrast::test_disabled_text_distinguishable PASSED [ 16%]
tests/test_dark_theme_accessibility.py::TestWCAGContrast::test_text_on_various_backgrounds_readable[text_primary-panel_background] PASSED [ 16%]
tests/test_dark_theme_accessibility.py::TestWCAGContrast::test_text_on_various_backgrounds_readable[text_primary-input_background] PASSED [ 17%]
tests/test_dark_theme_accessibility.py::TestWCAGContrast::test_text_on_various_backgrounds_readable[text_secondary-panel_background] PASSED [ 17%]
tests/test_dark_theme_accessibility.py::TestButtonContrast::test_button_text_contrast_on_button_background[primary] PASSED [ 17%]
tests/test_dark_theme_accessibility.py::TestButtonContrast::test_button_text_contrast_on_button_background[secondary] PASSED [ 17%]
tests/test_dark_theme_accessibility.py::TestButtonContrast::test_button_text_contrast_on_button_background[accent] PASSED [ 17%]
tests/test_dark_theme_accessibility.py::TestButtonContrast::test_button_text_contrast_on_button_background[extract] PASSED [ 17%]
tests/test_dark_theme_accessibility.py::TestButtonContrast::test_button_text_contrast_on_button_background[editor] PASSED [ 17%]
tests/test_dark_theme_accessibility.py::TestButtonContrast::test_default_button_text_contrast PASSED [ 17%]
tests/test_dark_theme_accessibility.py::TestButtonContrast::test_button_hover_state_contrast[primary] PASSED [ 17%]
tests/test_dark_theme_accessibility.py::TestButtonContrast::test_button_hover_state_contrast[secondary] PASSED [ 17%]
tests/test_dark_theme_accessibility.py::TestButtonContrast::test_button_hover_state_contrast[accent] PASSED [ 17%]
tests/test_dark_theme_accessibility.py::TestButtonContrast::test_button_hover_state_contrast[extract] PASSED [ 17%]
tests/test_dark_theme_accessibility.py::TestButtonContrast::test_button_hover_state_contrast[editor] PASSED [ 18%]
tests/test_dark_theme_accessibility.py::TestStatusColorContrast::test_status_colors_visible_on_dark_background[success] PASSED [ 18%]
tests/test_dark_theme_accessibility.py::TestStatusColorContrast::test_status_colors_visible_on_dark_background[warning] PASSED [ 18%]
tests/test_dark_theme_accessibility.py::TestStatusColorContrast::test_status_colors_visible_on_dark_background[danger] PASSED [ 18%]
tests/test_dark_theme_accessibility.py::TestStatusColorContrast::test_status_colors_visible_on_dark_background[info] PASSED [ 18%]
tests/test_dark_theme_accessibility.py::TestStatusColorContrast::test_status_colors_on_panel_background PASSED [ 18%]
tests/test_dark_theme_accessibility.py::TestBorderContrast::test_default_border_visible_on_backgrounds PASSED [ 18%]
tests/test_dark_theme_accessibility.py::TestBorderContrast::test_focus_border_highly_visible PASSED [ 18%]
tests/test_dark_theme_accessibility.py::TestBorderContrast::test_error_border_highly_visible PASSED [ 18%]
tests/test_dark_theme_accessibility.py::TestPreviewBackgroundContrast::test_preview_background_darker_than_main PASSED [ 18%]
tests/test_dark_theme_accessibility.py::TestPreviewBackgroundContrast::test_preview_text_readable_on_preview_background PASSED [ 18%]
tests/test_dark_theme_accessibility.py::TestColorDistinguishability::test_action_colors_distinguishable PASSED [ 18%]
tests/test_dark_theme_accessibility.py::TestColorDistinguishability::test_text_colors_distinguishable PASSED [ 18%]
tests/test_dark_theme_accessibility.py::TestColorDistinguishability::test_background_colors_distinguishable PASSED [ 19%]
tests/test_dark_theme_accessibility.py::TestAccessibilityGuidelines::test_sufficient_color_separation_in_ui PASSED [ 19%]
tests/test_dark_theme_accessibility.py::TestAccessibilityGuidelines::test_disabled_states_appropriately_muted PASSED [ 19%]
tests/test_dark_theme_accessibility.py::TestContrastCalculatorUtility::test_contrast_calculator_with_known_values PASSED [ 19%]
tests/test_dark_theme_accessibility.py::TestContrastCalculatorUtility::test_hex_to_rgb_conversion PASSED [ 19%]
tests/test_dark_theme_accessibility.py::TestContrastCalculatorUtility::test_relative_luminance_calculation PASSED [ 19%]
tests/test_dark_theme_accessibility.py::TestContrastCalculatorUtility::test_wcag_compliance_methods PASSED [ 19%]
tests/test_dark_theme_accessibility.py::TestAccessibilityHeadless::test_all_theme_colors_have_valid_contrast_calculations PASSED [ 19%]
tests/test_dark_theme_accessibility.py::TestAccessibilityHeadless::test_accessibility_utility_functions_available PASSED [ 19%]
tests/test_dark_theme_accessibility.py::TestAccessibilityHeadless::test_critical_accessibility_combinations PASSED [ 19%]
tests/test_dark_theme_colors.py::TestColorConstants::test_all_colors_are_valid_hex PASSED [ 19%]
tests/test_dark_theme_colors.py::TestColorConstants::test_required_colors_exist PASSED [ 19%]
tests/test_dark_theme_colors.py::TestColorConstants::test_color_hierarchy_consistency PASSED [ 20%]
tests/test_dark_theme_colors.py::TestColorConstants::test_color_darkness_appropriate_for_theme[background-True] PASSED [ 20%]
tests/test_dark_theme_colors.py::TestColorConstants::test_color_darkness_appropriate_for_theme[panel_background-True] PASSED [ 20%]
tests/test_dark_theme_colors.py::TestColorConstants::test_color_darkness_appropriate_for_theme[preview_background-True] PASSED [ 20%]
tests/test_dark_theme_colors.py::TestColorConstants::test_color_darkness_appropriate_for_theme[text_primary-False] PASSED [ 20%]
tests/test_dark_theme_colors.py::TestColorConstants::test_color_darkness_appropriate_for_theme[text_secondary-False] PASSED [ 20%]
tests/test_dark_theme_colors.py::TestFontConstants::test_font_families_defined PASSED [ 20%]
tests/test_dark_theme_colors.py::TestFontConstants::test_font_sizes_defined PASSED [ 20%]
tests/test_dark_theme_colors.py::TestFontConstants::test_font_weights_defined PASSED [ 20%]
tests/test_dark_theme_colors.py::TestDimensionConstants::test_spacing_dimensions_are_positive_integers PASSED [ 20%]
tests/test_dark_theme_colors.py::TestDimensionConstants::test_component_dimensions_are_reasonable PASSED [ 20%]
tests/test_dark_theme_colors.py::TestDimensionConstants::test_border_dimensions_are_small_positive_integers PASSED [ 20%]
tests/test_dark_theme_colors.py::TestThemeClass::test_theme_class_provides_primary_colors PASSED [ 21%]
tests/test_dark_theme_colors.py::TestThemeClass::test_theme_class_provides_background_colors PASSED [ 21%]
tests/test_dark_theme_colors.py::TestThemeClass::test_theme_class_provides_text_colors PASSED [ 21%]
tests/test_dark_theme_colors.py::TestThemeClass::test_theme_class_provides_status_colors PASSED [ 21%]
tests/test_dark_theme_colors.py::TestThemeClass::test_theme_class_provides_border_colors PASSED [ 21%]
tests/test_dark_theme_colors.py::TestThemeStylingFunctions::test_get_theme_style_returns_valid_css PASSED [ 21%]
tests/test_dark_theme_colors.py::TestThemeStylingFunctions::test_get_theme_style_contains_expected_properties PASSED [ 21%]
tests/test_dark_theme_colors.py::TestThemeStylingFunctions::test_get_disabled_state_style_returns_valid_css PASSED [ 21%]
tests/test_dark_theme_colors.py::TestThemeStylingFunctions::test_theme_functions_handle_missing_constants_gracefully PASSED [ 21%]
tests/test_dark_theme_colors.py::TestColorUtilities::test_color_parsing_utility PASSED [ 21%]
tests/test_dark_theme_colors.py::TestColorUtilities::test_all_colors_parseable PASSED [ 21%]
tests/test_dark_theme_colors.py::TestColorConstantsHeadless::test_colors_dictionary_is_immutable_reference PASSED [ 21%]
tests/test_dark_theme_colors.py::TestColorConstantsHeadless::test_theme_constants_are_strings PASSED [ 22%]
tests/test_dark_theme_components.py::TestButtonStyling::test_button_style_returns_valid_css PASSED [ 22%]
tests/test_dark_theme_components.py::TestButtonStyling::test_button_style_supports_all_types[primary] PASSED [ 22%]
tests/test_dark_theme_components.py::TestButtonStyling::test_button_style_supports_all_types[secondary] PASSED [ 22%]
tests/test_dark_theme_components.py::TestButtonStyling::test_button_style_supports_all_types[accent] PASSED [ 22%]
tests/test_dark_theme_components.py::TestButtonStyling::test_button_style_supports_all_types[extract] PASSED [ 22%]
tests/test_dark_theme_components.py::TestButtonStyling::test_button_style_supports_all_types[editor] PASSED [ 22%]
tests/test_dark_theme_components.py::TestButtonStyling::test_button_style_supports_all_types[default] PASSED [ 22%]
tests/test_dark_theme_components.py::TestButtonStyling::test_button_style_with_custom_height PASSED [ 22%]
tests/test_dark_theme_components.py::TestButtonStyling::test_button_style_with_custom_font_size PASSED [ 22%]
tests/test_dark_theme_components.py::TestButtonStyling::test_button_style_includes_disabled_state PASSED [ 22%]
tests/test_dark_theme_components.py::TestButtonStyling::test_primary_button_has_primary_colors PASSED [ 22%]
tests/test_dark_theme_components.py::TestButtonStyling::test_default_button_has_different_text_color PASSED [ 22%]
tests/test_dark_theme_components.py::TestInputStyling::test_input_style_supports_all_types[text] PASSED [ 23%]
tests/test_dark_theme_components.py::TestInputStyling::test_input_style_supports_all_types[combo] PASSED [ 23%]
tests/test_dark_theme_components.py::TestInputStyling::test_input_style_supports_all_types[spin] PASSED [ 23%]
tests/test_dark_theme_components.py::TestInputStyling::test_input_style_includes_focus_state PASSED [ 23%]
tests/test_dark_theme_components.py::TestInputStyling::test_input_style_includes_disabled_state PASSED [ 23%]
tests/test_dark_theme_components.py::TestInputStyling::test_input_style_with_custom_width PASSED [ 23%]
tests/test_dark_theme_components.py::TestInputStyling::test_combo_style_includes_dropdown_styling PASSED [ 23%]
tests/test_dark_theme_components.py::TestInputStyling::test_input_style_uses_dark_theme_colors PASSED [ 23%]
tests/test_dark_theme_components.py::TestPanelStyling::test_panel_style_supports_all_types[default] PASSED [ 23%]
tests/test_dark_theme_components.py::TestPanelStyling::test_panel_style_supports_all_types[primary] PASSED [ 23%]
tests/test_dark_theme_components.py::TestPanelStyling::test_panel_style_supports_all_types[secondary] PASSED [ 23%]
tests/test_dark_theme_components.py::TestPanelStyling::test_panel_style_uses_appropriate_border_colors PASSED [ 23%]
tests/test_dark_theme_components.py::TestPanelStyling::test_get_dark_panel_style_comprehensive PASSED [ 24%]
tests/test_dark_theme_components.py::TestStatusStyling::test_status_style_supports_all_types[info] PASSED [ 24%]
tests/test_dark_theme_components.py::TestStatusStyling::test_status_style_supports_all_types[success] PASSED [ 24%]
tests/test_dark_theme_components.py::TestStatusStyling::test_status_style_supports_all_types[warning] PASSED [ 24%]
tests/test_dark_theme_components.py::TestStatusStyling::test_status_style_supports_all_types[danger] PASSED [ 24%]
tests/test_dark_theme_components.py::TestStatusStyling::test_status_style_includes_border_accent PASSED [ 24%]
tests/test_dark_theme_components.py::TestProgressStyling::test_progress_style_returns_valid_css PASSED [ 24%]
tests/test_dark_theme_components.py::TestTabStyling::test_tab_style_returns_comprehensive_css PASSED [ 24%]
tests/test_dark_theme_components.py::TestTextStyling::test_muted_text_style_color_levels[light] PASSED [ 24%]
tests/test_dark_theme_components.py::TestTextStyling::test_muted_text_style_color_levels[medium] PASSED [ 24%]
tests/test_dark_theme_components.py::TestTextStyling::test_muted_text_style_color_levels[dark] PASSED [ 24%]
tests/test_dark_theme_components.py::TestTextStyling::test_muted_text_style_with_italic PASSED [ 24%]
tests/test_dark_theme_components.py::TestTextStyling::test_link_text_style_color_variants[extract] PASSED [ 25%]
tests/test_dark_theme_components.py::TestTextStyling::test_link_text_style_color_variants[editor] PASSED [ 25%]
tests/test_dark_theme_components.py::TestTextStyling::test_link_text_style_color_variants[primary] PASSED [ 25%]
tests/test_dark_theme_components.py::TestTextStyling::test_link_text_style_color_variants[secondary] PASSED [ 25%]
tests/test_dark_theme_components.py::TestTextStyling::test_link_text_style_color_variants[accent] PASSED [ 25%]
tests/test_dark_theme_components.py::TestTextStyling::test_monospace_text_style_uses_monospace_font PASSED [ 25%]
tests/test_dark_theme_components.py::TestTextStyling::test_bold_text_style_uses_bold_weight PASSED [ 25%]
tests/test_dark_theme_components.py::TestTextStyling::test_success_text_style_uses_success_color PASSED [ 25%]
tests/test_dark_theme_components.py::TestTextStyling::test_error_text_style_uses_danger_color PASSED [ 25%]
tests/test_dark_theme_components.py::TestPreviewStyling::test_preview_panel_style_dark_background PASSED [ 25%]
tests/test_dark_theme_components.py::TestPreviewStyling::test_minimal_preview_style_lighter_styling PASSED [ 25%]
tests/test_dark_theme_components.py::TestPreviewStyling::test_borderless_preview_style_no_styling PASSED [ 25%]
tests/test_dark_theme_components.py::TestPreviewStyling::test_get_dark_preview_style_comprehensive PASSED [ 25%]
tests/test_dark_theme_components.py::TestHexLabelStyling::test_hex_label_style_with_background PASSED [ 26%]
tests/test_dark_theme_components.py::TestHexLabelStyling::test_hex_label_style_without_background PASSED [ 26%]
tests/test_dark_theme_components.py::TestHexLabelStyling::test_hex_label_style_color_variants[extract] PASSED [ 26%]
tests/test_dark_theme_components.py::TestHexLabelStyling::test_hex_label_style_color_variants[secondary] PASSED [ 26%]
tests/test_dark_theme_components.py::TestHexLabelStyling::test_hex_label_style_color_variants[accent] PASSED [ 26%]
tests/test_dark_theme_components.py::TestSliderStyling::test_slider_style_comprehensive_styling PASSED [ 26%]
tests/test_dark_theme_components.py::TestSliderStyling::test_slider_style_color_variants[extract] PASSED [ 26%]
tests/test_dark_theme_components.py::TestSliderStyling::test_slider_style_color_variants[secondary] PASSED [ 26%]
tests/test_dark_theme_components.py::TestSliderStyling::test_slider_style_color_variants[accent] PASSED [ 26%]
tests/test_dark_theme_components.py::TestSplitterStyling::test_splitter_style_with_custom_width PASSED [ 26%]
tests/test_dark_theme_components.py::TestSplitterStyling::test_splitter_style_includes_hover_pressed PASSED [ 26%]
tests/test_dark_theme_components.py::TestDialogStyling::test_dialog_button_box_style_valid_css PASSED [ 26%]
tests/test_dark_theme_components.py::TestScrollAreaStyling::test_scroll_area_style_background_variants[background] PASSED [ 27%]
tests/test_dark_theme_components.py::TestScrollAreaStyling::test_scroll_area_style_background_variants[light_gray] PASSED [ 27%]
tests/test_dark_theme_components.py::TestScrollAreaStyling::test_scroll_area_style_background_variants[panel_background] PASSED [ 27%]
tests/test_dark_theme_components.py::TestCSSValidation::test_all_styling_functions_return_valid_css[get_button_style] PASSED [ 27%]
tests/test_dark_theme_components.py::TestCSSValidation::test_all_styling_functions_return_valid_css[get_input_style] PASSED [ 27%]
tests/test_dark_theme_components.py::TestCSSValidation::test_all_styling_functions_return_valid_css[get_panel_style] PASSED [ 27%]
tests/test_dark_theme_components.py::TestCSSValidation::test_all_styling_functions_return_valid_css[get_status_style] PASSED [ 27%]
tests/test_dark_theme_components.py::TestCSSValidation::test_all_styling_functions_return_valid_css[get_progress_style] PASSED [ 27%]
tests/test_dark_theme_components.py::TestCSSValidation::test_all_styling_functions_return_valid_css[get_tab_style] PASSED [ 27%]
tests/test_dark_theme_components.py::TestCSSValidation::test_all_styling_functions_return_valid_css[get_preview_panel_style] PASSED [ 27%]
tests/test_dark_theme_components.py::TestCSSValidation::test_all_styling_functions_return_valid_css[get_dark_preview_style] PASSED [ 27%]
tests/test_dark_theme_components.py::TestCSSValidation::test_all_styling_functions_return_valid_css[get_dark_panel_style] PASSED [ 27%]
tests/test_dark_theme_components.py::TestCSSValidation::test_css_functions_are_deterministic PASSED [ 28%]
tests/test_dark_theme_components.py::TestCSSValidation::test_css_functions_handle_edge_cases PASSED [ 28%]
tests/test_dark_theme_components.py::TestComponentStylingHeadless::test_all_component_functions_importable PASSED [ 28%]
tests/test_dark_theme_components.py::TestComponentStylingHeadless::test_component_functions_basic_execution PASSED [ 28%]
tests/test_dark_theme_integration.py::TestMockApplicationIntegration::test_application_theme_setup_mock PASSED [ 28%]
tests/test_dark_theme_integration.py::TestMockApplicationIntegration::test_environment_based_theme_switching PASSED [ 28%]
tests/test_dark_theme_integration.py::TestIntegrationHeadless::test_css_generation_integration PASSED [ 28%]
tests/test_dark_theme_integration.py::TestIntegrationHeadless::test_color_references_in_integrated_styles PASSED [ 28%]
tests/test_dark_theme_integration.py::TestIntegrationHeadless::test_mock_widget_style_application PASSED [ 28%]
tests/test_dark_theme_integration.py::TestIntegrationHeadless::test_theme_integration_completeness PASSED [ 28%]
tests/test_decomp.py::test_decompression PASSED                          [ 28%]
tests/test_dependency_injection.py::TestManagerContext::test_context_creation PASSED [ 28%]
tests/test_dependency_injection.py::TestManagerContext::test_manager_retrieval PASSED [ 29%]
tests/test_dependency_injection.py::TestManagerContext::test_manager_not_found PASSED [ 29%]
tests/test_dependency_injection.py::TestManagerContext::test_context_inheritance PASSED [ 29%]
tests/test_dependency_injection.py::TestManagerContext::test_available_managers PASSED [ 29%]
tests/test_dependency_injection.py::TestManagerContext::test_child_context_creation PASSED [ 29%]
tests/test_dependency_injection.py::TestContextManager::test_context_manager_usage PASSED [ 29%]
tests/test_dependency_injection.py::TestContextManager::test_nested_contexts PASSED [ 29%]
tests/test_dependency_injection.py::TestGlobalAccessorIntegration::test_context_fallback_injection_manager PASSED [ 29%]
tests/test_dependency_injection.py::TestGlobalAccessorIntegration::test_context_fallback_extraction_manager PASSED [ 29%]
tests/test_dependency_injection.py::TestGlobalAccessorIntegration::test_context_fallback_session_manager PASSED [ 29%]
tests/test_dependency_injection.py::TestGlobalAccessorIntegration::test_global_fallback_when_no_context PASSED [ 29%]
tests/test_dependency_injection.py::TestInjectableClasses::test_injectable_dialog_with_context PASSED [ 29%]
tests/test_dependency_injection.py::TestInjectableClasses::test_injectable_widget_with_explicit_context PASSED [ 29%]
tests/test_dependency_injection.py::TestInjectableClasses::test_injectable_with_direct_provider PASSED [ 30%]
tests/test_dependency_injection.py::TestInjectableClasses::test_injection_mixin PASSED [ 30%]
tests/test_dependency_injection.py::TestThreadSafety::test_thread_local_contexts PASSED [ 30%]
tests/test_dependency_injection.py::TestThreadSafety::test_context_isolation_between_threads PASSED [ 30%]
tests/test_dependency_injection.py::TestContextValidation::test_context_validation_success PASSED [ 30%]
tests/test_dependency_injection.py::TestContextValidation::test_context_validation_missing_manager PASSED [ 30%]
tests/test_dependency_injection.py::TestContextValidation::test_context_validation_uninitialized_manager PASSED [ 30%]
tests/test_dependency_injection.py::TestContextValidation::test_debug_context_chain PASSED [ 30%]
tests/test_dependency_injection.py::TestRealWorldScenarios::test_dialog_test_scenario PASSED [ 30%]
tests/test_dependency_injection.py::TestRealWorldScenarios::test_parallel_test_isolation PASSED [ 30%]
tests/test_dependency_injection.py::TestRealWorldScenarios::test_migration_compatibility PASSED [ 30%]
tests/test_dialog_initialization.py::TestDialogInitialization::test_manual_offset_dialog_initialization PASSED [ 30%]
tests/test_dialog_initialization.py::TestDialogInitialization::test_settings_dialog_initialization PASSED [ 31%]
tests/test_dialog_initialization.py::TestDialogInitialization::test_user_error_dialog_initialization PASSED [ 31%]
tests/test_dialog_initialization.py::TestDialogInitialization::test_resume_scan_dialog_initialization PASSED [ 31%]
tests/test_dialog_initialization.py::TestDialogInitialization::test_injection_dialog_initialization PASSED [ 31%]
tests/test_dialog_initialization.py::TestDialogInitialization::test_row_arrangement_dialog_initialization PASSED [ 31%]
tests/test_dialog_initialization.py::TestDialogInitialization::test_grid_arrangement_dialog_initialization PASSED [ 31%]
tests/test_dialog_initialization.py::TestDialogInitialization::test_range_scan_dialog_initialization PASSED [ 31%]
tests/test_dialog_initialization.py::TestDialogInitialization::test_all_dialogs_have_close_method PASSED [ 31%]
tests/test_division_by_zero_comprehensive.py::TestDivisionByZeroFixes::test_scan_worker_zero_range PASSED [ 31%]
tests/test_division_by_zero_comprehensive.py::TestDivisionByZeroFixes::test_scan_worker_progress_callback_zero_range PASSED [ 31%]
tests/test_division_by_zero_comprehensive.py::TestDivisionByZeroFixes::test_range_scan_worker_zero_range PASSED [ 31%]
tests/test_division_by_zero_comprehensive.py::TestDivisionByZeroFixes::test_similarity_indexing_no_sprites PASSED [ 31%]
tests/test_division_by_zero_comprehensive.py::TestDivisionByZeroFixes::test_preview_worker_zero_expected_size PASSED [ 32%]
tests/test_division_by_zero_comprehensive.py::TestDivisionByZeroFixes::test_sprite_search_worker_zero_tile_count PASSED [ 32%]
tests/test_division_by_zero_comprehensive.py::TestDivisionByZeroFixes::test_search_worker_zero_step PASSED [ 32%]
tests/test_division_by_zero_comprehensive.py::TestDivisionByZeroFixes::test_scan_worker_zero_rom_size PASSED [ 32%]
tests/test_division_by_zero_comprehensive.py::TestDivisionByZeroFixes::test_all_workers_with_realistic_edge_cases PASSED [ 32%]
tests/test_division_by_zero_comprehensive.py::TestDivisionByZeroFixes::test_progress_calculations_boundary_conditions PASSED [ 32%]
tests/test_error_handler_thread_safety.py::TestErrorHandlerThreadSafety::test_singleton_thread_safety PASSED [ 32%]
tests/test_error_handler_thread_safety.py::TestErrorHandlerThreadSafety::test_parent_widget_assignment_thread_safety PASSED [ 32%]
tests/test_error_handler_thread_safety.py::TestErrorHandlerThreadSafety::test_concurrent_singleton_creation_race_condition PASSED [ 32%]
tests/test_error_handler_thread_safety.py::TestErrorHandlerThreadSafety::test_fast_path_optimization PASSED [ 32%]
tests/test_error_handler_thread_safety.py::TestErrorHandlerThreadSafety::test_parent_update_after_creation PASSED [ 32%]
tests/test_error_handler_thread_safety.py::TestErrorHandlerThreadSafety::test_exception_in_thread_during_singleton_access PASSED [ 32%]
tests/test_exceptions.py::TestExceptions::test_sprite_pal_error_base PASSED [ 33%]
tests/test_exceptions.py::TestExceptions::test_vram_error PASSED         [ 33%]
tests/test_exceptions.py::TestExceptions::test_cgram_error PASSED        [ 33%]
tests/test_exceptions.py::TestExceptions::test_oam_error PASSED          [ 33%]
tests/test_exceptions.py::TestExceptions::test_extraction_error PASSED   [ 33%]
tests/test_exceptions.py::TestExceptions::test_injection_error PASSED    [ 33%]
tests/test_exceptions.py::TestExceptions::test_validation_error PASSED   [ 33%]
tests/test_exceptions.py::TestExceptions::test_file_format_error PASSED  [ 33%]
tests/test_exceptions.py::TestExceptions::test_tile_error PASSED         [ 33%]
tests/test_exceptions.py::TestExceptions::test_exception_with_no_message PASSED [ 33%]
tests/test_exceptions.py::TestExceptions::test_exception_inheritance_chain PASSED [ 33%]
tests/test_exceptions.py::TestExceptions::test_exception_catch_hierarchy PASSED [ 33%]
tests/test_exceptions.py::TestExceptions::test_exception_attributes PASSED [ 33%]
tests/test_extraction_manager.py::TestExtractionManager::test_initialization_real_dependencies PASSED [ 34%]
tests/test_extraction_manager.py::TestExtractionManager::test_initialization_with_manager_context PASSED [ 34%]
tests/test_extraction_manager.py::TestExtractionManager::test_validate_extraction_params_vram_real_files_tdd PASSED [ 34%]
tests/test_extraction_manager.py::TestExtractionManager::test_validate_extraction_params_rom PASSED [ 34%]
tests/test_extraction_manager.py::TestExtractionManager::test_extract_from_vram_real_workflow_tdd PASSED [ 34%]
tests/test_extraction_manager.py::TestExtractionManager::test_extract_from_vram_validation_error PASSED [ 34%]
tests/test_extraction_manager.py::TestExtractionManager::test_extract_from_vram_already_running PASSED [ 34%]
tests/test_extraction_manager.py::TestExtractionManager::test_extract_from_rom_real_workflow_validation_tdd PASSED [ 34%]
tests/test_extraction_manager.py::TestExtractionManager::test_extract_from_rom_validation_error PASSED [ 34%]
tests/test_extraction_manager.py::TestExtractionManager::test_get_sprite_preview_real_rom_data_tdd PASSED [ 34%]
tests/test_extraction_manager.py::TestExtractionManager::test_get_sprite_preview_validation_error PASSED [ 34%]
tests/test_extraction_manager.py::TestExtractionManager::test_concurrent_operations_real_state_management_tdd PASSED [ 34%]
tests/test_extraction_manager.py::TestExtractionManager::test_signal_emissions_real_qt_signals_tdd PASSED [ 35%]
tests/test_extraction_manager.py::TestExtractionManager::test_cleanup_real_resource_management_tdd PASSED [ 35%]
tests/test_extraction_manager.py::TestExtractionParameterValidation::test_rom_offset_validation_valid_offsets[1-True] PASSED [ 35%]
tests/test_extraction_manager.py::TestExtractionParameterValidation::test_rom_offset_validation_valid_offsets[4096-True] PASSED [ 35%]
tests/test_extraction_manager.py::TestExtractionParameterValidation::test_rom_offset_validation_valid_offsets[2097152-True] PASSED [ 35%]
tests/test_extraction_manager.py::TestExtractionParameterValidation::test_rom_offset_validation_valid_offsets[2621440-True] PASSED [ 35%]
tests/test_extraction_manager.py::TestExtractionParameterValidation::test_rom_offset_validation_valid_offsets[4194288-True] PASSED [ 35%]
tests/test_extraction_manager.py::TestExtractionParameterValidation::test_rom_offset_validation_negative_offsets[-1-offset must be >= 0] PASSED [ 35%]
tests/test_extraction_manager.py::TestExtractionParameterValidation::test_rom_offset_validation_negative_offsets[-4096-offset must be >= 0] PASSED [ 35%]
tests/test_extraction_manager.py::TestExtractionParameterValidation::test_rom_offset_validation_invalid_types[not_an_int-Invalid type for 'offset'] PASSED [ 35%]
tests/test_extraction_manager.py::TestExtractionParameterValidation::test_rom_offset_validation_invalid_types[3.14-Invalid type for 'offset'] PASSED [ 35%]
tests/test_extraction_manager.py::TestExtractionParameterValidation::test_rom_offset_validation_invalid_types[offset_value2-Invalid type for 'offset'] PASSED [ 35%]
tests/test_extraction_manager.py::TestExtractionParameterValidation::test_rom_offset_validation_invalid_types[offset_value3-Invalid type for 'offset'] PASSED [ 36%]
tests/test_extraction_manager.py::TestExtractionParameterValidation::test_rom_extraction_missing_required_params[rom_path-Must provide either vram_path or rom_path] PASSED [ 36%]
tests/test_extraction_manager.py::TestExtractionParameterValidation::test_rom_extraction_missing_required_params[offset-Missing required parameters] PASSED [ 36%]
tests/test_extraction_manager.py::TestExtractionParameterValidation::test_rom_extraction_missing_required_params[output_base-Missing required parameters|Output name is required] PASSED [ 36%]
tests/test_extraction_manager.py::TestExtractionParameterValidation::test_output_base_validation[   -Output name is required] PASSED [ 36%]
tests/test_extraction_manager.py::TestExtractionParameterValidation::test_output_base_validation[None-Missing required parameters] PASSED [ 36%]
tests/test_extraction_manager.py::TestExtractionParameterValidation::test_vram_cgram_requirement[True-False] PASSED [ 36%]
tests/test_extraction_manager.py::TestExtractionParameterValidation::test_vram_cgram_requirement[False-True] PASSED [ 36%]
tests/test_extraction_manager.py::TestExtractionErrorPaths::test_validate_rom_extraction_nonexistent_file_raises PASSED [ 36%]
tests/test_extraction_manager.py::TestExtractionErrorPaths::test_validate_vram_extraction_nonexistent_file_raises PASSED [ 36%]
tests/test_extraction_manager.py::TestExtractionErrorPaths::test_validate_params_missing_extraction_type_raises PASSED [ 36%]
tests/test_extractor.py::TestSpriteExtractor::test_init PASSED           [ 36%]
tests/test_extractor.py::TestSpriteExtractor::test_load_vram PASSED      [ 37%]
tests/test_extractor.py::TestSpriteExtractor::test_decode_4bpp_tile PASSED [ 37%]
tests/test_extractor.py::TestSpriteExtractor::test_extract_tiles PASSED  [ 37%]
tests/test_extractor.py::TestSpriteExtractor::test_extract_tiles_custom_offset PASSED [ 37%]
tests/test_extractor.py::TestSpriteExtractor::test_extract_tiles_boundary_check PASSED [ 37%]
tests/test_extractor.py::TestSpriteExtractor::test_create_grayscale_image_dimensions[16-128] PASSED [ 37%]
tests/test_extractor.py::TestSpriteExtractor::test_create_grayscale_image_dimensions[8-64] PASSED [ 37%]
tests/test_extractor.py::TestSpriteExtractor::test_create_grayscale_image_dimensions[32-256] PASSED [ 37%]
tests/test_extractor.py::TestSpriteExtractor::test_extract_sprites_grayscale PASSED [ 37%]
tests/test_file_validator_integration.py::test_file_validator_backward_compatibility PASSED [ 37%]
tests/test_file_validator_integration.py::test_file_validator_error_messages_preserved PASSED [ 37%]
tests/test_file_validator_integration.py::test_file_validator_warnings_preserved PASSED [ 37%]
tests/test_file_validator_refactored.py::TestBasicFileValidator::test_validate_existence_with_empty_path PASSED [ 37%]
tests/test_file_validator_refactored.py::TestBasicFileValidator::test_validate_existence_with_none_path PASSED [ 38%]
tests/test_file_validator_refactored.py::TestBasicFileValidator::test_validate_existence_with_nonexistent_file PASSED [ 38%]
tests/test_file_validator_refactored.py::TestBasicFileValidator::test_validate_existence_with_directory PASSED [ 38%]
tests/test_file_validator_refactored.py::TestBasicFileValidator::test_validate_existence_with_valid_file PASSED [ 38%]
tests/test_file_validator_refactored.py::TestBasicFileValidator::test_validate_existence_with_permission_error PASSED [ 38%]
tests/test_file_validator_refactored.py::TestBasicFileValidator::test_validate_properties_with_extension_check PASSED [ 38%]
tests/test_file_validator_refactored.py::TestBasicFileValidator::test_validate_properties_with_size_constraints PASSED [ 38%]
tests/test_file_validator_refactored.py::TestBasicFileValidator::test_get_file_info PASSED [ 38%]
tests/test_file_validator_refactored.py::TestBasicFileValidator::test_get_file_info_with_invalid_path PASSED [ 38%]
tests/test_file_validator_refactored.py::TestBasicFileValidator::test_format_file_size PASSED [ 38%]
tests/test_file_validator_refactored.py::TestFormatValidator::test_validate_vram_format_valid PASSED [ 38%]
tests/test_file_validator_refactored.py::TestFormatValidator::test_validate_vram_format_too_small PASSED [ 38%]
tests/test_file_validator_refactored.py::TestFormatValidator::test_validate_vram_format_too_large PASSED [ 39%]
tests/test_file_validator_refactored.py::TestFormatValidator::test_validate_vram_format_non_standard_size PASSED [ 39%]
tests/test_file_validator_refactored.py::TestFormatValidator::test_validate_cgram_format_valid PASSED [ 39%]
tests/test_file_validator_refactored.py::TestFormatValidator::test_validate_cgram_format_invalid_size PASSED [ 39%]
tests/test_file_validator_refactored.py::TestFormatValidator::test_validate_oam_format_valid PASSED [ 39%]
tests/test_file_validator_refactored.py::TestFormatValidator::test_validate_rom_format_with_smc_header PASSED [ 39%]
tests/test_file_validator_refactored.py::TestFormatValidator::test_validate_rom_format_non_standard_size PASSED [ 39%]
tests/test_file_validator_refactored.py::TestFormatValidator::test_validate_offset_valid PASSED [ 39%]
tests/test_file_validator_refactored.py::TestFormatValidator::test_validate_offset_negative PASSED [ 39%]
tests/test_file_validator_refactored.py::TestFormatValidator::test_validate_offset_too_large PASSED [ 39%]
tests/test_file_validator_refactored.py::TestFormatValidator::test_validate_offset_exceeds_max PASSED [ 39%]
tests/test_file_validator_refactored.py::TestContentValidator::test_validate_json_content_valid PASSED [ 39%]
tests/test_file_validator_refactored.py::TestContentValidator::test_validate_json_content_invalid PASSED [ 40%]
tests/test_file_validator_refactored.py::TestContentValidator::test_validate_json_content_read_error PASSED [ 40%]
tests/test_file_validator_refactored.py::TestContentValidator::test_validate_vram_header_valid PASSED [ 40%]
tests/test_file_validator_refactored.py::TestContentValidator::test_validate_vram_header_truncated PASSED [ 40%]
tests/test_file_validator_refactored.py::TestContentValidator::test_validate_vram_header_read_error PASSED [ 40%]
tests/test_file_validator_refactored.py::TestFileValidatorFacade::test_facade_initialization PASSED [ 40%]
tests/test_file_validator_refactored.py::TestFileValidatorFacade::test_validate_vram_file_complete PASSED [ 40%]
tests/test_file_validator_refactored.py::TestFileValidatorFacade::test_validate_json_file_complete PASSED [ 40%]
tests/test_file_validator_refactored.py::TestFileValidatorFacade::test_backward_compatibility_methods PASSED [ 40%]
tests/test_file_validator_refactored.py::TestFileValidatorFacade::test_validate_file_existence_facade PASSED [ 40%]
tests/test_file_validator_refactored.py::TestFileValidatorFacade::test_validate_offset_facade PASSED [ 40%]
tests/test_fixture_managers.py::TestFixtureManagers::test_grid_arrangement_fixture PASSED [ 40%]
tests/test_fixture_managers.py::TestFixtureManagers::test_grid_processor_fixture PASSED [ 40%]
tests/test_fixture_managers.py::TestFixtureManagers::test_colorizer_fixture PASSED [ 41%]
tests/test_fixture_managers.py::TestFixtureManagers::test_preview_generator_fixture PASSED [ 41%]
tests/test_fixture_managers.py::TestFixtureManagers::test_fixture_integration PASSED [ 41%]
tests/test_fixture_managers.py::TestFixtureManagers::test_fixtures_are_independent PASSED [ 41%]
tests/test_hal_compression_detection.py::TestHALToolDetection::test_absolute_path_resolution PASSED [ 41%]
tests/test_hal_compression_detection.py::TestHALToolDetection::test_detection_from_home_directory PASSED [ 41%]
tests/test_hal_compression_detection.py::TestHALToolDetection::test_detection_from_parent_directory PASSED [ 41%]
tests/test_hal_compression_detection.py::TestHALToolDetection::test_detection_from_spritepal_directory PASSED [ 41%]
tests/test_hal_compression_detection.py::TestHALToolDetection::test_detection_from_temp_directory PASSED [ 41%]
tests/test_hal_compression_detection.py::TestHALToolDetection::test_multiple_initialization_consistency PASSED [ 41%]
tests/test_hal_compression_detection.py::TestHALToolDetection::test_provided_path_override PASSED [ 41%]
tests/test_hal_compression_detection.py::TestHALToolDetection::test_spritepal_directory_calculation PASSED [ 41%]
tests/test_hal_compression_detection.py::TestHALToolDetection::test_tools_are_executable PASSED [ 42%]
tests/test_hal_compression_detection.py::TestHALToolDetection::test_tools_functionality PASSED [ 42%]
tests/test_hal_compression_detection.py::TestHALToolDetectionRegression::test_intermittent_failure_scenario PASSED [ 42%]
tests/test_hal_compression_detection.py::TestHALToolDetectionRegression::test_manager_initialization_robustness PASSED [ 42%]
tests/test_hal_compression_detection.py::TestHALToolDetectionRegression::test_no_relative_path_dependency PASSED [ 42%]
tests/test_hal_mock_verification.py::test_hal_is_mocked SKIPPED (Rea...) [ 42%]
tests/test_hal_mock_verification.py::test_hal_is_real_with_marker PASSED [ 42%]
tests/test_hal_mock_verification.py::test_mock_hal_performance SKIPPED   [ 42%]
tests/test_hal_mocking_performance.py::TestHALMockingPerformance::test_mock_deterministic_behavior PASSED [ 42%]
tests/test_hal_mocking_performance.py::TestHALMockingPerformance::test_mock_error_simulation PASSED [ 42%]
tests/test_hal_mocking_performance.py::TestHALMockingPerformance::test_mock_statistics_tracking PASSED [ 42%]
tests/test_hal_mocking_performance.py::TestHALCompressorMocking::test_mock_compressor_interface_compatibility PASSED [ 42%]
tests/test_hal_mocking_performance.py::TestHALCompressorMocking::test_mock_compressor_decompression PASSED [ 43%]
tests/test_hal_mocking_performance.py::TestHALCompressorMocking::test_mock_compressor_compression PASSED [ 43%]
tests/test_hal_mocking_performance.py::TestHALCompressorMocking::test_mock_compressor_batch_operations PASSED [ 43%]
tests/test_hal_mocking_performance.py::TestHALCompressorMocking::test_mock_compressor_statistics PASSED [ 43%]
tests/test_hal_mocking_performance.py::TestAutoMocking::test_real_hal_marker_overrides_mocking PASSED [ 43%]
tests/test_hal_mocking_performance.py::TestAutoMocking::test_fixture_provides_correct_implementation PASSED [ 43%]
tests/test_image_utils.py::TestCreateCheckerboardPattern::test_default_checkerboard PASSED [ 43%]
tests/test_image_utils.py::TestCreateCheckerboardPattern::test_custom_colors PASSED [ 43%]
tests/test_image_utils.py::TestCreateCheckerboardPattern::test_custom_tile_size PASSED [ 43%]
tests/test_image_utils.py::TestCreateCheckerboardPattern::test_non_divisible_dimensions PASSED [ 43%]
tests/test_image_utils.py::TestCreateCheckerboardPattern::test_single_tile_size PASSED [ 43%]
tests/test_image_utils.py::TestCreateCheckerboardPattern::test_large_tile_size PASSED [ 43%]
tests/test_image_utils.py::TestCreateCheckerboardPattern::test_rectangular_image PASSED [ 44%]
tests/test_image_utils.py::TestCreateCheckerboardPattern::test_very_small_image PASSED [ 44%]
tests/test_image_utils.py::TestCreateCheckerboardPattern::test_pattern_consistency PASSED [ 44%]
tests/test_image_utils.py::TestCreateCheckerboardPattern::test_edge_pixels PASSED [ 44%]
tests/test_image_utils.py::TestCreateCheckerboardPattern::test_memory_efficiency PASSED [ 44%]
tests/test_image_utils_mocked.py::TestPilToQPixmapMocked::test_none_input PASSED [ 44%]
tests/test_image_utils_mocked.py::TestPilToQPixmapMocked::test_falsy_image_input PASSED [ 44%]
tests/test_image_utils_mocked.py::TestPilToQPixmapMocked::test_successful_conversion PASSED [ 44%]
tests/test_image_utils_mocked.py::TestPilToQPixmapMocked::test_buffer_too_small PASSED [ 44%]
tests/test_image_utils_mocked.py::TestPilToQPixmapMocked::test_invalid_png_header PASSED [ 44%]
tests/test_image_utils_mocked.py::TestPilToQPixmapMocked::test_qpixmap_loadfromdata_failure PASSED [ 44%]
tests/test_image_utils_mocked.py::TestPilToQPixmapMocked::test_save_exception PASSED [ 44%]
tests/test_image_utils_mocked.py::TestPilToQPixmapMocked::test_attribute_error_handling PASSED [ 44%]
tests/test_image_utils_mocked.py::TestPilToQPixmapMocked::test_different_image_modes PASSED [ 45%]
tests/test_image_utils_mocked.py::TestPilToQPixmapMocked::test_logging_debug_messages PASSED [ 45%]
tests/test_image_utils_mocked.py::TestPilToQPixmapMocked::test_empty_buffer_after_save PASSED [ 45%]
tests/test_image_utils_mocked.py::TestPilToQPixmapMocked::test_io_error_during_save PASSED [ 45%]
tests/test_infrastructure_fixed.py::test_runs_fast PASSED                [ 45%]
tests/test_infrastructure_fixed.py::test_circular_import_prevention PASSED [ 45%]
tests/test_infrastructure_fixed.py::test_manager_markers_work PASSED     [ 45%]
tests/test_infrastructure_fixed.py::test_infrastructure_speed_baseline PASSED [ 45%]
tests/test_infrastructure_verification.py::TestInfrastructureVerification::test_01_fast_execution PASSED [ 45%]
tests/test_infrastructure_verification.py::TestInfrastructureVerification::test_02_session_managers_reused PASSED [ 45%]
tests/test_infrastructure_verification.py::TestInfrastructureVerification::test_03_circular_import_fixed PASSED [ 45%]
tests/test_infrastructure_verification.py::TestInfrastructureVerification::test_04_hal_cleanup_fixed PASSED [ 45%]
tests/test_infrastructure_verification.py::TestInfrastructureVerification::test_06_performance_benchmark PASSED [ 46%]
tests/test_injection_manager_real_conversion.py::TestInjectionManagerRealConversion::test_real_injection_manager_vs_mocked_methods PASSED [ 46%]
tests/test_injection_manager_real_conversion.py::TestInjectionManagerRealConversion::test_real_injection_manager_error_scenarios PASSED [ 46%]
tests/test_integration.py::TestEndToEndWorkflow::test_extractor_palette_manager_integration PASSED [ 46%]
tests/test_integration.py::TestEndToEndWorkflow::test_multiple_palette_extraction PASSED [ 46%]
tests/test_integration.py::TestRealFilePatterns::test_vram_pattern_matching PASSED [ 46%]
tests/test_integration.py::TestRealFilePatterns::test_complete_workflow_with_metadata PASSED [ 46%]
tests/test_integration_headless.py::TestVRAMExtractionWorkerHeadless::test_worker_logic_without_qt PASSED [ 46%]
tests/test_integration_headless.py::TestVRAMExtractionWorkerHeadless::test_worker_error_handling_headless SKIPPED [ 46%]
tests/test_integration_headless.py::TestWorkerBusinessLogic::test_extraction_workflow_logic PASSED [ 46%]
tests/test_integration_headless.py::TestWorkerBusinessLogic::test_pixmap_creation_mocked PASSED [ 46%]
tests/test_integration_mock.py::TestVRAMExtractionWorkerMocked::test_pixmap_creation_mocked PASSED [ 46%]
tests/test_integration_mock.py::TestBusinessLogicOnly::test_extraction_workflow_no_qt PASSED [ 47%]
tests/test_logging_config.py::TestSetupLogging::test_setup_logging_default_directory PASSED [ 47%]
tests/test_logging_config.py::TestSetupLogging::test_setup_logging_custom_directory PASSED [ 47%]
tests/test_logging_config.py::TestSetupLogging::test_setup_logging_different_levels PASSED [ 47%]
tests/test_logging_config.py::TestSetupLogging::test_setup_logging_invalid_level PASSED [ 47%]
tests/test_logging_config.py::TestSetupLogging::test_setup_logging_case_insensitive_level PASSED [ 47%]
tests/test_logging_config.py::TestSetupLogging::test_setup_logging_handlers_configuration PASSED [ 47%]
tests/test_logging_config.py::TestSetupLogging::test_setup_logging_formatters PASSED [ 47%]
tests/test_logging_config.py::TestSetupLogging::test_setup_logging_removes_existing_handlers PASSED [ 47%]
tests/test_logging_config.py::TestSetupLogging::test_setup_logging_creates_directory_recursively PASSED [ 47%]
tests/test_logging_config.py::TestSetupLogging::test_setup_logging_handles_existing_directory PASSED [ 47%]
tests/test_logging_config.py::TestSetupLogging::test_setup_logging_writes_startup_message PASSED [ 47%]
tests/test_logging_config.py::TestSetupLogging::test_setup_logging_actual_logging_works PASSED [ 48%]
tests/test_logging_config.py::TestSetupLogging::test_setup_logging_file_rotation_config PASSED [ 48%]
tests/test_logging_config.py::TestSetupLogging::test_setup_logging_return_value PASSED [ 48%]
tests/test_logging_config.py::TestSetupLogging::test_setup_logging_multiple_calls PASSED [ 48%]
tests/test_logging_config.py::TestSetupLogging::test_setup_logging_with_permissions_error PASSED [ 48%]
tests/test_logging_config.py::TestGetLogger::test_get_logger_basic_functionality PASSED [ 48%]
tests/test_logging_config.py::TestGetLogger::test_get_logger_different_modules PASSED [ 48%]
tests/test_logging_config.py::TestGetLogger::test_get_logger_same_module_returns_same_logger PASSED [ 48%]
tests/test_logging_config.py::TestGetLogger::test_get_logger_inherits_from_parent PASSED [ 48%]
tests/test_logging_config.py::TestGetLogger::test_get_logger_with_empty_module_name PASSED [ 48%]
tests/test_logging_config.py::TestGetLogger::test_get_logger_with_dots_in_module_name PASSED [ 48%]
tests/test_logging_config.py::TestGetLogger::test_get_logger_works_with_actual_logging PASSED [ 48%]
tests/test_logging_config.py::TestLoggingIntegration::test_logging_integration_workflow PASSED [ 48%]
tests/test_logging_config.py::TestLoggingIntegration::test_logging_level_inheritance PASSED [ 49%]
tests/test_logging_config.py::TestLoggingIntegration::test_logging_with_exception_handling PASSED [ 49%]
tests/test_main_window_helper_validation.py::TestMainWindowHelperValidation::test_helper_initialization PASSED [ 49%]
tests/test_main_window_helper_validation.py::TestMainWindowHelperValidation::test_extraction_params_functionality PASSED [ 49%]
tests/test_main_window_helper_validation.py::TestMainWindowHelperValidation::test_signal_tracking PASSED [ 49%]
tests/test_main_window_helper_validation.py::TestMainWindowHelperValidation::test_workflow_scenarios PASSED [ 49%]
tests/test_main_window_helper_validation.py::TestMainWindowHelperValidation::test_extraction_completion_handling PASSED [ 49%]
tests/test_main_window_helper_validation.py::TestMainWindowHelperValidation::test_workflow_summary PASSED [ 49%]
tests/test_manager_lifecycle_debug.py::TestManagerLifecycle::test_manager_direct_usage PASSED [ 49%]
tests/test_manager_lifecycle_debug.py::TestManagerLifecycle::test_manager_with_fake_files PASSED [ 49%]
tests/test_manager_lifecycle_debug.py::TestManagerLifecycle::test_manager_singleton_stability PASSED [ 49%]
tests/test_manager_registry.py::TestManagerRegistry::test_singleton_pattern PASSED [ 49%]
tests/test_manager_registry.py::TestManagerRegistry::test_managers_not_initialized_after_cleanup PASSED [ 50%]
tests/test_manager_registry.py::TestManagerRegistry::test_cleanup_managers PASSED [ 50%]
tests/test_manager_registry.py::TestManagerRegistry::test_get_all_managers PASSED [ 50%]
tests/test_manager_registry.py::TestManagerRegistry::test_double_initialization PASSED [ 50%]
tests/test_manager_registry.py::TestManagerRegistry::test_manager_type_checking PASSED [ 50%]
tests/test_manager_registry.py::TestManagerRegistry::test_concurrent_access PASSED [ 50%]
tests/test_manager_workflows.py::TestManagerCommunication::test_managers_share_session_data PASSED [ 50%]
tests/test_manager_workflows.py::TestManagerCommunication::test_manager_error_handling_integration PASSED [ 50%]
tests/test_manager_workflows.py::TestManagerCommunication::test_rom_injection_workflow_integration PASSED [ 50%]
tests/test_memory_leak_detection.py::TestLRUCacheMemoryManagement::test_cache_eviction_frees_memory PASSED [ 50%]
tests/test_memory_leak_detection.py::TestLRUCacheMemoryManagement::test_cache_stats_dont_leak PASSED [ 50%]
tests/test_memory_leak_detection.py::TestBatchThumbnailWorkerMemoryLeaks::test_rom_file_cleanup_on_worker_deletion PASSED [ 50%]
tests/test_memory_leak_detection.py::TestBatchThumbnailWorkerMemoryLeaks::test_context_manager_prevents_file_handle_leak PASSED [ 51%]
tests/test_memory_leak_detection.py::TestBatchThumbnailWorkerMemoryLeaks::test_thumbnail_generation_memory_cleanup PASSED [ 51%]
tests/test_memory_leak_detection.py::TestQImageQPixmapMemoryManagement::test_qimage_to_qpixmap_conversion_cleanup PASSED [ 51%]
tests/test_memory_leak_detection.py::TestQImageQPixmapMemoryManagement::test_qimage_copy_cleanup PASSED [ 51%]
tests/test_memory_leak_detection.py::TestLargeDataProcessingMemoryLeaks::test_processing_many_sprites_no_leak PASSED [ 51%]
tests/test_memory_leak_detection.py::TestLargeDataProcessingMemoryLeaks::test_rom_mmap_fallback_memory_management PASSED [ 51%]
tests/test_memory_leak_detection.py::TestMemoryLeakIntegration::test_full_workflow_no_memory_leak PASSED [ 51%]
tests/test_minimal.py::test_simple PASSED                                [ 51%]
tests/test_minimal.py::test_basic_math PASSED                            [ 51%]
tests/test_monitoring_system.py::TestPerformanceCollector::test_performance_collector_initialization PASSED [ 51%]
tests/test_monitoring_system.py::TestPerformanceCollector::test_start_finish_operation PASSED [ 51%]
tests/test_monitoring_system.py::TestPerformanceCollector::test_operation_stats PASSED [ 51%]
tests/test_monitoring_system.py::TestPerformanceCollector::test_memory_tracking PASSED [ 51%]
tests/test_monitoring_system.py::TestErrorTracker::test_error_tracker_initialization PASSED [ 52%]
tests/test_monitoring_system.py::TestErrorTracker::test_track_error PASSED [ 52%]
tests/test_monitoring_system.py::TestErrorTracker::test_error_deduplication PASSED [ 52%]
tests/test_monitoring_system.py::TestErrorTracker::test_error_summary PASSED [ 52%]
tests/test_monitoring_system.py::TestUsageAnalytics::test_usage_analytics_initialization PASSED [ 52%]
tests/test_monitoring_system.py::TestUsageAnalytics::test_track_feature_usage PASSED [ 52%]
tests/test_monitoring_system.py::TestUsageAnalytics::test_usage_stats PASSED [ 52%]
tests/test_monitoring_system.py::TestUsageAnalytics::test_workflow_tracking PASSED [ 52%]
tests/test_monitoring_system.py::TestHealthMonitor::test_health_monitor_initialization PASSED [ 52%]
tests/test_monitoring_system.py::TestHealthMonitor::test_record_metric PASSED [ 52%]
tests/test_monitoring_system.py::TestHealthMonitor::test_current_health PASSED [ 52%]
tests/test_monitoring_system.py::TestHealthMonitor::test_health_trends PASSED [ 52%]
tests/test_monitoring_system.py::TestMonitoringManager::test_manager_initialization PASSED [ 53%]
tests/test_monitoring_system.py::TestMonitoringManager::test_monitor_operation_context PASSED [ 53%]
tests/test_monitoring_system.py::TestMonitoringManager::test_track_error PASSED [ 53%]
tests/test_monitoring_system.py::TestMonitoringManager::test_track_feature_usage PASSED [ 53%]
tests/test_monitoring_system.py::TestMonitoringManager::test_generate_insights PASSED [ 53%]
tests/test_monitoring_system.py::TestMonitoringManager::test_generate_report PASSED [ 53%]
tests/test_monitoring_system.py::TestMonitoringManager::test_export_data PASSED [ 53%]
tests/test_monitoring_system.py::TestMonitoringDecorators::test_monitor_operation_decorator PASSED [ 53%]
tests/test_monitoring_system.py::TestMonitoringDecorators::test_track_feature_usage_decorator PASSED [ 53%]
tests/test_monitoring_system.py::TestMonitoringDecorators::test_workflow_tracker PASSED [ 53%]
tests/test_monitoring_system.py::TestMonitoringDecorators::test_monitoring_mixin PASSED [ 53%]
tests/test_monitoring_system.py::TestMonitoringSettings::test_default_settings PASSED [ 53%]
tests/test_monitoring_system.py::TestMonitoringSettings::test_ensure_settings PASSED [ 54%]
tests/test_monitoring_system.py::TestMonitoringSettings::test_get_monitoring_config PASSED [ 54%]
tests/test_monitoring_system.py::TestMonitoringSettings::test_validate_settings PASSED [ 54%]
tests/test_monitoring_system.py::TestMonitoringDashboard::test_dashboard_initialization SKIPPED [ 54%]
tests/test_monitoring_system.py::TestMonitoringDashboard::test_dashboard_update SKIPPED [ 54%]
tests/test_monitoring_system.py::TestIntegrationScenarios::test_rom_loading_scenario PASSED [ 54%]
tests/test_monitoring_system.py::TestIntegrationScenarios::test_error_recovery_scenario PASSED [ 54%]
tests/test_monitoring_system.py::TestIntegrationScenarios::test_performance_degradation_detection PASSED [ 54%]
tests/test_palette_fix.py::test_palette_application PASSED               [ 54%]
tests/test_palette_manager.py::TestPaletteManager::test_init PASSED      [ 54%]
tests/test_palette_manager.py::TestPaletteManager::test_load_cgram PASSED [ 54%]
tests/test_palette_manager.py::TestPaletteManager::test_extract_palettes PASSED [ 54%]
tests/test_palette_manager.py::TestPaletteManager::test_bgr555_conversion PASSED [ 55%]
tests/test_palette_manager.py::TestPaletteManager::test_get_palette PASSED [ 55%]
tests/test_palette_manager.py::TestPaletteManager::test_get_sprite_palettes PASSED [ 55%]
tests/test_palette_manager.py::TestPaletteManager::test_create_palette_json PASSED [ 55%]
tests/test_palette_manager.py::TestPaletteManager::test_palette_info[8-Kirby (Pink)] PASSED [ 55%]
tests/test_palette_manager.py::TestPaletteManager::test_palette_info[12-UI/HUD] PASSED [ 55%]
tests/test_palette_manager.py::TestPaletteManager::test_palette_info[14-Boss/Enemy] PASSED [ 55%]
tests/test_palette_manager.py::TestPaletteManager::test_palette_info[99-Palette 99] PASSED [ 55%]
tests/test_palette_manager_extended.py::TestPaletteManagerExtended::test_extract_palettes_with_no_data PASSED [ 55%]
tests/test_palette_manager_extended.py::TestPaletteManagerExtended::test_extract_palettes_with_truncated_data PASSED [ 55%]
tests/test_palette_manager_extended.py::TestPaletteManagerExtended::test_create_metadata_json PASSED [ 55%]
tests/test_palette_manager_extended.py::TestPaletteManagerExtended::test_analyze_oam_palettes_success PASSED [ 55%]
tests/test_palette_manager_extended.py::TestPaletteManagerExtended::test_analyze_oam_palettes_error_handling PASSED [ 55%]
tests/test_palette_manager_extended.py::TestPaletteManagerExtended::test_analyze_oam_palettes_short_data PASSED [ 56%]
tests/test_palette_manager_extended.py::TestPaletteManagerExtended::test_create_palette_json_without_companion_image PASSED [ 56%]
tests/test_palette_manager_extended.py::TestPaletteManagerExtended::test_load_cgram_file_error PASSED [ 56%]
tests/test_palette_manager_extended.py::TestPaletteManagerExtended::test_bgr555_edge_cases PASSED [ 56%]
[...]
    fixture_result = next(generator)

tests/ui_tests/components/base/composed/test_composed_dialog_integration.py::TestComposedDialogIntegration::test_button_manager_dialog_connection
  /mnt/c/CustomScripts/KirbyMax/workshop/exhal-master/spritepal/.venv/lib/python3.13/site-packages/_pytest/fixtures.py:908: UserWarning: Test 'test_button_manager_dialog_connection' started with ManagerRegistry already initialized but doesn't use manager fixtures. This may indicate test pollution from a prior test.
    fixture_result = next(generator)

tests/ui_tests/components/base/composed/test_composed_dialog_integration.py::TestComposedDialogIntegration::test_complex_dialog_workflow
  /mnt/c/CustomScripts/KirbyMax/workshop/exhal-master/spritepal/.venv/lib/python3.13/site-packages/_pytest/fixtures.py:908: UserWarning: Test 'test_complex_dialog_workflow' started with ManagerRegistry already initialized but doesn't use manager fixtures. This may indicate test pollution from a prior test.
    fixture_result = next(generator)

tests/ui_tests/components/base/composed/test_composed_dialog_integration.py::TestComposedDialogIntegration::test_realistic_form_validation_workflow
  /mnt/c/CustomScripts/KirbyMax/workshop/exhal-master/spritepal/.venv/lib/python3.13/site-packages/_pytest/fixtures.py:908: UserWarning: Test 'test_realistic_form_validation_workflow' started with ManagerRegistry already initialized but doesn't use manager fixtures. This may indicate test pollution from a prior test.
    fixture_result = next(generator)

tests/ui_tests/components/base/composed/test_composed_dialog_integration.py::TestComposedDialogIntegration::test_progress_and_status_integration
  /mnt/c/CustomScripts/KirbyMax/workshop/exhal-master/spritepal/.venv/lib/python3.13/site-packages/_pytest/fixtures.py:908: UserWarning: Test 'test_progress_and_status_integration' started with ManagerRegistry already initialized but doesn't use manager fixtures. This may indicate test pollution from a prior test.
    fixture_result = next(generator)

tests/ui_tests/components/base/composed/test_composed_dialog_integration.py::TestComposedDialogIntegration::test_component_state_consistency
  /mnt/c/CustomScripts/KirbyMax/workshop/exhal-master/spritepal/.venv/lib/python3.13/site-packages/_pytest/fixtures.py:908: UserWarning: Test 'test_component_state_consistency' started with ManagerRegistry already initialized but doesn't use manager fixtures. This may indicate test pollution from a prior test.
    fixture_result = next(generator)

tests/ui_tests/components/base/composed/test_composed_dialog_integration.py::TestComposedDialogIntegration::test_real_widget_properties_and_behavior
  /mnt/c/CustomScripts/KirbyMax/workshop/exhal-master/spritepal/.venv/lib/python3.13/site-packages/_pytest/fixtures.py:908: UserWarning: Test 'test_real_widget_properties_and_behavior' started with ManagerRegistry already initialized but doesn't use manager fixtures. This may indicate test pollution from a prior test.
    fixture_result = next(generator)

tests/ui_tests/components/base/composed/test_composed_dialog_integration.py::TestComposedDialogIntegration::test_all_message_types_integration
  /mnt/c/CustomScripts/KirbyMax/workshop/exhal-master/spritepal/.venv/lib/python3.13/site-packages/_pytest/fixtures.py:908: UserWarning: Test 'test_all_message_types_integration' started with ManagerRegistry already initialized but doesn't use manager fixtures. This may indicate test pollution from a prior test.
    fixture_result = next(generator)

tests/ui_tests/components/base/composed/test_composed_dialog_mocked.py::TestComposedDialogMockedIntegration::test_dialog_creation_and_component_initialization
  /mnt/c/CustomScripts/KirbyMax/workshop/exhal-master/spritepal/.venv/lib/python3.13/site-packages/_pytest/fixtures.py:908: UserWarning: Test 'test_dialog_creation_and_component_initialization' started with ManagerRegistry already initialized but doesn't use manager fixtures. This may indicate test pollution from a prior test.
    fixture_result = next(generator)

tests/ui_tests/components/base/composed/test_composed_dialog_mocked.py::TestComposedDialogMockedIntegration::test_dialog_selective_component_creation
  /mnt/c/CustomScripts/KirbyMax/workshop/exhal-master/spritepal/.venv/lib/python3.13/site-packages/_pytest/fixtures.py:908: UserWarning: Test 'test_dialog_selective_component_creation' started with ManagerRegistry already initialized but doesn't use manager fixtures. This may indicate test pollution from a prior test.
    fixture_result = next(generator)

tests/ui_tests/components/base/composed/test_composed_dialog_mocked.py::TestComposedDialogMockedIntegration::test_dialog_cleanup_on_close_event
  /mnt/c/CustomScripts/KirbyMax/workshop/exhal-master/spritepal/.venv/lib/python3.13/site-packages/_pytest/fixtures.py:908: UserWarning: Test 'test_dialog_cleanup_on_close_event' started with ManagerRegistry already initialized but doesn't use manager fixtures. This may indicate test pollution from a prior test.
    fixture_result = next(generator)

tests/ui_tests/components/base/composed/test_composed_dialog_mocked.py::TestComposedDialogMockedIntegration::test_custom_dialog_subclass_setup_ui_called
  /mnt/c/CustomScripts/KirbyMax/workshop/exhal-master/spritepal/.venv/lib/python3.13/site-packages/_pytest/fixtures.py:908: UserWarning: Test 'test_custom_dialog_subclass_setup_ui_called' started with ManagerRegistry already initialized but doesn't use manager fixtures. This may indicate test pollution from a prior test.
    fixture_result = next(generator)

tests/ui_tests/components/base/composed/test_composed_dialog_mocked.py::TestComposedDialogMockedIntegration::test_dialog_configuration_persistence
  /mnt/c/CustomScripts/KirbyMax/workshop/exhal-master/spritepal/.venv/lib/python3.13/site-packages/_pytest/fixtures.py:908: UserWarning: Test 'test_dialog_configuration_persistence' started with ManagerRegistry already initialized but doesn't use manager fixtures. This may indicate test pollution from a prior test.
    fixture_result = next(generator)

tests/ui_tests/components/base/composed/test_composed_dialog_mocked.py::TestComposedDialogMockedIntegration::test_manager_availability_based_on_config[ButtonBoxManager-with_button_box-True]
  /mnt/c/CustomScripts/KirbyMax/workshop/exhal-master/spritepal/.venv/lib/python3.13/site-packages/_pytest/fixtures.py:908: UserWarning: Test 'test_manager_availability_based_on_config[ButtonBoxManager-with_button_box-True]' started with ManagerRegistry already initialized but doesn't use manager fixtures. This may indicate test pollution from a prior test.
    fixture_result = next(generator)

tests/ui_tests/components/base/composed/test_composed_dialog_mocked.py::TestComposedDialogMockedIntegration::test_manager_availability_based_on_config[ButtonBoxManager-with_button_box-False]
  /mnt/c/CustomScripts/KirbyMax/workshop/exhal-master/spritepal/.venv/lib/python3.13/site-packages/_pytest/fixtures.py:908: UserWarning: Test 'test_manager_availability_based_on_config[ButtonBoxManager-with_button_box-False]' started with ManagerRegistry already initialized but doesn't use manager fixtures. This may indicate test pollution from a prior test.
    fixture_result = next(generator)

tests/ui_tests/components/base/composed/test_composed_dialog_mocked.py::TestComposedDialogMockedIntegration::test_manager_availability_based_on_config[StatusBarManager-with_status_bar-True]
  /mnt/c/CustomScripts/KirbyMax/workshop/exhal-master/spritepal/.venv/lib/python3.13/site-packages/_pytest/fixtures.py:908: UserWarning: Test 'test_manager_availability_based_on_config[StatusBarManager-with_status_bar-True]' started with ManagerRegistry already initialized but doesn't use manager fixtures. This may indicate test pollution from a prior test.
    fixture_result = next(generator)

tests/ui_tests/components/base/composed/test_composed_dialog_mocked.py::TestComposedDialogMockedIntegration::test_manager_availability_based_on_config[StatusBarManager-with_status_bar-False]
  /mnt/c/CustomScripts/KirbyMax/workshop/exhal-master/spritepal/.venv/lib/python3.13/site-packages/_pytest/fixtures.py:908: UserWarning: Test 'test_manager_availability_based_on_config[StatusBarManager-with_status_bar-False]' started with ManagerRegistry already initialized but doesn't use manager fixtures. This may indicate test pollution from a prior test.
    fixture_result = next(generator)

tests/ui_tests/components/base/composed/test_message_dialog_manager.py::TestMessageDialogManager::test_initialization
  /mnt/c/CustomScripts/KirbyMax/workshop/exhal-master/spritepal/.venv/lib/python3.13/site-packages/_pytest/fixtures.py:908: UserWarning: Test 'test_initialization' started with ManagerRegistry already initialized but doesn't use manager fixtures. This may indicate test pollution from a prior test.
    fixture_result = next(generator)

tests/ui_tests/components/base/composed/test_message_dialog_manager.py::TestMessageDialogManager::test_initialize_with_dialog
  /mnt/c/CustomScripts/KirbyMax/workshop/exhal-master/spritepal/.venv/lib/python3.13/site-packages/_pytest/fixtures.py:908: UserWarning: Test 'test_initialize_with_dialog' started with ManagerRegistry already initialized but doesn't use manager fixtures. This may indicate test pollution from a prior test.
    fixture_result = next(generator)

tests/ui_tests/components/base/composed/test_message_dialog_manager.py::TestMessageDialogManager::test_initialize_with_invalid_context
  /mnt/c/CustomScripts/KirbyMax/workshop/exhal-master/spritepal/.venv/lib/python3.13/site-packages/_pytest/fixtures.py:908: UserWarning: Test 'test_initialize_with_invalid_context' started with ManagerRegistry already initialized but doesn't use manager fixtures. This may indicate test pollution from a prior test.
    fixture_result = next(generator)

tests/ui_tests/components/base/composed/test_message_dialog_manager.py::TestMessageDialogManager::test_cleanup
  /mnt/c/CustomScripts/KirbyMax/workshop/exhal-master/spritepal/.venv/lib/python3.13/site-packages/_pytest/fixtures.py:908: UserWarning: Test 'test_cleanup' started with ManagerRegistry already initialized but doesn't use manager fixtures. This may indicate test pollution from a prior test.
    fixture_result = next(generator)

tests/ui_tests/components/base/composed/test_message_dialog_manager.py::TestMessageDialogManager::test_show_error
  /mnt/c/CustomScripts/KirbyMax/workshop/exhal-master/spritepal/.venv/lib/python3.13/site-packages/_pytest/fixtures.py:908: UserWarning: Test 'test_show_error' started with ManagerRegistry already initialized but doesn't use manager fixtures. This may indicate test pollution from a prior test.
    fixture_result = next(generator)

tests/ui_tests/components/base/composed/test_message_dialog_manager.py::TestMessageDialogManager::test_show_info
  /mnt/c/CustomScripts/KirbyMax/workshop/exhal-master/spritepal/.venv/lib/python3.13/site-packages/_pytest/fixtures.py:908: UserWarning: Test 'test_show_info' started with ManagerRegistry already initialized but doesn't use manager fixtures. This may indicate test pollution from a prior test.
    fixture_result = next(generator)

tests/ui_tests/components/base/composed/test_message_dialog_manager.py::TestMessageDialogManager::test_show_warning
  /mnt/c/CustomScripts/KirbyMax/workshop/exhal-master/spritepal/.venv/lib/python3.13/site-packages/_pytest/fixtures.py:908: UserWarning: Test 'test_show_warning' started with ManagerRegistry already initialized but doesn't use manager fixtures. This may indicate test pollution from a prior test.
    fixture_result = next(generator)

tests/ui_tests/components/base/composed/test_message_dialog_manager.py::TestMessageDialogManager::test_confirm_action_yes
  /mnt/c/CustomScripts/KirbyMax/workshop/exhal-master/spritepal/.venv/lib/python3.13/site-packages/_pytest/fixtures.py:908: UserWarning: Test 'test_confirm_action_yes' started with ManagerRegistry already initialized but doesn't use manager fixtures. This may indicate test pollution from a prior test.
    fixture_result = next(generator)

tests/ui_tests/components/base/composed/test_message_dialog_manager.py::TestMessageDialogManager::test_confirm_action_no
  /mnt/c/CustomScripts/KirbyMax/workshop/exhal-master/spritepal/.venv/lib/python3.13/site-packages/_pytest/fixtures.py:908: UserWarning: Test 'test_confirm_action_no' started with ManagerRegistry already initialized but doesn't use manager fixtures. This may indicate test pollution from a prior test.
    fixture_result = next(generator)

tests/ui_tests/components/base/composed/test_message_dialog_manager.py::TestMessageDialogManager::test_methods_require_initialization
  /mnt/c/CustomScripts/KirbyMax/workshop/exhal-master/spritepal/.venv/lib/python3.13/site-packages/_pytest/fixtures.py:908: UserWarning: Test 'test_methods_require_initialization' started with ManagerRegistry already initialized but doesn't use manager fixtures. This may indicate test pollution from a prior test.
    fixture_result = next(generator)

tests/ui_tests/components/base/composed/test_message_dialog_manager.py::TestMessageDialogManager::test_repr
  /mnt/c/CustomScripts/KirbyMax/workshop/exhal-master/spritepal/.venv/lib/python3.13/site-packages/_pytest/fixtures.py:908: UserWarning: Test 'test_repr' started with ManagerRegistry already initialized but doesn't use manager fixtures. This may indicate test pollution from a prior test.
    fixture_result = next(generator)

tests/ui_tests/components/base/composed/test_message_dialog_manager.py::TestMessageDialogManager::test_parent_object
  /mnt/c/CustomScripts/KirbyMax/workshop/exhal-master/spritepal/.venv/lib/python3.13/site-packages/_pytest/fixtures.py:908: UserWarning: Test 'test_parent_object' started with ManagerRegistry already initialized but doesn't use manager fixtures. This may indicate test pollution from a prior test.
    fixture_result = next(generator)

tests/ui_tests/dialogs/test_manual_offset_unified_dialog.py::TestUnifiedManualOffsetDialogMethods::test_format_position_with_real_logic
  /mnt/c/CustomScripts/KirbyMax/workshop/exhal-master/spritepal/.venv/lib/python3.13/site-packages/_pytest/fixtures.py:908: UserWarning: Test 'test_format_position_with_real_logic' started with ManagerRegistry already initialized but doesn't use manager fixtures. This may indicate test pollution from a prior test.
    fixture_result = next(generator)

tests/ui_tests/dialogs/test_manual_offset_unified_dialog.py::TestUnifiedManualOffsetDialogMethods::test_offset_clamping_logic
  /mnt/c/CustomScripts/KirbyMax/workshop/exhal-master/spritepal/.venv/lib/python3.13/site-packages/_pytest/fixtures.py:908: UserWarning: Test 'test_offset_clamping_logic' started with ManagerRegistry already initialized but doesn't use manager fixtures. This may indicate test pollution from a prior test.
    fixture_result = next(generator)

tests/ui_tests/dialogs/test_manual_offset_unified_dialog.py::TestUnifiedManualOffsetDialogMethods::test_rom_data_validation_rejects_invalid_files
  /mnt/c/CustomScripts/KirbyMax/workshop/exhal-master/spritepal/.venv/lib/python3.13/site-packages/_pytest/fixtures.py:908: UserWarning: Test 'test_rom_data_validation_rejects_invalid_files' started with ManagerRegistry already initialized but doesn't use manager fixtures. This may indicate test pollution from a prior test.
    fixture_result = next(generator)

tests/ui_tests/dialogs/test_manual_offset_unified_dialog.py::TestDialogStateManagement::test_dialog_visibility_toggle
  /mnt/c/CustomScripts/KirbyMax/workshop/exhal-master/spritepal/.venv/lib/python3.13/site-packages/_pytest/fixtures.py:908: UserWarning: Test 'test_dialog_visibility_toggle' started with ManagerRegistry already initialized but doesn't use manager fixtures. This may indicate test pollution from a prior test.
    fixture_result = next(generator)

tests/ui_tests/dialogs/test_manual_offset_unified_dialog.py::TestDialogStateManagement::test_tab_state_preservation
  /mnt/c/CustomScripts/KirbyMax/workshop/exhal-master/spritepal/.venv/lib/python3.13/site-packages/_pytest/fixtures.py:908: UserWarning: Test 'test_tab_state_preservation' started with ManagerRegistry already initialized but doesn't use manager fixtures. This may indicate test pollution from a prior test.
    fixture_result = next(generator)

tests/ui_tests/dialogs/test_manual_offset_unified_dialog.py::TestDialogStateManagement::test_history_accumulation
  /mnt/c/CustomScripts/KirbyMax/workshop/exhal-master/spritepal/.venv/lib/python3.13/site-packages/_pytest/fixtures.py:908: UserWarning: Test 'test_history_accumulation' started with ManagerRegistry already initialized but doesn't use manager fixtures. This may indicate test pollution from a prior test.
    fixture_result = next(generator)

tests/ui_tests/dialogs/test_manual_offset_unified_dialog.py::TestDialogStateManagement::test_modal_state
  /mnt/c/CustomScripts/KirbyMax/workshop/exhal-master/spritepal/.venv/lib/python3.13/site-packages/_pytest/fixtures.py:908: UserWarning: Test 'test_modal_state' started with ManagerRegistry already initialized but doesn't use manager fixtures. This may indicate test pollution from a prior test.
    fixture_result = next(generator)

-- Docs: https://docs.pytest.org/en/stable/how-to/capture-warnings.html
=========================== short test summary info ============================
SKIPPED [1] tests/test_controller_fix_validation.py:19: Creates real MainWindow which crashes in Qt offscreen mode
SKIPPED [1] tests/test_dialog_real_integration.py:29: Real dialog instantiation fails in Qt offscreen mode
SKIPPED [1] tests/test_manager_performance_benchmarks_tdd.py:29: could not import 'pytest_benchmark': No module named 'pytest_benchmark'
SKIPPED [1] tests/test_performance_benchmarks.py:27: could not import 'pytest_benchmark': No module named 'pytest_benchmark'
SKIPPED [1] tests/test_hal_mock_verification.py:42: Real HAL tools available - mock test not applicable
SKIPPED [1] tests/test_hal_mock_verification.py:84: Skipping - appears to be real HAL
SKIPPED [1] tests/test_integration_headless.py:191: Worker error signal not being emitted - VRAMExtractionWorker doesn't emit error for invalid files
SKIPPED [2] tests/test_monitoring_system.py: GUI test requires display
SKIPPED [1] tests/test_parallel_sprite_finder.py:428: Test asserts exact common_offsets count (2) but algorithm finds 3 - assertion too strict for adaptive behavior
SKIPPED [1] tests/test_rom_extractor_sprite_detection.py:278: Embedded sprite detection has specific requirements that need investigation
SKIPPED [1] tests/test_rom_injection.py:121: ROM file not found: /mnt/c/CustomScripts/KirbyMax/workshop/exhal-master/spritepal/Kirby Super Star (USA).sfc
SKIPPED [1] tests/test_smart_preview.py:358: Signal.receivers() method not available in test environment
SKIPPED [1] tests/test_sprite_finder.py:146: Mock-heavy test duplicated by integration/test_integration_sprite_finder.py::test_find_sprites_in_real_rom with better coverage
SKIPPED [1] tests/test_sprite_finder_refactored.py:229: Tests private _load_cache method that was refactored. Caching behavior covered by integration tests.
SKIPPED [1] tests/test_sprite_finder_refactored.py:271: Tests 'parallel' parameter that no longer exists in API. Parallel behavior is internal implementation detail.
SKIPPED [1] tests/test_sprite_finder_refactored.py:317: MockHALCompressor interface mismatch. Better coverage in integration/test_integration_sprite_finder.py
SKIPPED [15] tests/test_status_panel_cache_integration.py: Brittle UI tests checking implementation details (widget structure, exact text). StatusPanel UI may have changed.
== 1199 passed, 32 skipped, 847 deselected, 558 warnings in 122.38s (0:02:02) ==
