============================= test session starts ==============================
platform linux -- Python 3.13.3, pytest-9.0.2, pluggy-1.6.0 -- /mnt/c/CustomScripts/KirbyMax/workshop/exhal-master/spritepal/.venv/bin/python3
cachedir: .pytest_cache
PySide6 6.10.1 -- Qt runtime 6.10.1 -- Qt compiled 6.10.1
rootdir: /mnt/c/CustomScripts/KirbyMax/workshop/exhal-master/spritepal
configfile: pyproject.toml
testpaths: tests
plugins: cov-7.0.0, mock-3.15.1, qt-4.5.0, timeout-2.4.0
timeout: 30.0s
timeout method: thread
timeout func_only: False
collecting ... collected 1992 items / 371 deselected / 2 skipped / 1621 selected

tests/controllers/test_extraction_controller_canonical.py::TestControllerImports::test_controller_imports PASSED [  0%]
tests/controllers/test_extraction_controller_canonical.py::TestControllerImports::test_pil_to_qpixmap_import PASSED [  0%]
tests/controllers/test_extraction_controller_canonical.py::TestExtractionControllerUnit::test_init_connects_signals PASSED [  0%]
tests/controllers/test_extraction_controller_canonical.py::TestExtractionControllerUnit::test_parameter_validation_missing_vram PASSED [  0%]
tests/controllers/test_extraction_controller_canonical.py::TestExtractionControllerUnit::test_parameter_validation_missing_cgram PASSED [  0%]
tests/controllers/test_extraction_controller_canonical.py::TestExtractionControllerUnit::test_parameter_validation_missing_both PASSED [  0%]
tests/controllers/test_extraction_controller_canonical.py::TestExtractionControllerUnit::test_start_extraction_valid_params PASSED [  0%]
tests/controllers/test_extraction_controller_canonical.py::TestExtractionControllerUnit::test_on_progress_handler PASSED [  0%]
tests/controllers/test_extraction_controller_canonical.py::TestExtractionControllerUnit::test_on_preview_ready_handler PASSED [  0%]
tests/controllers/test_extraction_controller_canonical.py::TestExtractionControllerUnit::test_on_preview_image_ready_handler PASSED [  0%]
tests/controllers/test_extraction_controller_canonical.py::TestExtractionControllerUnit::test_on_palettes_ready_handler PASSED [  0%]
tests/controllers/test_extraction_controller_canonical.py::TestExtractionControllerUnit::test_on_active_palettes_ready_handler PASSED [  0%]
tests/controllers/test_extraction_controller_canonical.py::TestExtractionControllerUnit::test_on_extraction_finished_handler PASSED [  0%]
tests/controllers/test_extraction_controller_canonical.py::TestExtractionControllerUnit::test_on_extraction_error_handler PASSED [  0%]
tests/controllers/test_extraction_controller_canonical.py::TestExtractionControllerUnit::test_open_in_editor_launcher_found PASSED [  0%]
tests/controllers/test_extraction_controller_canonical.py::TestExtractionControllerUnit::test_open_in_editor_launcher_not_found PASSED [  0%]
tests/controllers/test_extraction_controller_canonical.py::TestExtractionControllerUnit::test_open_in_editor_subprocess_error PASSED [  1%]
tests/controllers/test_extraction_controller_canonical.py::TestControllerManagerContextIntegration::test_controller_manager_access PASSED [  1%]
tests/controllers/test_extraction_controller_canonical.py::TestControllerManagerContextIntegration::test_controller_manager_state_persistence PASSED [  1%]
tests/controllers/test_extraction_controller_canonical.py::TestPrivateAttributeAccessFix::test_get_output_path_returns_value PASSED [  1%]
tests/controllers/test_extraction_controller_canonical.py::TestPrivateAttributeAccessFix::test_get_output_path_returns_empty_string PASSED [  1%]
tests/controllers/test_extraction_controller_canonical.py::TestPrivateAttributeAccessFix::test_get_output_path_returns_none PASSED [  1%]
tests/controllers/test_extraction_controller_canonical.py::TestPrivateAttributeAccessFix::test_controller_uses_public_method PASSED [  1%]
tests/controllers/test_extraction_controller_canonical.py::TestPrivateAttributeAccessFix::test_controller_handles_empty_output_path PASSED [  1%]
tests/controllers/test_extraction_controller_canonical.py::TestPrivateAttributeAccessFix::test_controller_handles_none_output_path PASSED [  1%]
tests/controllers/test_extraction_controller_canonical.py::TestPrivateAttributeAccessFix::test_private_attribute_not_accessed_directly PASSED [  1%]
tests/integration/test_batch_thumbnail_worker_integration.py::TestBatchThumbnailWorkerHeadlessIntegration::test_headless_idle_detection_logic PASSED [  1%]
tests/integration/test_batch_thumbnail_worker_integration.py::TestBatchThumbnailWorkerHeadlessIntegration::test_headless_cache_management_logic PASSED [  1%]
tests/integration/test_batch_thumbnail_worker_integration.py::TestBatchThumbnailWorkerHeadlessIntegration::test_headless_memory_cleanup_logic PASSED [  1%]
tests/integration/test_batch_thumbnail_worker_integration.py::TestBatchThumbnailWorkerHeadlessIntegration::test_headless_queue_operations_logic PASSED [  1%]
tests/integration/test_complete_ui_workflows_comprehensive.py::TestUIWorkflowsHeadlessIntegration::test_headless_workflow_state_machine PASSED [  1%]
tests/integration/test_complete_ui_workflows_comprehensive.py::TestUIWorkflowsHeadlessIntegration::test_headless_resource_lifecycle_logic PASSED [  1%]
tests/integration/test_complete_ui_workflows_comprehensive.py::TestUIWorkflowsHeadlessIntegration::test_headless_concurrent_operation_logic PASSED [  2%]
tests/integration/test_core_operations_manager_integration.py::TestCoreOperationsManagerVRAMExtraction::test_extract_from_vram_returns_success PASSED [  2%]
tests/integration/test_core_operations_manager_integration.py::TestCoreOperationsManagerVRAMExtraction::test_extract_from_vram_creates_output_file PASSED [  2%]
tests/integration/test_core_operations_manager_integration.py::TestCoreOperationsManagerVRAMExtraction::test_extract_from_vram_with_offset PASSED [  2%]
tests/integration/test_core_operations_manager_integration.py::TestCoreOperationsManagerVRAMExtraction::test_extract_from_vram_optional_params_stored PASSED [  2%]
tests/integration/test_core_operations_manager_integration.py::TestSpriteExtractorExtractSprite::test_extract_sprite_method_exists PASSED [  2%]
tests/integration/test_core_operations_manager_integration.py::TestSpriteExtractorExtractSprite::test_extract_sprite_returns_dict PASSED [  2%]
tests/integration/test_core_operations_manager_integration.py::TestSpriteExtractorExtractSprite::test_extract_sprite_signature_matches_caller PASSED [  2%]
tests/integration/test_edge_cases_integration.py::TestRealComponentFactoryEdgeCases::test_create_rom_cache_with_none_path PASSED [  2%]
tests/integration/test_edge_cases_integration.py::TestRealComponentFactoryEdgeCases::test_create_extraction_manager_without_data PASSED [  2%]
tests/integration/test_edge_cases_integration.py::TestRealComponentFactoryEdgeCases::test_create_injection_manager_without_data PASSED [  2%]
tests/integration/test_edge_cases_integration.py::TestRealComponentFactoryEdgeCases::test_create_rom_extractor_with_mock_hal PASSED [  2%]
tests/integration/test_edge_cases_integration.py::TestRealComponentFactoryEdgeCases::test_create_tile_renderer_default PASSED [  2%]
tests/integration/test_edge_cases_integration.py::TestExtractionManagerEdgeCases::test_validate_missing_path_types PASSED [  2%]
tests/integration/test_edge_cases_integration.py::TestExtractionManagerEdgeCases::test_validate_with_empty_vram_path PASSED [  2%]
tests/integration/test_edge_cases_integration.py::TestExtractionManagerEdgeCases::test_validate_with_missing_output_base PASSED [  2%]
tests/integration/test_edge_cases_integration.py::TestExtractionManagerEdgeCases::test_validate_with_empty_output_base PASSED [  3%]
tests/integration/test_edge_cases_integration.py::TestExtractionManagerEdgeCases::test_validate_rom_with_negative_offset PASSED [  3%]
tests/integration/test_edge_cases_integration.py::TestInjectionManagerEdgeCases::test_manager_initialization PASSED [  3%]
tests/integration/test_edge_cases_integration.py::TestInjectionManagerEdgeCases::test_load_metadata_nonexistent_file PASSED [  3%]
tests/integration/test_edge_cases_integration.py::TestInjectionManagerEdgeCases::test_load_metadata_no_companion_json PASSED [  3%]
tests/integration/test_edge_cases_integration.py::TestInjectionManagerEdgeCases::test_find_vram_suggestion_nonexistent_path PASSED [  3%]
tests/integration/test_edge_cases_integration.py::TestInjectionManagerEdgeCases::test_suggest_output_path_with_valid_path PASSED [  3%]
tests/integration/test_edge_cases_integration.py::TestROMDataEdgeCases::test_extraction_manager_read_header_valid_rom PASSED [  3%]
tests/integration/test_edge_cases_integration.py::TestROMDataEdgeCases::test_extraction_manager_read_header_nonexistent_file PASSED [  3%]
tests/integration/test_edge_cases_integration.py::TestThreadSafetyEdgeCases::test_thread_safe_test_image_standard_size PASSED [  3%]
tests/integration/test_edge_cases_integration.py::TestThreadSafetyEdgeCases::test_thread_safe_test_image_small_size PASSED [  3%]
tests/integration/test_edge_cases_integration.py::TestThreadSafetyEdgeCases::test_thread_safe_test_image_fill_color PASSED [  3%]
tests/integration/test_edge_cases_integration.py::TestCacheEdgeCases::test_rom_cache_with_settings PASSED [  3%]
tests/integration/test_edge_cases_integration.py::TestCacheEdgeCases::test_injection_manager_cache_stats PASSED [  3%]
tests/integration/test_edge_cases_integration.py::TestCacheEdgeCases::test_extraction_manager_reset_state PASSED [  3%]
tests/integration/test_edge_cases_integration.py::TestCacheEdgeCases::test_injection_manager_reset_state PASSED [  3%]
tests/integration/test_edge_cases_integration.py::TestWorkflowEdgeCases::test_manager_double_reset PASSED [  4%]
tests/integration/test_edge_cases_integration.py::TestWorkflowEdgeCases::test_extraction_manager_validates_rom_path_type PASSED [  4%]
tests/integration/test_edge_cases_integration.py::TestWorkflowEdgeCases::test_factory_cleanup_on_exit PASSED [  4%]
tests/integration/test_edge_cases_integration.py::TestWorkflowEdgeCases::test_multiple_manager_creation PASSED [  4%]
tests/integration/test_edge_cases_integration.py::TestFileValidationEdgeCases::test_validate_vram_grayscale_mode_no_cgram PASSED [  4%]
tests/integration/test_edge_cases_integration.py::TestFileValidationEdgeCases::test_validate_vram_full_color_requires_cgram PASSED [  4%]
tests/integration/test_fullscreen_sprite_viewer_integration.py::TestFullscreenViewerMockIntegration::test_headless_functionality_with_mocks PASSED [  4%]
tests/integration/test_gallery_window_integration.py::TestGalleryWindowHeadlessIntegration::test_headless_worker_lifecycle_logic PASSED [  4%]
tests/integration/test_gallery_window_integration.py::TestGalleryWindowHeadlessIntegration::test_headless_signal_disconnection_logic PASSED [  4%]
tests/integration/test_gallery_window_integration.py::TestGalleryWindowHeadlessIntegration::test_headless_infinite_loop_prevention_logic PASSED [  4%]
tests/integration/test_injection_workflow_integration.py::TestInjectionManagerInitialization::test_manager_initialization PASSED [  4%]
tests/integration/test_injection_workflow_integration.py::TestInjectionManagerInitialization::test_manager_initial_state PASSED [  4%]
tests/integration/test_injection_workflow_integration.py::TestROMValidation::test_validate_valid_rom PASSED [  4%]
tests/integration/test_injection_workflow_integration.py::TestROMValidation::test_validate_nonexistent_rom PASSED [  4%]
tests/integration/test_injection_workflow_integration.py::TestROMValidation::test_validate_empty_rom PASSED [  4%]
tests/integration/test_injection_workflow_integration.py::TestROMValidation::test_load_rom_info PASSED [  4%]
tests/integration/test_injection_workflow_integration.py::TestVRAMSuggestion::test_suggest_vram_from_sprite_png PASSED [  4%]
tests/integration/test_injection_workflow_integration.py::TestVRAMSuggestion::test_suggest_output_vram_path PASSED [  5%]
tests/integration/test_injection_workflow_integration.py::TestVRAMSuggestion::test_suggest_output_rom_path PASSED [  5%]
tests/integration/test_injection_workflow_integration.py::TestMetadataHandling::test_load_valid_metadata PASSED [  5%]
tests/integration/test_injection_workflow_integration.py::TestMetadataHandling::test_load_metadata_no_file PASSED [  5%]
tests/integration/test_injection_workflow_integration.py::TestInjectionParameters::test_validate_complete_params PASSED [  5%]
tests/integration/test_injection_workflow_integration.py::TestInjectionParameters::test_validate_missing_params PASSED [  5%]
tests/integration/test_injection_workflow_integration.py::TestInjectionParameters::test_validate_invalid_paths PASSED [  5%]
tests/integration/test_injection_workflow_integration.py::TestInjectionSignals::test_injection_progress_signal PASSED [  5%]
tests/integration/test_injection_workflow_integration.py::TestInjectionSignals::test_progress_percent_signal PASSED [  5%]
tests/integration/test_injection_workflow_integration.py::TestVRAMConversion::test_convert_vram_to_rom_offset PASSED [  5%]
tests/integration/test_injection_workflow_integration.py::TestROMInjectionSettings::test_save_and_load_settings PASSED [  5%]
tests/integration/test_injection_workflow_integration.py::TestCacheOperations::test_get_cache_stats PASSED [  5%]
tests/integration/test_injection_workflow_integration.py::TestCacheOperations::test_clear_rom_cache PASSED [  5%]
tests/integration/test_injection_workflow_integration.py::TestCacheOperations::test_scan_progress_operations PASSED [  5%]
tests/integration/test_injection_workflow_integration.py::TestInjectionWorkflowEndToEnd::test_complete_injection_preparation PASSED [  5%]
tests/integration/test_injection_workflow_integration.py::TestInjectionWorkflowEndToEnd::test_reset_state PASSED [  5%]
tests/integration/test_integration_sprite_finder.py::TestSpriteFinder::test_find_sprites_in_test_rom PASSED [  6%]
tests/integration/test_integration_sprite_finder.py::TestSpriteFinder::test_sprite_finder_with_rom_extractor PASSED [  6%]
tests/integration/test_integration_sprite_finder.py::TestSpriteFinder::test_find_sprites_in_real_rom PASSED [  6%]
tests/integration/test_integration_sprite_finder.py::TestHALCompression::test_compress_decompress_cycle PASSED [  6%]
tests/integration/test_integration_sprite_finder.py::TestHALCompression::test_decompress_from_rom_offset PASSED [  6%]
tests/integration/test_integration_sprite_finder.py::TestHALCompression::test_parallel_decompression PASSED [  6%]
tests/integration/test_integration_sprite_finder.py::TestROMExtractor::test_extract_sprite_from_rom PASSED [  6%]
tests/integration/test_integration_sprite_finder.py::TestROMExtractor::test_extract_with_decompression PASSED [  6%]
tests/integration/test_memory_management_integration.py::TestMemoryManagementHeadlessIntegration::test_headless_memory_pool_logic PASSED [  6%]
tests/integration/test_memory_management_integration.py::TestMemoryManagementHeadlessIntegration::test_headless_reference_counting_logic PASSED [  6%]
tests/integration/test_memory_management_integration.py::TestMemoryManagementHeadlessIntegration::test_headless_cache_coherency_logic PASSED [  6%]
tests/integration/test_signal_basics.py::TestBasicSignalSlot::test_signal_emission_and_reception PASSED [  6%]
tests/integration/test_signal_basics.py::TestBasicSignalSlot::test_multiple_connections PASSED [  6%]
tests/integration/test_signal_basics.py::TestBasicSignalSlot::test_disconnection PASSED [  6%]
tests/integration/test_signal_basics.py::TestBasicSignalSlot::test_unique_connection PASSED [  6%]
tests/integration/test_signal_basics.py::TestBasicSignalSlot::test_signal_parameter_types PASSED [  6%]
tests/integration/test_signal_basics.py::TestDialogSignalPatterns::test_dialog_signal_simulation PASSED [  7%]
tests/integration/test_signal_basics.py::TestDialogSignalPatterns::test_singleton_pattern_simulation PASSED [  7%]
tests/integration/test_signal_basics.py::TestDialogSignalPatterns::test_deferred_connection_pattern PASSED [  7%]
tests/integration/test_signal_basics.py::TestSignalThreadSafety::test_cross_thread_signal_safety PASSED [  7%]
tests/integration/test_signal_basics.py::TestSignalThreadSafety::test_signal_emission_order PASSED [  7%]
tests/integration/test_worker_lifecycle_management_integration.py::TestWorkerLifecycleHeadlessIntegration::test_headless_cleanup_logic PASSED [  7%]
tests/integration/test_worker_lifecycle_management_integration.py::TestWorkerLifecycleHeadlessIntegration::test_headless_signal_leak_prevention_logic PASSED [  7%]
tests/integration/test_worker_lifecycle_management_integration.py::TestWorkerLifecycleHeadlessIntegration::test_headless_concurrent_cleanup_safety_logic PASSED [  7%]
tests/test_async_rom_cache.py::TestCacheWorker::test_worker_initialization SKIPPED [  7%]
tests/test_async_rom_cache.py::TestCacheWorker::test_save_and_load_cache_file SKIPPED [  7%]
tests/test_async_rom_cache.py::TestCacheWorker::test_load_nonexistent_cache SKIPPED [  7%]
tests/test_async_rom_cache.py::TestCacheWorker::test_corrupted_cache_file_handling SKIPPED [  7%]
tests/test_async_rom_cache.py::TestCacheWorker::test_expired_cache_cleanup SKIPPED [  7%]
tests/test_async_rom_cache.py::TestCacheWorker::test_worker_stop_mechanism SKIPPED [  7%]
tests/test_async_rom_cache.py::TestCacheWorker::test_atomic_file_writing SKIPPED [  7%]
tests/test_async_rom_cache.py::TestAsyncROMCache::test_initialization_with_rom_cache SKIPPED [  7%]
tests/test_async_rom_cache.py::TestAsyncROMCache::test_initialization_without_rom_cache SKIPPED [  8%]
tests/test_async_rom_cache.py::TestAsyncROMCache::test_memory_cache_hit SKIPPED [  8%]
tests/test_async_rom_cache.py::TestAsyncROMCache::test_memory_cache_expiration SKIPPED [  8%]
tests/test_async_rom_cache.py::TestAsyncROMCache::test_memory_cache_lru_eviction SKIPPED [  8%]
tests/test_async_rom_cache.py::TestAsyncROMCache::test_batch_save_queuing SKIPPED [  8%]
tests/test_async_rom_cache.py::TestAsyncROMCache::test_large_batch_immediate_flush SKIPPED [  8%]
tests/test_async_rom_cache.py::TestAsyncROMCache::test_cache_key_generation SKIPPED [  8%]
tests/test_async_rom_cache.py::TestAsyncROMCache::test_concurrent_request_handling SKIPPED [  8%]
tests/test_async_rom_cache.py::TestAsyncROMCache::test_memory_cache_clear SKIPPED [  8%]
tests/test_async_rom_cache.py::TestAsyncROMCache::test_response_time_characteristics SKIPPED [  8%]
tests/test_async_rom_cache.py::TestAsyncROMCache::test_worker_thread_lifecycle SKIPPED [  8%]
tests/test_async_rom_cache.py::TestAsyncROMCacheIntegration::test_full_cache_cycle_integration SKIPPED [  8%]
tests/test_async_rom_cache.py::TestAsyncROMCacheIntegration::test_cache_performance_under_load SKIPPED [  8%]
tests/test_async_rom_cache.py::TestAsyncROMCacheIntegration::test_error_handling_and_recovery SKIPPED [  8%]
tests/test_async_rom_cache.py::TestAsyncROMCacheIntegration::test_cache_directory_creation SKIPPED [  8%]
tests/test_collapsible_group_box.py::TestCollapsibleGroupBox::test_basic_initialization PASSED [  8%]
tests/test_collapsible_group_box.py::TestCollapsibleGroupBox::test_collapse_expand_functionality PASSED [  9%]
tests/test_comprehensive_dialog_migrations.py::TestComprehensiveDialogMigrations::test_all_dialogs_inherit_from_correct_base_classes PASSED [  9%]
tests/test_comprehensive_dialog_migrations.py::TestComprehensiveDialogMigrations::test_all_dialogs_have_consistent_component_features PASSED [  9%]
tests/test_comprehensive_dialog_migrations.py::TestComprehensiveDialogMigrations::test_dialog_button_integration_consistency PASSED [  9%]
tests/test_comprehensive_dialog_migrations.py::TestComprehensiveDialogMigrations::test_dialog_status_bar_integration_consistency PASSED [  9%]
tests/test_comprehensive_dialog_migrations.py::TestComprehensiveDialogMigrations::test_dialog_component_api_consistency PASSED [  9%]
tests/test_comprehensive_dialog_migrations.py::TestComprehensiveDialogMigrations::test_dialog_layout_architecture_consistency PASSED [  9%]
tests/test_comprehensive_dialog_migrations.py::TestComprehensiveDialogMigrations::test_dialog_signal_integration_preservation PASSED [  9%]
tests/test_comprehensive_dialog_migrations.py::TestComprehensiveDialogMigrations::test_dialog_error_handling_consistency PASSED [  9%]
tests/test_comprehensive_dialog_migrations.py::TestComprehensiveDialogMigrations::test_dialog_memory_management_consistency PASSED [  9%]
tests/test_comprehensive_dialog_migrations.py::TestComprehensiveDialogMigrations::test_cross_dialog_workflow_integration PASSED [  9%]
tests/test_comprehensive_dialog_migrations.py::TestComprehensiveDialogMigrations::test_dialog_component_isolation PASSED [  9%]
tests/test_comprehensive_dialog_migrations.py::TestManagerContextIntegration::test_injection_dialog_manager_access PASSED [  9%]
tests/test_comprehensive_dialog_migrations.py::TestManagerContextIntegration::test_dialog_context_isolation PASSED [  9%]
tests/test_comprehensive_dialog_migrations.py::TestManagerContextIntegration::test_dialog_manager_state_persistence PASSED [  9%]
tests/test_comprehensive_typing_example.py::TestComprehensiveTypingExample::test_parametrized_with_types[small-4bpp] PASSED [  9%]
tests/test_comprehensive_typing_example.py::TestComprehensiveTypingExample::test_parametrized_with_types[medium-4bpp] PASSED [  9%]
tests/test_comprehensive_typing_example.py::TestComprehensiveTypingExample::test_parametrized_with_types[large-8bpp] PASSED [ 10%]
tests/test_comprehensive_typing_example.py::TestComprehensiveTypingExample::test_dict_parameters_with_types[valid-small] PASSED [ 10%]
tests/test_comprehensive_typing_example.py::TestComprehensiveTypingExample::test_dict_parameters_with_types[valid-large] PASSED [ 10%]
tests/test_comprehensive_typing_example.py::TestComprehensiveTypingExample::test_dict_parameters_with_types[invalid-overflow] PASSED [ 10%]
tests/test_comprehensive_typing_example.py::TestComprehensiveTypingExample::test_mock_objects_with_protocols PASSED [ 10%]
tests/test_comprehensive_typing_example.py::TestComprehensiveTypingExample::test_real_qt_components_with_types PASSED [ 10%]
tests/test_comprehensive_typing_example.py::TestComprehensiveTypingExample::test_file_operations_with_types PASSED [ 10%]
tests/test_comprehensive_typing_example.py::TestComprehensiveTypingExample::test_context_managers_with_types PASSED [ 10%]
tests/test_comprehensive_typing_example.py::TestComprehensiveTypingExample::test_exception_handling_with_types[file-not-found] PASSED [ 10%]
tests/test_comprehensive_typing_example.py::TestComprehensiveTypingExample::test_exception_handling_with_types[invalid-format] PASSED [ 10%]
tests/test_comprehensive_typing_example.py::TestComprehensiveTypingExample::test_exception_handling_with_types[extraction-error] PASSED [ 10%]
tests/test_comprehensive_typing_example.py::TestComprehensiveTypingExample::test_collections_with_types PASSED [ 10%]
tests/test_comprehensive_typing_example.py::TestComprehensiveTypingExample::test_fixture_dependencies_with_types PASSED [ 10%]
tests/test_comprehensive_typing_example.py::test_standalone_function_with_types PASSED [ 10%]
tests/test_comprehensive_typing_example.py::test_standalone_parametrized_with_types[zeros] PASSED [ 10%]
tests/test_comprehensive_typing_example.py::test_standalone_parametrized_with_types[ones] PASSED [ 10%]
tests/test_comprehensive_typing_example.py::test_standalone_parametrized_with_types[sequence] PASSED [ 11%]
tests/test_comprehensive_typing_example.py::test_protocol_usage_with_types PASSED [ 11%]
tests/test_console_error_handler.py::TestConsoleErrorHandler::test_error_count_tracking PASSED [ 11%]
tests/test_console_error_handler.py::TestConsoleErrorHandler::test_handle_critical_error_logs_prominently PASSED [ 11%]
tests/test_console_error_handler.py::TestConsoleErrorHandler::test_handle_exception_logs_to_stderr PASSED [ 11%]
tests/test_console_error_handler.py::TestConsoleErrorHandler::test_handle_info_logs_to_stdout PASSED [ 11%]
tests/test_console_error_handler.py::TestConsoleErrorHandler::test_handle_validation_error_includes_context PASSED [ 11%]
tests/test_console_error_handler.py::TestConsoleErrorHandler::test_handle_warning_logs_to_stderr PASSED [ 11%]
tests/test_console_error_handler.py::TestConsoleErrorHandler::test_no_silent_failures PASSED [ 11%]
tests/test_console_error_handler.py::TestConsoleErrorHandler::test_repr_shows_counts PASSED [ 11%]
tests/test_console_error_handler.py::TestConsoleErrorHandler::test_set_show_dialogs_is_noop PASSED [ 11%]
tests/test_console_error_handler.py::TestControllerErrorHandlerFallback::test_console_handler_is_proper_replacement PASSED [ 11%]
tests/test_constants.py::TestConstants::test_memory_offsets PASSED       [ 11%]
tests/test_constants.py::TestConstants::test_sprite_format_constants PASSED [ 11%]
tests/test_constants.py::TestConstants::test_palette_constants PASSED    [ 11%]
tests/test_constants.py::TestConstants::test_file_extensions PASSED      [ 11%]
tests/test_constants.py::TestConstants::test_palette_info PASSED         [ 12%]
tests/test_constants.py::TestConstants::test_file_patterns PASSED        [ 12%]
tests/test_constants_validation.py::TestConstantsValidation::test_memory_offset_constants_validity PASSED [ 12%]
tests/test_constants_validation.py::TestConstantsValidation::test_sprite_format_constants_consistency PASSED [ 12%]
tests/test_constants_validation.py::TestConstantsValidation::test_buffer_size_constants_powers_of_two PASSED [ 12%]
tests/test_constants_validation.py::TestConstantsValidation::test_palette_info_completeness PASSED [ 12%]
tests/test_constants_validation.py::TestConstantsValidation::test_file_pattern_constants_validity PASSED [ 12%]
tests/test_constants_validation.py::TestConstantsValidation::test_sprite_analysis_constants_ranges PASSED [ 12%]
tests/test_constants_validation.py::TestConstantsValidation::test_progress_reporting_constants_reasonable PASSED [ 12%]
tests/test_constants_validation.py::TestConstantsValidation::test_hal_compression_limits PASSED [ 12%]
tests/test_constants_validation.py::TestConstantsValidation::test_settings_namespace_constants PASSED [ 12%]
tests/test_constants_validation.py::TestConstantsValidation::test_magic_number_replacement_effectiveness PASSED [ 12%]
tests/test_constants_validation.py::TestSpacingConstantsValidation::test_base_unit_grid_system PASSED [ 12%]
tests/test_constants_validation.py::TestSpacingConstantsValidation::test_widget_size_consistency PASSED [ 12%]
tests/test_constants_validation.py::TestSpacingConstantsValidation::test_color_constants_valid_hex PASSED [ 12%]
tests/test_constants_validation.py::TestSpacingConstantsValidation::test_font_size_constants_valid_css PASSED [ 12%]
tests/test_constants_validation.py::TestSpacingConstantsValidation::test_animation_constants_reasonable_values PASSED [ 13%]
tests/test_constants_validation.py::TestSpacingConstantsValidation::test_preview_widget_constants PASSED [ 13%]
tests/test_constants_validation.py::TestConstantUsageValidation::test_vram_offset_constant_usage PASSED [ 13%]
tests/test_constants_validation.py::TestConstantUsageValidation::test_palette_constants_usage PASSED [ 13%]
tests/test_constants_validation.py::TestConstantUsageValidation::test_buffer_size_constants_usage PASSED [ 13%]
tests/test_constants_validation.py::TestConstantUsageValidation::test_file_extension_constants_usage PASSED [ 13%]
tests/test_constants_validation.py::TestConstantUsageValidation::test_settings_key_constants_usage PASSED [ 13%]
tests/test_constants_validation.py::TestConstantUsageValidation::test_constant_modification_impact PASSED [ 13%]
tests/test_controller_dependency_injection.py::TestControllerDependencyInjection::test_dependency_injection_with_custom_managers PASSED [ 13%]
tests/test_controller_dependency_injection.py::TestControllerDependencyInjection::test_controller_signals_connected_with_injected_managers PASSED [ 13%]
tests/test_controller_real_managers.py::TestControllerWithRealManagers::test_extraction_with_real_validation PASSED [ 13%]
tests/test_controller_real_managers.py::TestControllerWithRealManagers::test_injection_with_real_path_logic PASSED [ 13%]
tests/test_controller_real_managers.py::TestControllerWithRealManagers::test_session_persistence_with_real_manager PASSED [ 13%]
tests/test_controller_real_managers.py::TestRealManagerBenefits::test_catches_real_validation_bugs PASSED [ 13%]
tests/test_controller_real_managers.py::TestRealManagerBenefits::test_real_business_logic_coverage PASSED [ 13%]
tests/test_controller_real_managers.py::TestRealManagerBenefits::test_real_state_management PASSED [ 13%]
tests/test_cross_dialog_integration_real.py::TestRealTestingInfrastructureValidation::test_real_infrastructure_components SKIPPED [ 14%]
tests/test_cross_dialog_integration_real.py::TestRealTestingInfrastructureValidation::test_real_vs_mock_comparison SKIPPED [ 14%]
tests/test_dark_theme_accessibility.py::TestWCAGContrast::test_primary_text_on_background_meets_wcag_aa PASSED [ 14%]
tests/test_dark_theme_accessibility.py::TestWCAGContrast::test_secondary_text_on_background_meets_wcag_aa PASSED [ 14%]
tests/test_dark_theme_accessibility.py::TestWCAGContrast::test_muted_text_visibility PASSED [ 14%]
tests/test_dark_theme_accessibility.py::TestWCAGContrast::test_disabled_text_distinguishable PASSED [ 14%]
tests/test_dark_theme_accessibility.py::TestWCAGContrast::test_text_on_various_backgrounds_readable[text_primary-panel_background] PASSED [ 14%]
tests/test_dark_theme_accessibility.py::TestWCAGContrast::test_text_on_various_backgrounds_readable[text_primary-input_background] PASSED [ 14%]
tests/test_dark_theme_accessibility.py::TestWCAGContrast::test_text_on_various_backgrounds_readable[text_secondary-panel_background] PASSED [ 14%]
tests/test_dark_theme_accessibility.py::TestButtonContrast::test_button_text_contrast_on_button_background[primary] PASSED [ 14%]
tests/test_dark_theme_accessibility.py::TestButtonContrast::test_button_text_contrast_on_button_background[secondary] PASSED [ 14%]
tests/test_dark_theme_accessibility.py::TestButtonContrast::test_button_text_contrast_on_button_background[accent] PASSED [ 14%]
tests/test_dark_theme_accessibility.py::TestButtonContrast::test_button_text_contrast_on_button_background[extract] PASSED [ 14%]
tests/test_dark_theme_accessibility.py::TestButtonContrast::test_button_text_contrast_on_button_background[editor] PASSED [ 14%]
tests/test_dark_theme_accessibility.py::TestButtonContrast::test_default_button_text_contrast PASSED [ 14%]
tests/test_dark_theme_accessibility.py::TestButtonContrast::test_button_hover_state_contrast[primary] PASSED [ 14%]
tests/test_dark_theme_accessibility.py::TestButtonContrast::test_button_hover_state_contrast[secondary] PASSED [ 14%]
tests/test_dark_theme_accessibility.py::TestButtonContrast::test_button_hover_state_contrast[accent] PASSED [ 15%]
tests/test_dark_theme_accessibility.py::TestButtonContrast::test_button_hover_state_contrast[extract] PASSED [ 15%]
tests/test_dark_theme_accessibility.py::TestButtonContrast::test_button_hover_state_contrast[editor] PASSED [ 15%]
tests/test_dark_theme_accessibility.py::TestStatusColorContrast::test_status_colors_visible_on_dark_background[success] PASSED [ 15%]
tests/test_dark_theme_accessibility.py::TestStatusColorContrast::test_status_colors_visible_on_dark_background[warning] PASSED [ 15%]
tests/test_dark_theme_accessibility.py::TestStatusColorContrast::test_status_colors_visible_on_dark_background[danger] PASSED [ 15%]
tests/test_dark_theme_accessibility.py::TestStatusColorContrast::test_status_colors_visible_on_dark_background[info] PASSED [ 15%]
tests/test_dark_theme_accessibility.py::TestStatusColorContrast::test_status_colors_on_panel_background PASSED [ 15%]
tests/test_dark_theme_accessibility.py::TestBorderContrast::test_default_border_visible_on_backgrounds PASSED [ 15%]
tests/test_dark_theme_accessibility.py::TestBorderContrast::test_focus_border_highly_visible PASSED [ 15%]
tests/test_dark_theme_accessibility.py::TestBorderContrast::test_error_border_highly_visible PASSED [ 15%]
tests/test_dark_theme_accessibility.py::TestPreviewBackgroundContrast::test_preview_background_darker_than_main PASSED [ 15%]
tests/test_dark_theme_accessibility.py::TestPreviewBackgroundContrast::test_preview_text_readable_on_preview_background PASSED [ 15%]
tests/test_dark_theme_accessibility.py::TestColorDistinguishability::test_action_colors_distinguishable PASSED [ 15%]
tests/test_dark_theme_accessibility.py::TestColorDistinguishability::test_text_colors_distinguishable PASSED [ 15%]
tests/test_dark_theme_accessibility.py::TestColorDistinguishability::test_background_colors_distinguishable PASSED [ 15%]
tests/test_dark_theme_accessibility.py::TestAccessibilityGuidelines::test_sufficient_color_separation_in_ui PASSED [ 16%]
tests/test_dark_theme_accessibility.py::TestAccessibilityGuidelines::test_disabled_states_appropriately_muted PASSED [ 16%]
tests/test_dark_theme_accessibility.py::TestContrastCalculatorUtility::test_contrast_calculator_with_known_values PASSED [ 16%]
tests/test_dark_theme_accessibility.py::TestContrastCalculatorUtility::test_hex_to_rgb_conversion PASSED [ 16%]
tests/test_dark_theme_accessibility.py::TestContrastCalculatorUtility::test_relative_luminance_calculation PASSED [ 16%]
tests/test_dark_theme_accessibility.py::TestContrastCalculatorUtility::test_wcag_compliance_methods PASSED [ 16%]
tests/test_dark_theme_accessibility.py::TestAccessibilityHeadless::test_all_theme_colors_have_valid_contrast_calculations PASSED [ 16%]
tests/test_dark_theme_accessibility.py::TestAccessibilityHeadless::test_accessibility_utility_functions_available PASSED [ 16%]
tests/test_dark_theme_accessibility.py::TestAccessibilityHeadless::test_critical_accessibility_combinations PASSED [ 16%]
tests/test_dark_theme_colors.py::TestColorConstants::test_all_colors_are_valid_hex PASSED [ 16%]
tests/test_dark_theme_colors.py::TestColorConstants::test_required_colors_exist PASSED [ 16%]
tests/test_dark_theme_colors.py::TestColorConstants::test_color_hierarchy_consistency PASSED [ 16%]
tests/test_dark_theme_colors.py::TestColorConstants::test_color_darkness_appropriate_for_theme[background-True] PASSED [ 16%]
tests/test_dark_theme_colors.py::TestColorConstants::test_color_darkness_appropriate_for_theme[panel_background-True] PASSED [ 16%]
tests/test_dark_theme_colors.py::TestColorConstants::test_color_darkness_appropriate_for_theme[preview_background-True] PASSED [ 16%]
tests/test_dark_theme_colors.py::TestColorConstants::test_color_darkness_appropriate_for_theme[text_primary-False] PASSED [ 16%]
tests/test_dark_theme_colors.py::TestColorConstants::test_color_darkness_appropriate_for_theme[text_secondary-False] PASSED [ 17%]
tests/test_dark_theme_colors.py::TestFontConstants::test_font_families_defined PASSED [ 17%]
tests/test_dark_theme_colors.py::TestFontConstants::test_font_sizes_defined PASSED [ 17%]
tests/test_dark_theme_colors.py::TestFontConstants::test_font_weights_defined PASSED [ 17%]
tests/test_dark_theme_colors.py::TestDimensionConstants::test_spacing_dimensions_are_positive_integers PASSED [ 17%]
tests/test_dark_theme_colors.py::TestDimensionConstants::test_component_dimensions_are_reasonable PASSED [ 17%]
tests/test_dark_theme_colors.py::TestDimensionConstants::test_border_dimensions_are_small_positive_integers PASSED [ 17%]
tests/test_dark_theme_colors.py::TestThemeClass::test_theme_class_provides_primary_colors PASSED [ 17%]
tests/test_dark_theme_colors.py::TestThemeClass::test_theme_class_provides_background_colors PASSED [ 17%]
tests/test_dark_theme_colors.py::TestThemeClass::test_theme_class_provides_text_colors PASSED [ 17%]
tests/test_dark_theme_colors.py::TestThemeClass::test_theme_class_provides_status_colors PASSED [ 17%]
tests/test_dark_theme_colors.py::TestThemeClass::test_theme_class_provides_border_colors PASSED [ 17%]
tests/test_dark_theme_colors.py::TestThemeStylingFunctions::test_get_theme_style_returns_valid_css PASSED [ 17%]
tests/test_dark_theme_colors.py::TestThemeStylingFunctions::test_get_theme_style_contains_expected_properties PASSED [ 17%]
tests/test_dark_theme_colors.py::TestThemeStylingFunctions::test_get_disabled_state_style_returns_valid_css PASSED [ 17%]
tests/test_dark_theme_colors.py::TestThemeStylingFunctions::test_theme_functions_handle_missing_constants_gracefully PASSED [ 17%]
tests/test_dark_theme_colors.py::TestColorUtilities::test_color_parsing_utility PASSED [ 18%]
tests/test_dark_theme_colors.py::TestColorUtilities::test_all_colors_parseable PASSED [ 18%]
tests/test_dark_theme_colors.py::TestColorConstantsHeadless::test_colors_dictionary_is_immutable_reference PASSED [ 18%]
tests/test_dark_theme_colors.py::TestColorConstantsHeadless::test_theme_constants_are_strings PASSED [ 18%]
tests/test_dark_theme_components.py::TestButtonStyling::test_button_style_returns_valid_css PASSED [ 18%]
tests/test_dark_theme_components.py::TestButtonStyling::test_button_style_supports_all_types[primary] PASSED [ 18%]
tests/test_dark_theme_components.py::TestButtonStyling::test_button_style_supports_all_types[secondary] PASSED [ 18%]
tests/test_dark_theme_components.py::TestButtonStyling::test_button_style_supports_all_types[accent] PASSED [ 18%]
tests/test_dark_theme_components.py::TestButtonStyling::test_button_style_supports_all_types[extract] PASSED [ 18%]
tests/test_dark_theme_components.py::TestButtonStyling::test_button_style_supports_all_types[editor] PASSED [ 18%]
tests/test_dark_theme_components.py::TestButtonStyling::test_button_style_supports_all_types[default] PASSED [ 18%]
tests/test_dark_theme_components.py::TestButtonStyling::test_button_style_with_custom_height PASSED [ 18%]
tests/test_dark_theme_components.py::TestButtonStyling::test_button_style_with_custom_font_size PASSED [ 18%]
tests/test_dark_theme_components.py::TestButtonStyling::test_button_style_includes_disabled_state PASSED [ 18%]
tests/test_dark_theme_components.py::TestButtonStyling::test_primary_button_has_primary_colors PASSED [ 18%]
tests/test_dark_theme_components.py::TestButtonStyling::test_default_button_has_different_text_color PASSED [ 18%]
tests/test_dark_theme_components.py::TestInputStyling::test_input_style_supports_all_types[text] PASSED [ 19%]
tests/test_dark_theme_components.py::TestInputStyling::test_input_style_supports_all_types[combo] PASSED [ 19%]
tests/test_dark_theme_components.py::TestInputStyling::test_input_style_supports_all_types[spin] PASSED [ 19%]
tests/test_dark_theme_components.py::TestInputStyling::test_input_style_includes_focus_state PASSED [ 19%]
tests/test_dark_theme_components.py::TestInputStyling::test_input_style_includes_disabled_state PASSED [ 19%]
tests/test_dark_theme_components.py::TestInputStyling::test_input_style_with_custom_width PASSED [ 19%]
tests/test_dark_theme_components.py::TestInputStyling::test_combo_style_includes_dropdown_styling PASSED [ 19%]
tests/test_dark_theme_components.py::TestInputStyling::test_input_style_uses_dark_theme_colors PASSED [ 19%]
tests/test_dark_theme_components.py::TestPanelStyling::test_panel_style_supports_all_types[default] PASSED [ 19%]
tests/test_dark_theme_components.py::TestPanelStyling::test_panel_style_supports_all_types[primary] PASSED [ 19%]
tests/test_dark_theme_components.py::TestPanelStyling::test_panel_style_supports_all_types[secondary] PASSED [ 19%]
tests/test_dark_theme_components.py::TestPanelStyling::test_panel_style_uses_appropriate_border_colors PASSED [ 19%]
tests/test_dark_theme_components.py::TestPanelStyling::test_get_dark_panel_style_comprehensive PASSED [ 19%]
tests/test_dark_theme_components.py::TestStatusStyling::test_status_style_supports_all_types[info] PASSED [ 19%]
tests/test_dark_theme_components.py::TestStatusStyling::test_status_style_supports_all_types[success] PASSED [ 19%]
tests/test_dark_theme_components.py::TestStatusStyling::test_status_style_supports_all_types[warning] PASSED [ 19%]
tests/test_dark_theme_components.py::TestStatusStyling::test_status_style_supports_all_types[danger] PASSED [ 19%]
tests/test_dark_theme_components.py::TestStatusStyling::test_status_style_includes_border_accent PASSED [ 20%]
tests/test_dark_theme_components.py::TestProgressStyling::test_progress_style_returns_valid_css PASSED [ 20%]
tests/test_dark_theme_components.py::TestTabStyling::test_tab_style_returns_comprehensive_css PASSED [ 20%]
tests/test_dark_theme_components.py::TestTextStyling::test_muted_text_style_color_levels[light] PASSED [ 20%]
tests/test_dark_theme_components.py::TestTextStyling::test_muted_text_style_color_levels[medium] PASSED [ 20%]
tests/test_dark_theme_components.py::TestTextStyling::test_muted_text_style_color_levels[dark] PASSED [ 20%]
tests/test_dark_theme_components.py::TestTextStyling::test_muted_text_style_with_italic PASSED [ 20%]
tests/test_dark_theme_components.py::TestTextStyling::test_link_text_style_color_variants[extract] PASSED [ 20%]
tests/test_dark_theme_components.py::TestTextStyling::test_link_text_style_color_variants[editor] PASSED [ 20%]
tests/test_dark_theme_components.py::TestTextStyling::test_link_text_style_color_variants[primary] PASSED [ 20%]
tests/test_dark_theme_components.py::TestTextStyling::test_link_text_style_color_variants[secondary] PASSED [ 20%]
tests/test_dark_theme_components.py::TestTextStyling::test_link_text_style_color_variants[accent] PASSED [ 20%]
tests/test_dark_theme_components.py::TestTextStyling::test_monospace_text_style_uses_monospace_font PASSED [ 20%]
tests/test_dark_theme_components.py::TestTextStyling::test_bold_text_style_uses_bold_weight PASSED [ 20%]
tests/test_dark_theme_components.py::TestTextStyling::test_success_text_style_uses_success_color PASSED [ 20%]
tests/test_dark_theme_components.py::TestTextStyling::test_error_text_style_uses_danger_color PASSED [ 20%]
tests/test_dark_theme_components.py::TestPreviewStyling::test_preview_panel_style_dark_background PASSED [ 21%]
tests/test_dark_theme_components.py::TestPreviewStyling::test_minimal_preview_style_lighter_styling PASSED [ 21%]
tests/test_dark_theme_components.py::TestPreviewStyling::test_borderless_preview_style_no_styling PASSED [ 21%]
tests/test_dark_theme_components.py::TestPreviewStyling::test_get_dark_preview_style_comprehensive PASSED [ 21%]
tests/test_dark_theme_components.py::TestHexLabelStyling::test_hex_label_style_with_background PASSED [ 21%]
tests/test_dark_theme_components.py::TestHexLabelStyling::test_hex_label_style_without_background PASSED [ 21%]
tests/test_dark_theme_components.py::TestHexLabelStyling::test_hex_label_style_color_variants[extract] PASSED [ 21%]
tests/test_dark_theme_components.py::TestHexLabelStyling::test_hex_label_style_color_variants[secondary] PASSED [ 21%]
tests/test_dark_theme_components.py::TestHexLabelStyling::test_hex_label_style_color_variants[accent] PASSED [ 21%]
tests/test_dark_theme_components.py::TestSliderStyling::test_slider_style_comprehensive_styling PASSED [ 21%]
tests/test_dark_theme_components.py::TestSliderStyling::test_slider_style_color_variants[extract] PASSED [ 21%]
tests/test_dark_theme_components.py::TestSliderStyling::test_slider_style_color_variants[secondary] PASSED [ 21%]
tests/test_dark_theme_components.py::TestSliderStyling::test_slider_style_color_variants[accent] PASSED [ 21%]
tests/test_dark_theme_components.py::TestSplitterStyling::test_splitter_style_with_custom_width PASSED [ 21%]
tests/test_dark_theme_components.py::TestSplitterStyling::test_splitter_style_includes_hover_pressed PASSED [ 21%]
tests/test_dark_theme_components.py::TestDialogStyling::test_dialog_button_box_style_valid_css PASSED [ 21%]
tests/test_dark_theme_components.py::TestScrollAreaStyling::test_scroll_area_style_background_variants[background] PASSED [ 22%]
tests/test_dark_theme_components.py::TestScrollAreaStyling::test_scroll_area_style_background_variants[light_gray] PASSED [ 22%]
tests/test_dark_theme_components.py::TestScrollAreaStyling::test_scroll_area_style_background_variants[panel_background] PASSED [ 22%]
tests/test_dark_theme_components.py::TestCSSValidation::test_all_styling_functions_return_valid_css[get_button_style] PASSED [ 22%]
tests/test_dark_theme_components.py::TestCSSValidation::test_all_styling_functions_return_valid_css[get_input_style] PASSED [ 22%]
tests/test_dark_theme_components.py::TestCSSValidation::test_all_styling_functions_return_valid_css[get_panel_style] PASSED [ 22%]
tests/test_dark_theme_components.py::TestCSSValidation::test_all_styling_functions_return_valid_css[get_status_style] PASSED [ 22%]
tests/test_dark_theme_components.py::TestCSSValidation::test_all_styling_functions_return_valid_css[get_progress_style] PASSED [ 22%]
tests/test_dark_theme_components.py::TestCSSValidation::test_all_styling_functions_return_valid_css[get_tab_style] PASSED [ 22%]
tests/test_dark_theme_components.py::TestCSSValidation::test_all_styling_functions_return_valid_css[get_preview_panel_style] PASSED [ 22%]
tests/test_dark_theme_components.py::TestCSSValidation::test_all_styling_functions_return_valid_css[get_dark_preview_style] PASSED [ 22%]
tests/test_dark_theme_components.py::TestCSSValidation::test_all_styling_functions_return_valid_css[get_dark_panel_style] PASSED [ 22%]
tests/test_dark_theme_components.py::TestCSSValidation::test_css_functions_are_deterministic PASSED [ 22%]
tests/test_dark_theme_components.py::TestCSSValidation::test_css_functions_handle_edge_cases PASSED [ 22%]
tests/test_dark_theme_components.py::TestComponentStylingHeadless::test_all_component_functions_importable PASSED [ 22%]
tests/test_dark_theme_components.py::TestComponentStylingHeadless::test_component_functions_basic_execution PASSED [ 22%]
tests/test_dark_theme_integration.py::TestMockApplicationIntegration::test_application_theme_setup_mock PASSED [ 23%]
tests/test_dark_theme_integration.py::TestMockApplicationIntegration::test_environment_based_theme_switching PASSED [ 23%]
tests/test_dark_theme_integration.py::TestIntegrationHeadless::test_css_generation_integration PASSED [ 23%]
tests/test_dark_theme_integration.py::TestIntegrationHeadless::test_color_references_in_integrated_styles PASSED [ 23%]
tests/test_dark_theme_integration.py::TestIntegrationHeadless::test_mock_widget_style_application PASSED [ 23%]
tests/test_dark_theme_integration.py::TestIntegrationHeadless::test_theme_integration_completeness PASSED [ 23%]
tests/test_decomp.py::test_decompression SKIPPED (Test ROM not found -
skipping decompression test)                                             [ 23%]
tests/test_dependency_injection.py::TestManagerContext::test_context_creation PASSED [ 23%]
tests/test_dependency_injection.py::TestManagerContext::test_manager_retrieval PASSED [ 23%]
tests/test_dependency_injection.py::TestManagerContext::test_manager_not_found PASSED [ 23%]
tests/test_dependency_injection.py::TestManagerContext::test_context_inheritance PASSED [ 23%]
tests/test_dependency_injection.py::TestManagerContext::test_available_managers PASSED [ 23%]
tests/test_dependency_injection.py::TestManagerContext::test_child_context_creation PASSED [ 23%]
tests/test_dependency_injection.py::TestContextManager::test_context_manager_usage PASSED [ 23%]
tests/test_dependency_injection.py::TestContextManager::test_nested_contexts PASSED [ 23%]
tests/test_dependency_injection.py::TestGlobalAccessorIntegration::test_context_fallback_injection_manager PASSED [ 23%]
tests/test_dependency_injection.py::TestGlobalAccessorIntegration::test_context_fallback_extraction_manager PASSED [ 23%]
tests/test_dependency_injection.py::TestGlobalAccessorIntegration::test_context_fallback_session_manager PASSED [ 24%]
tests/test_dependency_injection.py::TestGlobalAccessorIntegration::test_di_injection_returns_managers PASSED [ 24%]
tests/test_dependency_injection.py::TestInjectableClasses::test_injectable_dialog_with_context PASSED [ 24%]
tests/test_dependency_injection.py::TestInjectableClasses::test_injectable_widget_with_explicit_context PASSED [ 24%]
tests/test_dependency_injection.py::TestInjectableClasses::test_injectable_with_direct_provider PASSED [ 24%]
tests/test_dependency_injection.py::TestInjectableClasses::test_injection_mixin PASSED [ 24%]
tests/test_dependency_injection.py::TestThreadSafety::test_thread_local_contexts PASSED [ 24%]
tests/test_dependency_injection.py::TestThreadSafety::test_context_isolation_between_threads PASSED [ 24%]
tests/test_dependency_injection.py::TestContextValidation::test_context_validation_success PASSED [ 24%]
tests/test_dependency_injection.py::TestContextValidation::test_context_validation_missing_manager PASSED [ 24%]
tests/test_dependency_injection.py::TestContextValidation::test_context_validation_uninitialized_manager PASSED [ 24%]
tests/test_dependency_injection.py::TestContextValidation::test_debug_context_chain PASSED [ 24%]
tests/test_dependency_injection.py::TestRealWorldScenarios::test_dialog_test_scenario PASSED [ 24%]
tests/test_dependency_injection.py::TestRealWorldScenarios::test_parallel_test_isolation PASSED [ 24%]
tests/test_dependency_injection.py::TestRealWorldScenarios::test_migration_compatibility PASSED [ 24%]
tests/test_di_migration_readiness.py::TestProtocolInjection::test_container_is_configured PASSED [ 24%]
tests/test_di_migration_readiness.py::TestProtocolInjection::test_inject_settings_manager_protocol PASSED [ 25%]
tests/test_di_migration_readiness.py::TestProtocolInjection::test_inject_session_manager_protocol PASSED [ 25%]
tests/test_di_migration_readiness.py::TestProtocolInjection::test_inject_extraction_manager_protocol PASSED [ 25%]
tests/test_di_migration_readiness.py::TestProtocolInjection::test_inject_injection_manager_protocol PASSED [ 25%]
tests/test_di_migration_readiness.py::TestProtocolInjection::test_inject_rom_cache_protocol PASSED [ 25%]
tests/test_di_migration_readiness.py::TestPureDIComponentInitialization::test_extraction_controller_pure_di PASSED [ 25%]
tests/test_di_migration_readiness.py::TestPureDIComponentInitialization::test_main_window_pure_di PASSED [ 25%]
tests/test_di_migration_readiness.py::TestPureDIComponentInitialization::test_injection_dialog_pure_di PASSED [ 25%]
tests/test_di_migration_readiness.py::TestPureDIComponentInitialization::test_rom_extraction_panel_pure_di PASSED [ 25%]
tests/test_di_migration_readiness.py::TestNoFallbackScenario::test_inject_before_container_configured_raises PASSED [ 25%]
tests/test_di_migration_readiness.py::TestNoFallbackScenario::test_deprecated_functions_were_removed PASSED [ 25%]
tests/test_di_migration_readiness.py::TestInjectionManagerDI::test_injection_manager_session_access PASSED [ 25%]
tests/test_di_migration_readiness.py::TestInjectionManagerDI::test_injection_manager_rom_cache_access PASSED [ 25%]
tests/test_dialog_initialization.py::TestDialogInitialization::test_manual_offset_dialog_initialization PASSED [ 25%]
tests/test_dialog_initialization.py::TestDialogInitialization::test_settings_dialog_initialization PASSED [ 25%]
tests/test_dialog_initialization.py::TestDialogInitialization::test_user_error_dialog_initialization PASSED [ 25%]
tests/test_dialog_initialization.py::TestDialogInitialization::test_resume_scan_dialog_initialization PASSED [ 26%]
tests/test_dialog_initialization.py::TestDialogInitialization::test_injection_dialog_initialization PASSED [ 26%]
tests/test_dialog_initialization.py::TestDialogInitialization::test_row_arrangement_dialog_initialization PASSED [ 26%]
tests/test_dialog_initialization.py::TestDialogInitialization::test_grid_arrangement_dialog_initialization PASSED [ 26%]
tests/test_dialog_initialization.py::TestDialogInitialization::test_range_scan_dialog_initialization PASSED [ 26%]
tests/test_dialog_initialization.py::TestDialogInitialization::test_all_dialogs_have_close_method PASSED [ 26%]
tests/test_division_by_zero_comprehensive.py::TestDivisionByZeroFixes::test_scan_worker_zero_range PASSED [ 26%]
tests/test_division_by_zero_comprehensive.py::TestDivisionByZeroFixes::test_scan_worker_progress_callback_zero_range PASSED [ 26%]
tests/test_division_by_zero_comprehensive.py::TestDivisionByZeroFixes::test_range_scan_worker_zero_range PASSED [ 26%]
tests/test_division_by_zero_comprehensive.py::TestDivisionByZeroFixes::test_similarity_indexing_no_sprites PASSED [ 26%]
tests/test_division_by_zero_comprehensive.py::TestDivisionByZeroFixes::test_preview_worker_zero_expected_size PASSED [ 26%]
tests/test_division_by_zero_comprehensive.py::TestDivisionByZeroFixes::test_sprite_search_worker_zero_tile_count PASSED [ 26%]
tests/test_division_by_zero_comprehensive.py::TestDivisionByZeroFixes::test_search_worker_zero_step PASSED [ 26%]
tests/test_division_by_zero_comprehensive.py::TestDivisionByZeroFixes::test_scan_worker_zero_rom_size PASSED [ 26%]
tests/test_division_by_zero_comprehensive.py::TestDivisionByZeroFixes::test_all_workers_with_realistic_edge_cases PASSED [ 26%]
tests/test_division_by_zero_comprehensive.py::TestDivisionByZeroFixes::test_progress_calculations_boundary_conditions PASSED [ 26%]
tests/test_division_by_zero_comprehensive.py::TestDivisionByZeroFixes::test_progress_calculations_boundary_conditions ERROR [ 26%]
tests/test_drag_drop_integration.py::TestDragDropIntegration::test_single_file_drag_drop PASSED [ 27%]
tests/test_drag_drop_integration.py::TestDragDropIntegration::test_multiple_file_drag_drop PASSED [ 27%]
tests/test_drag_drop_integration.py::TestDragDropIntegration::test_invalid_file_drag_drop PASSED [ 27%]
tests/test_drag_drop_integration.py::TestDragDropIntegration::test_drag_drop_with_existing_files PASSED [ 27%]
tests/test_drag_drop_integration.py::TestDragDropIntegration::test_drag_drop_clear_functionality PASSED [ 27%]
tests/test_drag_drop_integration.py::TestDragDropIntegration::test_empty_drop_event_handling PASSED [ 27%]
tests/test_drag_drop_integration.py::TestExtractionPanelIntegration::test_extraction_panel_drag_drop_workflow PASSED [ 27%]
tests/test_drag_drop_integration.py::TestExtractionPanelIntegration::test_extraction_panel_partial_file_workflow PASSED [ 27%]
tests/test_drag_drop_integration.py::TestDragDropErrorHandling::test_file_system_error_recovery PASSED [ 27%]
tests/test_drag_drop_integration.py::TestDragDropErrorHandling::test_concurrent_drop_events PASSED [ 27%]
tests/test_drag_drop_integration.py::TestDragDropErrorHandling::test_malformed_url_handling PASSED [ 27%]
tests/test_drag_drop_integration.py::TestDragDropSignalIntegration::test_signal_flow_integration PASSED [ 27%]
tests/test_error_handler_thread_safety.py::TestErrorHandlerThreadSafety::test_singleton_thread_safety PASSED [ 27%]
tests/test_error_handler_thread_safety.py::TestErrorHandlerThreadSafety::test_parent_widget_assignment_thread_safety PASSED [ 27%]
tests/test_error_handler_thread_safety.py::TestErrorHandlerThreadSafety::test_concurrent_singleton_creation_race_condition PASSED [ 27%]
tests/test_error_handler_thread_safety.py::TestErrorHandlerThreadSafety::test_fast_path_optimization PASSED [ 27%]
tests/test_error_handler_thread_safety.py::TestErrorHandlerThreadSafety::test_parent_update_after_creation PASSED [ 28%]
tests/test_error_handler_thread_safety.py::TestErrorHandlerThreadSafety::test_exception_in_thread_during_singleton_access PASSED [ 28%]
tests/test_exceptions.py::TestExceptions::test_sprite_pal_error_base PASSED [ 28%]
tests/test_exceptions.py::TestExceptions::test_vram_error PASSED         [ 28%]
tests/test_exceptions.py::TestExceptions::test_cgram_error PASSED        [ 28%]
tests/test_exceptions.py::TestExceptions::test_oam_error PASSED          [ 28%]
tests/test_exceptions.py::TestExceptions::test_extraction_error PASSED   [ 28%]
tests/test_exceptions.py::TestExceptions::test_injection_error PASSED    [ 28%]
tests/test_exceptions.py::TestExceptions::test_validation_error PASSED   [ 28%]
tests/test_exceptions.py::TestExceptions::test_file_format_error PASSED  [ 28%]
tests/test_exceptions.py::TestExceptions::test_tile_error PASSED         [ 28%]
tests/test_exceptions.py::TestExceptions::test_exception_with_no_message PASSED [ 28%]
tests/test_exceptions.py::TestExceptions::test_exception_inheritance_chain PASSED [ 28%]
tests/test_exceptions.py::TestExceptions::test_exception_catch_hierarchy PASSED [ 28%]
tests/test_exceptions.py::TestExceptions::test_exception_attributes PASSED [ 28%]
tests/test_extraction_manager.py::TestExtractionManager::test_initialization_real_dependencies PASSED [ 28%]
tests/test_extraction_manager.py::TestExtractionManager::test_initialization_with_manager_context PASSED [ 28%]
tests/test_extraction_manager.py::TestExtractionManager::test_validate_extraction_params_vram_real_files_tdd PASSED [ 29%]
tests/test_extraction_manager.py::TestExtractionManager::test_validate_extraction_params_rom PASSED [ 29%]
tests/test_extraction_manager.py::TestExtractionManager::test_extract_from_vram_real_workflow_tdd PASSED [ 29%]
tests/test_extraction_manager.py::TestExtractionManager::test_extract_from_vram_validation_error PASSED [ 29%]
tests/test_extraction_manager.py::TestExtractionManager::test_extract_from_vram_already_running PASSED [ 29%]
tests/test_extraction_manager.py::TestExtractionManager::test_extract_from_rom_real_workflow_validation_tdd PASSED [ 29%]
tests/test_extraction_manager.py::TestExtractionManager::test_extract_from_rom_validation_error PASSED [ 29%]
tests/test_extraction_manager.py::TestExtractionManager::test_get_sprite_preview_real_rom_data_tdd PASSED [ 29%]
tests/test_extraction_manager.py::TestExtractionManager::test_get_sprite_preview_validation_error PASSED [ 29%]
tests/test_extraction_manager.py::TestExtractionManager::test_concurrent_operations_real_state_management_tdd PASSED [ 29%]
tests/test_extraction_manager.py::TestExtractionManager::test_signal_emissions_real_qt_signals_tdd PASSED [ 29%]
tests/test_extraction_manager.py::TestExtractionManager::test_cleanup_real_resource_management_tdd PASSED [ 29%]
tests/test_extraction_manager.py::TestExtractionParameterValidation::test_rom_offset_validation_valid_offsets[1-True] PASSED [ 29%]
tests/test_extraction_manager.py::TestExtractionParameterValidation::test_rom_offset_validation_valid_offsets[4096-True] PASSED [ 29%]
tests/test_extraction_manager.py::TestExtractionParameterValidation::test_rom_offset_validation_valid_offsets[2097152-True] PASSED [ 29%]
tests/test_extraction_manager.py::TestExtractionParameterValidation::test_rom_offset_validation_valid_offsets[2621440-True] PASSED [ 29%]
tests/test_extraction_manager.py::TestExtractionParameterValidation::test_rom_offset_validation_valid_offsets[4194288-True] PASSED [ 30%]
tests/test_extraction_manager.py::TestExtractionParameterValidation::test_rom_offset_validation_negative_offsets[-1-offset must be >= 0] PASSED [ 30%]
tests/test_extraction_manager.py::TestExtractionParameterValidation::test_rom_offset_validation_negative_offsets[-4096-offset must be >= 0] PASSED [ 30%]
tests/test_extraction_manager.py::TestExtractionParameterValidation::test_rom_offset_validation_invalid_types[not_an_int-Invalid type for 'offset'] PASSED [ 30%]
tests/test_extraction_manager.py::TestExtractionParameterValidation::test_rom_offset_validation_invalid_types[3.14-Invalid type for 'offset'] PASSED [ 30%]
tests/test_extraction_manager.py::TestExtractionParameterValidation::test_rom_offset_validation_invalid_types[offset_value2-Invalid type for 'offset'] PASSED [ 30%]
tests/test_extraction_manager.py::TestExtractionParameterValidation::test_rom_offset_validation_invalid_types[offset_value3-Invalid type for 'offset'] PASSED [ 30%]
tests/test_extraction_manager.py::TestExtractionParameterValidation::test_rom_extraction_missing_required_params[rom_path-Must provide either vram_path or rom_path] PASSED [ 30%]
tests/test_extraction_manager.py::TestExtractionParameterValidation::test_rom_extraction_missing_required_params[offset-Missing required parameters] PASSED [ 30%]
tests/test_extraction_manager.py::TestExtractionParameterValidation::test_rom_extraction_missing_required_params[output_base-Missing required parameters|Output name is required] PASSED [ 30%]
tests/test_extraction_manager.py::TestExtractionParameterValidation::test_output_base_validation[   -Output name is required] PASSED [ 30%]
tests/test_extraction_manager.py::TestExtractionParameterValidation::test_output_base_validation[None-Missing required parameters] PASSED [ 30%]
tests/test_extraction_manager.py::TestExtractionParameterValidation::test_vram_cgram_requirement[True-False] PASSED [ 30%]
tests/test_extraction_manager.py::TestExtractionParameterValidation::test_vram_cgram_requirement[False-True] PASSED [ 30%]
tests/test_extraction_manager.py::TestExtractionErrorPaths::test_validate_rom_extraction_nonexistent_file_raises PASSED [ 30%]
tests/test_extraction_manager.py::TestExtractionErrorPaths::test_validate_vram_extraction_nonexistent_file_raises PASSED [ 30%]
tests/test_extraction_manager.py::TestExtractionErrorPaths::test_validate_params_missing_extraction_type_raises PASSED [ 31%]
tests/test_extractor.py::TestSpriteExtractor::test_init PASSED           [ 31%]
tests/test_extractor.py::TestSpriteExtractor::test_load_vram PASSED      [ 31%]
tests/test_extractor.py::TestSpriteExtractor::test_decode_4bpp_tile PASSED [ 31%]
tests/test_extractor.py::TestSpriteExtractor::test_extract_tiles PASSED  [ 31%]
tests/test_extractor.py::TestSpriteExtractor::test_extract_tiles_custom_offset PASSED [ 31%]
tests/test_extractor.py::TestSpriteExtractor::test_extract_tiles_boundary_check PASSED [ 31%]
tests/test_extractor.py::TestSpriteExtractor::test_create_grayscale_image_dimensions[16-128] PASSED [ 31%]
tests/test_extractor.py::TestSpriteExtractor::test_create_grayscale_image_dimensions[8-64] PASSED [ 31%]
tests/test_extractor.py::TestSpriteExtractor::test_create_grayscale_image_dimensions[32-256] PASSED [ 31%]
tests/test_extractor.py::TestSpriteExtractor::test_extract_sprites_grayscale PASSED [ 31%]
tests/test_file_validator_integration.py::test_file_validator_backward_compatibility PASSED [ 31%]
tests/test_file_validator_integration.py::test_file_validator_error_messages_preserved PASSED [ 31%]
tests/test_file_validator_integration.py::test_file_validator_warnings_preserved PASSED [ 31%]
tests/test_file_validator_refactored.py::TestBasicFileValidator::test_validate_existence_with_empty_path PASSED [ 31%]
tests/test_file_validator_refactored.py::TestBasicFileValidator::test_validate_existence_with_none_path PASSED [ 31%]
tests/test_file_validator_refactored.py::TestBasicFileValidator::test_validate_existence_with_nonexistent_file PASSED [ 32%]
tests/test_file_validator_refactored.py::TestBasicFileValidator::test_validate_existence_with_directory PASSED [ 32%]
tests/test_file_validator_refactored.py::TestBasicFileValidator::test_validate_existence_with_valid_file PASSED [ 32%]
tests/test_file_validator_refactored.py::TestBasicFileValidator::test_validate_existence_with_permission_error PASSED [ 32%]
tests/test_file_validator_refactored.py::TestBasicFileValidator::test_validate_properties_with_extension_check PASSED [ 32%]
tests/test_file_validator_refactored.py::TestBasicFileValidator::test_validate_properties_with_size_constraints PASSED [ 32%]
tests/test_file_validator_refactored.py::TestBasicFileValidator::test_get_file_info PASSED [ 32%]
tests/test_file_validator_refactored.py::TestBasicFileValidator::test_get_file_info_with_invalid_path PASSED [ 32%]
tests/test_file_validator_refactored.py::TestBasicFileValidator::test_format_file_size PASSED [ 32%]
tests/test_file_validator_refactored.py::TestFormatValidator::test_validate_vram_format_valid PASSED [ 32%]
tests/test_file_validator_refactored.py::TestFormatValidator::test_validate_vram_format_too_small PASSED [ 32%]
tests/test_file_validator_refactored.py::TestFormatValidator::test_validate_vram_format_too_large PASSED [ 32%]
tests/test_file_validator_refactored.py::TestFormatValidator::test_validate_vram_format_non_standard_size PASSED [ 32%]
tests/test_file_validator_refactored.py::TestFormatValidator::test_validate_cgram_format_valid PASSED [ 32%]
tests/test_file_validator_refactored.py::TestFormatValidator::test_validate_cgram_format_invalid_size PASSED [ 32%]
tests/test_file_validator_refactored.py::TestFormatValidator::test_validate_oam_format_valid PASSED [ 32%]
tests/test_file_validator_refactored.py::TestFormatValidator::test_validate_rom_format_with_smc_header PASSED [ 33%]
tests/test_file_validator_refactored.py::TestFormatValidator::test_validate_rom_format_non_standard_size PASSED [ 33%]
tests/test_file_validator_refactored.py::TestFormatValidator::test_validate_offset_valid PASSED [ 33%]
tests/test_file_validator_refactored.py::TestFormatValidator::test_validate_offset_negative PASSED [ 33%]
tests/test_file_validator_refactored.py::TestFormatValidator::test_validate_offset_too_large PASSED [ 33%]
tests/test_file_validator_refactored.py::TestFormatValidator::test_validate_offset_exceeds_max PASSED [ 33%]
tests/test_file_validator_refactored.py::TestContentValidator::test_validate_json_content_valid PASSED [ 33%]
tests/test_file_validator_refactored.py::TestContentValidator::test_validate_json_content_invalid PASSED [ 33%]
tests/test_file_validator_refactored.py::TestContentValidator::test_validate_json_content_read_error PASSED [ 33%]
tests/test_file_validator_refactored.py::TestContentValidator::test_validate_vram_header_valid PASSED [ 33%]
tests/test_file_validator_refactored.py::TestContentValidator::test_validate_vram_header_truncated PASSED [ 33%]
tests/test_file_validator_refactored.py::TestContentValidator::test_validate_vram_header_read_error PASSED [ 33%]
tests/test_file_validator_refactored.py::TestFileValidatorFacade::test_facade_initialization PASSED [ 33%]
tests/test_file_validator_refactored.py::TestFileValidatorFacade::test_validate_vram_file_complete PASSED [ 33%]
tests/test_file_validator_refactored.py::TestFileValidatorFacade::test_validate_json_file_complete PASSED [ 33%]
tests/test_file_validator_refactored.py::TestFileValidatorFacade::test_backward_compatibility_methods PASSED [ 33%]
tests/test_file_validator_refactored.py::TestFileValidatorFacade::test_validate_file_existence_facade PASSED [ 33%]
tests/test_file_validator_refactored.py::TestFileValidatorFacade::test_validate_offset_facade PASSED [ 34%]
tests/test_fixture_managers.py::TestFixtureManagers::test_grid_arrangement_fixture PASSED [ 34%]
tests/test_fixture_managers.py::TestFixtureManagers::test_grid_processor_fixture PASSED [ 34%]
tests/test_fixture_managers.py::TestFixtureManagers::test_colorizer_fixture PASSED [ 34%]
tests/test_fixture_managers.py::TestFixtureManagers::test_preview_generator_fixture PASSED [ 34%]
tests/test_fixture_managers.py::TestFixtureManagers::test_fixture_integration PASSED [ 34%]
tests/test_fixture_managers.py::TestFixtureManagers::test_fixtures_are_independent PASSED [ 34%]
tests/test_grid_image_processor.py::TestGridImageProcessor::test_init PASSED [ 34%]
tests/test_grid_image_processor.py::TestGridImageProcessor::test_extract_tiles_as_grid_valid PASSED [ 34%]
tests/test_grid_image_processor.py::TestGridImageProcessor::test_extract_tiles_as_grid_invalid_tiles_per_row PASSED [ 34%]
tests/test_grid_image_processor.py::TestGridImageProcessor::test_extract_tiles_as_grid_invalid_image PASSED [ 34%]
tests/test_grid_image_processor.py::TestGridImageProcessor::test_extract_tiles_as_grid_invalid_tile_dimensions PASSED [ 34%]
tests/test_grid_image_processor.py::TestGridImageProcessor::test_get_tile_valid PASSED [ 34%]
tests/test_grid_image_processor.py::TestGridImageProcessor::test_get_tile_invalid PASSED [ 34%]
tests/test_grid_image_processor.py::TestGridImageProcessor::test_get_column_valid PASSED [ 34%]
tests/test_grid_image_processor.py::TestGridImageProcessor::test_get_column_empty PASSED [ 34%]
tests/test_grid_image_processor.py::TestGridImageProcessor::test_get_row_tiles_valid PASSED [ 35%]
tests/test_grid_image_processor.py::TestGridImageProcessor::test_get_row_tiles_empty PASSED [ 35%]
tests/test_grid_image_processor.py::TestGridImageProcessor::test_get_tile_group_valid PASSED [ 35%]
tests/test_grid_image_processor.py::TestGridImageProcessor::test_get_tile_group_partial PASSED [ 35%]
tests/test_grid_image_processor.py::TestGridImageProcessor::test_create_image_from_tiles_valid PASSED [ 35%]
tests/test_grid_image_processor.py::TestGridImageProcessor::test_create_image_from_tiles_empty PASSED [ 35%]
tests/test_grid_image_processor.py::TestGridImageProcessor::test_create_image_from_tiles_with_width PASSED [ 35%]
tests/test_grid_image_processor.py::TestGridImageProcessor::test_create_column_strip_valid PASSED [ 35%]
tests/test_grid_image_processor.py::TestGridImageProcessor::test_create_column_strip_empty PASSED [ 35%]
tests/test_grid_image_processor.py::TestGridImageProcessor::test_create_row_strip_valid PASSED [ 35%]
tests/test_grid_image_processor.py::TestGridImageProcessor::test_create_row_strip_empty PASSED [ 35%]
tests/test_grid_image_processor.py::TestGridImageProcessor::test_create_group_image_preserve_layout PASSED [ 35%]
tests/test_grid_image_processor.py::TestGridImageProcessor::test_create_group_image_packed PASSED [ 35%]
tests/test_grid_image_processor.py::TestGridImageProcessor::test_create_group_image_empty PASSED [ 35%]
tests/test_grid_image_processor.py::TestGridImageProcessor::test_process_sprite_sheet_as_grid_valid PASSED [ 35%]
tests/test_grid_image_processor.py::TestGridImageProcessor::test_process_sprite_sheet_as_grid_file_not_found PASSED [ 35%]
tests/test_grid_image_processor.py::TestGridImageProcessor::test_process_sprite_sheet_as_grid_processing_error PASSED [ 36%]
tests/test_grid_image_processor.py::TestGridImageProcessor::test_grid_dimensions_calculation PASSED [ 36%]
tests/test_grid_image_processor.py::TestGridImageProcessor::test_tile_extraction_coordinates PASSED [ 36%]
tests/test_grid_image_processor.py::TestGridImageProcessor::test_inheritance_from_row_image_processor PASSED [ 36%]
tests/test_grid_image_processor.py::TestGridImageProcessor::test_clearing_tiles_on_new_extraction PASSED [ 36%]
tests/test_grid_image_processor.py::TestGridImageProcessor::test_edge_case_single_tile PASSED [ 36%]
tests/test_grid_image_processor.py::TestGridImageProcessor::test_edge_case_non_square_tiles PASSED [ 36%]
tests/test_grid_preview_generator.py::TestGridPreviewGenerator::test_init_without_colorizer PASSED [ 36%]
tests/test_grid_preview_generator.py::TestGridPreviewGenerator::test_init_with_colorizer PASSED [ 36%]
tests/test_grid_preview_generator.py::TestGridPreviewGenerator::test_inheritance_from_preview_generator PASSED [ 36%]
tests/test_grid_preview_generator.py::TestGridPreviewGenerator::test_create_grid_arranged_image_empty_arrangement PASSED [ 36%]
tests/test_grid_preview_generator.py::TestGridPreviewGenerator::test_create_grid_arranged_image_single_tile PASSED [ 36%]
tests/test_grid_preview_generator.py::TestGridPreviewGenerator::test_create_grid_arranged_image_row_arrangement PASSED [ 36%]
tests/test_grid_preview_generator.py::TestGridPreviewGenerator::test_create_grid_arranged_image_column_arrangement PASSED [ 36%]
tests/test_grid_preview_generator.py::TestGridPreviewGenerator::test_create_grid_arranged_image_group_arrangement PASSED [ 36%]
tests/test_grid_preview_generator.py::TestGridPreviewGenerator::test_create_grid_arranged_image_mixed_arrangements PASSED [ 36%]
tests/test_grid_preview_generator.py::TestGridPreviewGenerator::test_create_grid_arranged_image_no_tiles PASSED [ 37%]
tests/test_grid_preview_generator.py::TestGridPreviewGenerator::test_create_grid_preview_with_overlay_basic PASSED [ 37%]
tests/test_grid_preview_generator.py::TestGridPreviewGenerator::test_create_grid_preview_with_overlay_no_original_image PASSED [ 37%]
tests/test_grid_preview_generator.py::TestGridPreviewGenerator::test_create_grid_preview_with_overlay_with_colorization PASSED [ 37%]
tests/test_grid_preview_generator.py::TestGridPreviewGenerator::test_create_grid_preview_with_overlay_with_selected_tiles PASSED [ 37%]
tests/test_grid_preview_generator.py::TestGridPreviewGenerator::test_create_arranged_image_with_spacing_empty PASSED [ 37%]
tests/test_grid_preview_generator.py::TestGridPreviewGenerator::test_create_arranged_image_with_spacing_no_spacing PASSED [ 37%]
tests/test_grid_preview_generator.py::TestGridPreviewGenerator::test_create_arranged_image_with_spacing_with_spacing PASSED [ 37%]
tests/test_grid_preview_generator.py::TestGridPreviewGenerator::test_create_arranged_image_with_spacing_multiple_rows PASSED [ 37%]
tests/test_grid_preview_generator.py::TestGridPreviewGenerator::test_create_arranged_image_with_spacing_with_colorizer PASSED [ 37%]
tests/test_grid_preview_generator.py::TestGridPreviewGenerator::test_draw_grid PASSED [ 37%]
tests/test_grid_preview_generator.py::TestGridPreviewGenerator::test_highlight_tile PASSED [ 37%]
tests/test_grid_preview_generator.py::TestGridPreviewGenerator::test_export_grid_arrangement PASSED [ 37%]
tests/test_grid_preview_generator.py::TestGridPreviewGenerator::test_export_grid_arrangement_default_type PASSED [ 37%]
tests/test_grid_preview_generator.py::TestGridPreviewGenerator::test_create_arrangement_preview_data PASSED [ 37%]
tests/test_grid_preview_generator.py::TestGridPreviewGenerator::test_create_arrangement_preview_data_no_groups PASSED [ 37%]
tests/test_grid_preview_generator.py::TestGridPreviewGenerator::test_group_colors_cycling PASSED [ 38%]
tests/test_grid_preview_generator.py::TestGridPreviewGenerator::test_inheritance_methods_available PASSED [ 38%]
tests/test_grid_preview_generator.py::TestGridPreviewGenerator::test_edge_case_large_grid PASSED [ 38%]
tests/test_grid_preview_generator.py::TestGridPreviewGenerator::test_edge_case_zero_tile_dimensions PASSED [ 38%]
tests/test_hal_compression.py::TestHALProcessPoolSimplification::test_pool_shutdown_completes_within_timeout PASSED [ 38%]
tests/test_hal_compression.py::TestHALProcessPoolSimplification::test_no_zombie_processes_remain PASSED [ 38%]
tests/test_hal_compression.py::TestHALProcessPoolSimplification::test_force_reset_functionality PASSED [ 38%]
tests/test_hal_compression.py::TestHALProcessPoolSimplification::test_stuck_processes_are_force_killed PASSED [ 38%]
tests/test_hal_compression.py::TestHALProcessPoolSimplification::test_manager_shutdown_handles_errors_gracefully PASSED [ 38%]
tests/test_hal_compression.py::TestHALProcessPoolSimplification::test_force_reset_immediate_termination PASSED [ 38%]
tests/test_hal_compression.py::TestHALProcessPoolSimplification::test_concurrent_shutdown_calls_are_safe PASSED [ 38%]
tests/test_hal_compression.py::TestHALProcessPoolSimplification::test_pool_prevents_operations_after_shutdown PASSED [ 38%]
tests/test_hal_compression.py::TestHALWorkerProcessErrorHandling::test_worker_handles_broken_pipe_gracefully PASSED [ 38%]
tests/test_hal_compression.py::TestHALWorkerProcessErrorHandling::test_worker_handles_connection_reset_gracefully PASSED [ 38%]
tests/test_hal_compression.py::TestHALWorkerProcessErrorHandling::test_worker_handles_eof_error_gracefully PASSED [ 38%]
tests/test_hal_compression.py::TestHALWorkerProcessErrorHandling::test_worker_responds_to_shutdown_signal PASSED [ 38%]
tests/test_hal_compression.py::TestHALProcessPoolIntegration::test_singleton_pattern_works_correctly PASSED [ 38%]
tests/test_hal_compression.py::TestHALProcessPoolIntegration::test_singleton_reset_allows_new_instance PASSED [ 39%]
tests/test_hal_compression.py::TestHALProcessPoolIntegration::test_pool_initialization_failure_cleanup PASSED [ 39%]
tests/test_hal_compression.py::TestHALProcessPoolIntegration::test_pool_graceful_degradation_to_subprocess PASSED [ 39%]
tests/test_hal_compression.py::TestHALProcessPoolIntegration::test_destructor_cleanup_safety PASSED [ 39%]
tests/test_hal_compression.py::TestHALProcessPoolIntegration::test_cleanup_hooks_registration PASSED [ 39%]
tests/test_hal_compression.py::TestHALProcessPoolIntegration::test_qt_cleanup_integration PASSED [ 39%]
tests/test_hal_compression.py::TestHALProcessPoolIntegration::test_process_refs_cleanup PASSED [ 39%]
tests/test_hal_compression.py::TestHALProcessPoolPerformance::test_shutdown_performance_benchmark PASSED [ 39%]
tests/test_hal_compression.py::TestHALProcessPoolPerformance::test_force_reset_performance PASSED [ 39%]
tests/test_hal_compression.py::TestHALProcessPoolPerformance::test_parallel_operations_after_reset PASSED [ 39%]
tests/test_hal_compression_detection.py::TestHALToolDetection::test_absolute_path_resolution PASSED [ 39%]
tests/test_hal_compression_detection.py::TestHALToolDetection::test_detection_from_home_directory PASSED [ 39%]
tests/test_hal_compression_detection.py::TestHALToolDetection::test_detection_from_parent_directory PASSED [ 39%]
tests/test_hal_compression_detection.py::TestHALToolDetection::test_detection_from_spritepal_directory PASSED [ 39%]
tests/test_hal_compression_detection.py::TestHALToolDetection::test_detection_from_temp_directory PASSED [ 39%]
tests/test_hal_compression_detection.py::TestHALToolDetection::test_multiple_initialization_consistency PASSED [ 39%]
tests/test_hal_compression_detection.py::TestHALToolDetection::test_provided_path_override PASSED [ 40%]
tests/test_hal_compression_detection.py::TestHALToolDetection::test_spritepal_directory_calculation PASSED [ 40%]
tests/test_hal_compression_detection.py::TestHALToolDetection::test_tools_are_executable PASSED [ 40%]
tests/test_hal_compression_detection.py::TestHALToolDetection::test_tools_functionality PASSED [ 40%]
tests/test_hal_compression_detection.py::TestHALToolDetectionRegression::test_intermittent_failure_scenario PASSED [ 40%]
tests/test_hal_compression_detection.py::TestHALToolDetectionRegression::test_manager_initialization_robustness PASSED [ 40%]
tests/test_hal_compression_detection.py::TestHALToolDetectionRegression::test_no_relative_path_dependency PASSED [ 40%]
tests/test_hal_mock_verification.py::test_hal_is_mocked SKIPPED (Real
HAL tools available - mock test not applicable)                          [ 40%]
tests/test_hal_mock_verification.py::test_hal_is_real_with_marker PASSED [ 40%]
tests/test_hal_mock_verification.py::test_mock_hal_performance SKIPPED   [ 40%]
tests/test_hal_mocking_performance.py::TestHALMockingPerformance::test_mock_deterministic_behavior PASSED [ 40%]
tests/test_hal_mocking_performance.py::TestHALMockingPerformance::test_mock_error_simulation PASSED [ 40%]
tests/test_hal_mocking_performance.py::TestHALMockingPerformance::test_mock_statistics_tracking PASSED [ 40%]
tests/test_hal_mocking_performance.py::TestHALMockingPerformance::test_real_vs_mock_performance_comparison FAILED [ 40%]
tests/test_hal_mocking_performance.py::TestHALCompressorMocking::test_mock_compressor_interface_compatibility PASSED [ 40%]
tests/test_hal_mocking_performance.py::TestHALCompressorMocking::test_mock_compressor_decompression PASSED [ 40%]
tests/test_hal_mocking_performance.py::TestHALCompressorMocking::test_mock_compressor_compression PASSED [ 41%]
tests/test_hal_mocking_performance.py::TestHALCompressorMocking::test_mock_compressor_batch_operations PASSED [ 41%]
tests/test_hal_mocking_performance.py::TestHALCompressorMocking::test_mock_compressor_statistics PASSED [ 41%]
tests/test_hal_mocking_performance.py::TestAutoMocking::test_real_hal_marker_overrides_mocking PASSED [ 41%]
tests/test_hal_mocking_performance.py::TestAutoMocking::test_fixture_provides_correct_implementation PASSED [ 41%]
tests/test_image_utils.py::TestCreateCheckerboardPattern::test_default_checkerboard PASSED [ 41%]
tests/test_image_utils.py::TestCreateCheckerboardPattern::test_custom_colors PASSED [ 41%]
tests/test_image_utils.py::TestCreateCheckerboardPattern::test_custom_tile_size PASSED [ 41%]
tests/test_image_utils.py::TestCreateCheckerboardPattern::test_non_divisible_dimensions PASSED [ 41%]
tests/test_image_utils.py::TestCreateCheckerboardPattern::test_single_tile_size PASSED [ 41%]
tests/test_image_utils.py::TestCreateCheckerboardPattern::test_large_tile_size PASSED [ 41%]
tests/test_image_utils.py::TestCreateCheckerboardPattern::test_rectangular_image PASSED [ 41%]
[...]
SKIPPED [1] tests/test_ui_qt_safety.py:349: Test requires real display (not offscreen mode)
SKIPPED [1] tests/test_ui_qt_safety.py:384: Test requires real display (not offscreen mode)
SKIPPED [1] tests/test_ui_qt_safety.py:411: Test requires real display (not offscreen mode)
SKIPPED [1] tests/test_ui_qt_safety.py:432: Test requires real display (not offscreen mode)
SKIPPED [1] tests/test_worker_base.py:39: Test requires real display (not offscreen mode)
SKIPPED [1] tests/test_worker_base.py:53: Test requires real display (not offscreen mode)
SKIPPED [1] tests/test_worker_base.py:71: Test requires real display (not offscreen mode)
SKIPPED [1] tests/test_worker_base.py:94: Test requires real display (not offscreen mode)
SKIPPED [1] tests/test_worker_base.py:119: Test requires real display (not offscreen mode)
SKIPPED [1] tests/test_worker_base.py:143: Test requires real display (not offscreen mode)
SKIPPED [1] tests/test_worker_base.py:159: Test requires real display (not offscreen mode)
SKIPPED [1] tests/test_worker_base.py:191: Test requires real display (not offscreen mode)
SKIPPED [1] tests/test_worker_base.py:206: Test requires real display (not offscreen mode)
SKIPPED [1] tests/test_worker_base.py:239: Test requires real display (not offscreen mode)
SKIPPED [1] tests/test_worker_base.py:276: Test requires real display (not offscreen mode)
SKIPPED [1] tests/test_worker_base.py:306: Test requires real display (not offscreen mode)
SKIPPED [1] tests/test_worker_base.py:333: Test requires real display (not offscreen mode)
SKIPPED [1] tests/test_worker_extraction.py:33: Test requires real display (not offscreen mode)
SKIPPED [1] tests/test_worker_extraction.py:51: Test requires real display (not offscreen mode)
SKIPPED [1] tests/test_worker_extraction.py:87: Test requires real display (not offscreen mode)
SKIPPED [1] tests/test_worker_extraction.py:136: Test requires real display (not offscreen mode)
SKIPPED [1] tests/test_worker_extraction.py:177: Test requires real display (not offscreen mode)
SKIPPED [1] tests/test_worker_extraction.py:207: Test requires real display (not offscreen mode)
SKIPPED [1] tests/test_worker_extraction.py:268: Test requires real display (not offscreen mode)
SKIPPED [1] tests/test_worker_extraction.py:288: Test requires real display (not offscreen mode)
SKIPPED [1] tests/test_worker_extraction.py:317: Test requires real display (not offscreen mode)
SKIPPED [1] tests/test_worker_extraction.py:357: Test requires real display (not offscreen mode)
SKIPPED [1] tests/test_worker_extraction.py:389: Test requires real display (not offscreen mode)
SKIPPED [1] tests/test_worker_extraction_refactored.py:80: Test requires real display (not offscreen mode)
SKIPPED [1] tests/test_worker_extraction_refactored.py:97: Test requires real display (not offscreen mode)
SKIPPED [1] tests/test_worker_extraction_refactored.py:129: Test requires real display (not offscreen mode)
SKIPPED [1] tests/test_worker_extraction_refactored.py:167: Test requires real display (not offscreen mode)
SKIPPED [1] tests/test_worker_extraction_refactored.py:215: Test requires real display (not offscreen mode)
SKIPPED [1] tests/test_worker_extraction_refactored.py:245: Test requires real display (not offscreen mode)
SKIPPED [1] tests/test_worker_extraction_refactored.py:262: Test requires real display (not offscreen mode)
SKIPPED [1] tests/test_worker_extraction_refactored.py:324: Test requires real display (not offscreen mode)
SKIPPED [1] tests/test_worker_extraction_refactored.py:342: Test requires real display (not offscreen mode)
SKIPPED [1] tests/test_worker_extraction_refactored.py:372: Test requires real display (not offscreen mode)
SKIPPED [1] tests/test_worker_extraction_refactored.py:410: Test requires real display (not offscreen mode)
SKIPPED [1] tests/test_worker_extraction_refactored.py:438: Test requires real display (not offscreen mode)
SKIPPED [1] tests/test_worker_owned_injection.py:88: Test requires real display (not offscreen mode)
SKIPPED [1] tests/test_worker_owned_injection.py:125: Test requires real display (not offscreen mode)
SKIPPED [1] tests/test_worker_owned_injection.py:194: Test requires real display (not offscreen mode)
SKIPPED [1] tests/test_worker_owned_injection.py:246: Test requires real display (not offscreen mode)
SKIPPED [1] tests/test_worker_owned_injection.py:297: Test requires real display (not offscreen mode)
ERROR tests/test_division_by_zero_comprehensive.py::TestDivisionByZeroFixes::test_progress_calculations_boundary_conditions - Failed: Test 'test_progress_calculations_boundary_conditions' leaked 1 thread(s):
  - Thread-485 (ident=140633515751104)
    Stack trace:
      File "/home/gabrielh/.local/share/uv/python/cpython-3.13.3-linux-x86_64-gnu/lib/python3.13/threading.py", line 1012, in _bootstrap
          self._bootstrap_inner()
      File "/home/gabrielh/.local/share/uv/python/cpython-3.13.3-linux-x86_64-gnu/lib/python3.13/threading.py", line 1041, in _bootstrap_inner
          self.run()
      File "/home/gabrielh/.local/share/uv/python/cpython-3.13.3-linux-x86_64-gnu/lib/python3.13/threading.py", line 1340, in run
          self.finished.wait(self.interval)
      File "/home/gabrielh/.local/share/uv/python/cpython-3.13.3-linux-x86_64-gnu/lib/python3.13/threading.py", line 659, in wait
          signaled = self._cond.wait(timeout)
      File "/home/gabrielh/.local/share/uv/python/cpython-3.13.3-linux-x86_64-gnu/lib/python3.13/threading.py", line 363, in wait
          gotit = waiter.acquire(True, timeout)

Fix: Ensure all workers are properly stopped and joined.
Use @pytest.mark.skip_thread_cleanup(reason='...') to opt out if truly needed.
ERROR tests/test_monitoring_system.py::TestMonitoringDashboard::test_dashboard_initialization - Failed: Test 'test_dashboard_initialization' initialized ManagerRegistry without a manager fixture.
Fix: Use isolated_managers fixture, or add @pytest.mark.allows_registry_state if intentional.
ERROR tests/test_monitoring_system.py::TestMonitoringDashboard::test_dashboard_update - Failed: Test 'test_dashboard_update' initialized ManagerRegistry without a manager fixture.
Fix: Use isolated_managers fixture, or add @pytest.mark.allows_registry_state if intentional.
ERROR tests/test_rom_scanning_comprehensive.py::TestROMScanning::test_scan_for_sprites_basic_functionality - Failed: Test 'test_scan_for_sprites_basic_functionality': isolated_managers fixture cannot be used when session_managers is active. Either:
  1. Remove isolated_managers and use session_managers instead, or
  2. Add @pytest.mark.no_manager_setup to skip session_managers for this test
ERROR tests/test_rom_scanning_comprehensive.py::TestROMScanning::test_scan_for_sprites_end_offset_exceeds_rom - Failed: Test 'test_scan_for_sprites_end_offset_exceeds_rom': isolated_managers fixture cannot be used when session_managers is active. Either:
  1. Remove isolated_managers and use session_managers instead, or
  2. Add @pytest.mark.no_manager_setup to skip session_managers for this test
ERROR tests/test_rom_scanning_comprehensive.py::TestROMScanning::test_scan_for_sprites_quality_filtering - Failed: Test 'test_scan_for_sprites_quality_filtering': isolated_managers fixture cannot be used when session_managers is active. Either:
  1. Remove isolated_managers and use session_managers instead, or
  2. Add @pytest.mark.no_manager_setup to skip session_managers for this test
ERROR tests/test_rom_scanning_comprehensive.py::TestROMScanning::test_scan_for_sprites_alignment_validation - Failed: Test 'test_scan_for_sprites_alignment_validation': isolated_managers fixture cannot be used when session_managers is active. Either:
  1. Remove isolated_managers and use session_managers instead, or
  2. Add @pytest.mark.no_manager_setup to skip session_managers for this test
ERROR tests/test_rom_scanning_comprehensive.py::TestROMScanning::test_scan_for_sprites_large_range_completion - Failed: Test 'test_scan_for_sprites_large_range_completion': isolated_managers fixture cannot be used when session_managers is active. Either:
  1. Remove isolated_managers and use session_managers instead, or
  2. Add @pytest.mark.no_manager_setup to skip session_managers for this test
ERROR tests/test_rom_scanning_comprehensive.py::TestROMScanning::test_scan_for_sprites_exception_handling - Failed: Test 'test_scan_for_sprites_exception_handling': isolated_managers fixture cannot be used when session_managers is active. Either:
  1. Remove isolated_managers and use session_managers instead, or
  2. Add @pytest.mark.no_manager_setup to skip session_managers for this test
ERROR tests/test_rom_scanning_comprehensive.py::TestROMScanning::test_scan_for_sprites_empty_results - Failed: Test 'test_scan_for_sprites_empty_results': isolated_managers fixture cannot be used when session_managers is active. Either:
  1. Remove isolated_managers and use session_managers instead, or
  2. Add @pytest.mark.no_manager_setup to skip session_managers for this test
ERROR tests/test_rom_scanning_comprehensive.py::TestROMSpriteQualityAssessment::test_assess_sprite_quality_perfect_sprite - Failed: Test 'test_assess_sprite_quality_perfect_sprite': isolated_managers fixture cannot be used when session_managers is active. Either:
  1. Remove isolated_managers and use session_managers instead, or
  2. Add @pytest.mark.no_manager_setup to skip session_managers for this test
ERROR tests/test_rom_scanning_comprehensive.py::TestROMSpriteQualityAssessment::test_assess_sprite_quality_empty_data - Failed: Test 'test_assess_sprite_quality_empty_data': isolated_managers fixture cannot be used when session_managers is active. Either:
  1. Remove isolated_managers and use session_managers instead, or
  2. Add @pytest.mark.no_manager_setup to skip session_managers for this test
ERROR tests/test_rom_scanning_comprehensive.py::TestROMSpriteQualityAssessment::test_assess_sprite_quality_random_data - Failed: Test 'test_assess_sprite_quality_random_data': isolated_managers fixture cannot be used when session_managers is active. Either:
  1. Remove isolated_managers and use session_managers instead, or
  2. Add @pytest.mark.no_manager_setup to skip session_managers for this test
ERROR tests/test_rom_scanning_comprehensive.py::TestROMSpriteQualityAssessment::test_assess_sprite_quality_small_data - Failed: Test 'test_assess_sprite_quality_small_data': isolated_managers fixture cannot be used when session_managers is active. Either:
  1. Remove isolated_managers and use session_managers instead, or
  2. Add @pytest.mark.no_manager_setup to skip session_managers for this test
ERROR tests/test_rom_scanning_comprehensive.py::TestROMSpriteQualityAssessment::test_assess_sprite_quality_with_embedded_check - Failed: Test 'test_assess_sprite_quality_with_embedded_check': isolated_managers fixture cannot be used when session_managers is active. Either:
  1. Remove isolated_managers and use session_managers instead, or
  2. Add @pytest.mark.no_manager_setup to skip session_managers for this test
ERROR tests/test_rom_scanning_comprehensive.py::TestROMExtractorAdvancedFeatures::test_get_known_sprite_locations_with_kirby_rom - Failed: Test 'test_get_known_sprite_locations_with_kirby_rom': isolated_managers fixture cannot be used when session_managers is active. Either:
  1. Remove isolated_managers and use session_managers instead, or
  2. Add @pytest.mark.no_manager_setup to skip session_managers for this test
ERROR tests/test_rom_scanning_comprehensive.py::TestROMExtractorAdvancedFeatures::test_get_known_sprite_locations_unknown_rom - Failed: Test 'test_get_known_sprite_locations_unknown_rom': isolated_managers fixture cannot be used when session_managers is active. Either:
  1. Remove isolated_managers and use session_managers instead, or
  2. Add @pytest.mark.no_manager_setup to skip session_managers for this test
ERROR tests/test_rom_scanning_comprehensive.py::TestROMExtractorAdvancedFeatures::test_get_known_sprite_locations_file_error - Failed: Test 'test_get_known_sprite_locations_file_error': isolated_managers fixture cannot be used when session_managers is active. Either:
  1. Remove isolated_managers and use session_managers instead, or
  2. Add @pytest.mark.no_manager_setup to skip session_managers for this test
ERROR tests/test_session_fixtures_examples.py::TestIsolatedManagerExamples::test_manager_state_modification - Failed: Test 'test_manager_state_modification': isolated_managers fixture cannot be used when session_managers is active. Either:
  1. Remove isolated_managers and use session_managers instead, or
  2. Add @pytest.mark.no_manager_setup to skip session_managers for this test
ERROR tests/test_session_fixtures_examples.py::TestIsolatedManagerExamples::test_manager_cache_modification - Failed: Test 'test_manager_cache_modification': isolated_managers fixture cannot be used when session_managers is active. Either:
  1. Remove isolated_managers and use session_managers instead, or
  2. Add @pytest.mark.no_manager_setup to skip session_managers for this test
ERROR tests/test_session_fixtures_examples.py::TestIsolatedManagerExamples::test_error_state_recovery - Failed: Test 'test_error_state_recovery': isolated_managers fixture cannot be used when session_managers is active. Either:
  1. Remove isolated_managers and use session_managers instead, or
  2. Add @pytest.mark.no_manager_setup to skip session_managers for this test
ERROR tests/test_session_fixtures_examples.py::TestMixedPatterns::test_isolated_check - Failed: Test 'test_isolated_check': isolated_managers fixture cannot be used when session_managers is active. Either:
  1. Remove isolated_managers and use session_managers instead, or
  2. Add @pytest.mark.no_manager_setup to skip session_managers for this test
ERROR tests/test_settings_integration.py::TestSettingsIntegration::test_settings_persistence_across_sessions - Failed: Test 'test_settings_persistence_across_sessions': isolated_managers fixture cannot be used when session_managers is active. Either:
  1. Remove isolated_managers and use session_managers instead, or
  2. Add @pytest.mark.no_manager_setup to skip session_managers for this test
ERROR tests/test_settings_integration.py::TestSettingsIntegration::test_controller_settings_integration - Failed: Test 'test_controller_settings_integration': isolated_managers fixture cannot be used when session_managers is active. Either:
  1. Remove isolated_managers and use session_managers instead, or
  2. Add @pytest.mark.no_manager_setup to skip session_managers for this test
ERROR tests/test_settings_integration.py::TestSettingsIntegration::test_window_geometry_persistence - Failed: Test 'test_window_geometry_persistence': isolated_managers fixture cannot be used when session_managers is active. Either:
  1. Remove isolated_managers and use session_managers instead, or
  2. Add @pytest.mark.no_manager_setup to skip session_managers for this test
ERROR tests/test_settings_integration.py::TestSettingsIntegration::test_recent_files_management - Failed: Test 'test_recent_files_management': isolated_managers fixture cannot be used when session_managers is active. Either:
  1. Remove isolated_managers and use session_managers instead, or
  2. Add @pytest.mark.no_manager_setup to skip session_managers for this test
ERROR tests/test_settings_integration.py::TestSettingsIntegration::test_extraction_preferences_persistence - Failed: Test 'test_extraction_preferences_persistence': isolated_managers fixture cannot be used when session_managers is active. Either:
  1. Remove isolated_managers and use session_managers instead, or
  2. Add @pytest.mark.no_manager_setup to skip session_managers for this test
ERROR tests/test_settings_integration.py::TestSettingsIntegration::test_color_scheme_persistence - Failed: Test 'test_color_scheme_persistence': isolated_managers fixture cannot be used when session_managers is active. Either:
  1. Remove isolated_managers and use session_managers instead, or
  2. Add @pytest.mark.no_manager_setup to skip session_managers for this test
ERROR tests/test_settings_integration.py::TestSettingsIntegration::test_settings_migration - Failed: Test 'test_settings_migration': isolated_managers fixture cannot be used when session_managers is active. Either:
  1. Remove isolated_managers and use session_managers instead, or
  2. Add @pytest.mark.no_manager_setup to skip session_managers for this test
ERROR tests/test_settings_integration.py::TestSettingsIntegration::test_concurrent_settings_access - Failed: Test 'test_concurrent_settings_access': isolated_managers fixture cannot be used when session_managers is active. Either:
  1. Remove isolated_managers and use session_managers instead, or
  2. Add @pytest.mark.no_manager_setup to skip session_managers for this test
ERROR tests/test_settings_integration.py::TestSettingsIntegration::test_settings_corruption_recovery - Failed: Test 'test_settings_corruption_recovery': isolated_managers fixture cannot be used when session_managers is active. Either:
  1. Remove isolated_managers and use session_managers instead, or
  2. Add @pytest.mark.no_manager_setup to skip session_managers for this test
ERROR tests/test_settings_integration.py::TestSettingsIntegration::test_settings_permission_handling - Failed: Test 'test_settings_permission_handling': isolated_managers fixture cannot be used when session_managers is active. Either:
  1. Remove isolated_managers and use session_managers instead, or
  2. Add @pytest.mark.no_manager_setup to skip session_managers for this test
ERROR tests/test_settings_integration.py::TestSettingsIntegration::test_export_import_settings - Failed: Test 'test_export_import_settings': isolated_managers fixture cannot be used when session_managers is active. Either:
  1. Remove isolated_managers and use session_managers instead, or
  2. Add @pytest.mark.no_manager_setup to skip session_managers for this test
ERROR tests/test_settings_manager.py::TestGlobalSettingsInstance::test_get_settings_manager_singleton - Failed: Test 'test_get_settings_manager_singleton': isolated_managers fixture cannot be used when session_managers is active. Either:
  1. Remove isolated_managers and use session_managers instead, or
  2. Add @pytest.mark.no_manager_setup to skip session_managers for this test
ERROR tests/test_settings_manager.py::TestGlobalSettingsInstance::test_get_settings_manager_preserves_state - Failed: Test 'test_get_settings_manager_preserves_state': isolated_managers fixture cannot be used when session_managers is active. Either:
  1. Remove isolated_managers and use session_managers instead, or
  2. Add @pytest.mark.no_manager_setup to skip session_managers for this test
ERROR tests/ui_tests/components/base/composed/test_composed_dialog_essential.py::TestComposedDialogEssentialIntegration::test_selective_component_creation_scenarios - Failed: TEARDOWN ERROR: Exceptions caught in Qt event loop:
________________________________________________________________________________
RuntimeError: Signal source has been deleted
________________________________________________________________________________
RuntimeError: Signal source has been deleted
________________________________________________________________________________
RuntimeError: Signal source has been deleted
________________________________________________________________________________
FAILED tests/test_hal_mocking_performance.py::TestHALMockingPerformance::test_real_vs_mock_performance_comparison - assert 0.23872015842738378 > 10
FAILED tests/test_rom_cache.py::TestROMCacheSingleton::test_singleton_preserves_state - assert None is not None
FAILED tests/test_rom_cache.py::TestROMCacheIntegration::test_rom_file_widget_cache_check - assert False is True
FAILED tests/test_rom_cache.py::TestROMCacheIntegration::test_scan_worker_cache_resume - assert None is not None
= 4 failed, 1372 passed, 215 skipped, 371 deselected, 36 errors in 149.84s (0:02:29) =
